<?xml version="1.0" encoding="UTF-8" ?>
<testsuites name="vitest" tests="58" failures="58" errors="0" time="0">
    <testsuite name="src/__tests__/accessibility.test.jsx" timestamp="2025-09-10T18:06:01.374Z" hostname="dani" tests="1" failures="1" errors="0" skipped="0" time="0">
        <testcase classname="src/__tests__/accessibility.test.jsx" name="src/__tests__/accessibility.test.jsx" time="0">
            <failure message="Transform failed with 1 error:
C:/Users/Administrator/Documents/Lovenda/lovenda13123123 - copia/backend/vitest.setup.js:145:14: ERROR: The JSX syntax extension is not currently enabled" type="Error">
Error: Transform failed with 1 error:
C:/Users/Administrator/Documents/Lovenda/lovenda13123123 - copia/backend/vitest.setup.js:145:14: ERROR: The JSX syntax extension is not currently enabled
  Plugin: vite:client-inject
  File: C:/Users/Administrator/Documents/Lovenda/lovenda13123123 - copia/backend/vitest.setup.js
 ❯ failureErrorWithLog node_modules/esbuild/lib/main.js:1467:15
 ❯ node_modules/esbuild/lib/main.js:736:50
 ❯ responseCallbacks.&lt;computed&gt; node_modules/esbuild/lib/main.js:603:9
 ❯ handleIncomingPacket node_modules/esbuild/lib/main.js:658:12
 ❯ Socket.readFromStdout node_modules/esbuild/lib/main.js:581:7
            </failure>
        </testcase>
    </testsuite>
    <testsuite name="src/__tests__/AutomationRulesService.test.js" timestamp="2025-09-10T18:06:01.391Z" hostname="dani" tests="1" failures="1" errors="0" skipped="0" time="0">
        <testcase classname="src/__tests__/AutomationRulesService.test.js" name="src/__tests__/AutomationRulesService.test.js" time="0">
            <failure message="Transform failed with 1 error:
C:/Users/Administrator/Documents/Lovenda/lovenda13123123 - copia/backend/vitest.setup.js:145:14: ERROR: The JSX syntax extension is not currently enabled" type="Error">
Error: Transform failed with 1 error:
C:/Users/Administrator/Documents/Lovenda/lovenda13123123 - copia/backend/vitest.setup.js:145:14: ERROR: The JSX syntax extension is not currently enabled
  Plugin: vite:client-inject
  File: C:/Users/Administrator/Documents/Lovenda/lovenda13123123 - copia/backend/vitest.setup.js
 ❯ failureErrorWithLog node_modules/esbuild/lib/main.js:1467:15
 ❯ node_modules/esbuild/lib/main.js:736:50
 ❯ responseCallbacks.&lt;computed&gt; node_modules/esbuild/lib/main.js:603:9
 ❯ handleIncomingPacket node_modules/esbuild/lib/main.js:658:12
 ❯ Socket.readFromStdout node_modules/esbuild/lib/main.js:581:7
            </failure>
        </testcase>
    </testsuite>
    <testsuite name="src/__tests__/budgetEmailService.test.js" timestamp="2025-09-10T18:06:01.395Z" hostname="dani" tests="1" failures="1" errors="0" skipped="0" time="0">
        <testcase classname="src/__tests__/budgetEmailService.test.js" name="src/__tests__/budgetEmailService.test.js" time="0">
            <failure message="Transform failed with 1 error:
C:/Users/Administrator/Documents/Lovenda/lovenda13123123 - copia/backend/vitest.setup.js:145:14: ERROR: The JSX syntax extension is not currently enabled" type="Error">
Error: Transform failed with 1 error:
C:/Users/Administrator/Documents/Lovenda/lovenda13123123 - copia/backend/vitest.setup.js:145:14: ERROR: The JSX syntax extension is not currently enabled
  Plugin: vite:client-inject
  File: C:/Users/Administrator/Documents/Lovenda/lovenda13123123 - copia/backend/vitest.setup.js
 ❯ failureErrorWithLog node_modules/esbuild/lib/main.js:1467:15
 ❯ node_modules/esbuild/lib/main.js:736:50
 ❯ responseCallbacks.&lt;computed&gt; node_modules/esbuild/lib/main.js:603:9
 ❯ handleIncomingPacket node_modules/esbuild/lib/main.js:658:12
 ❯ Socket.readFromStdout node_modules/esbuild/lib/main.js:581:7
            </failure>
        </testcase>
    </testsuite>
    <testsuite name="src/__tests__/EmailTrackingService.test.js" timestamp="2025-09-10T18:06:01.398Z" hostname="dani" tests="1" failures="1" errors="0" skipped="0" time="0">
        <testcase classname="src/__tests__/EmailTrackingService.test.js" name="src/__tests__/EmailTrackingService.test.js" time="0">
            <failure message="Transform failed with 1 error:
C:/Users/Administrator/Documents/Lovenda/lovenda13123123 - copia/backend/vitest.setup.js:145:14: ERROR: The JSX syntax extension is not currently enabled" type="Error">
Error: Transform failed with 1 error:
C:/Users/Administrator/Documents/Lovenda/lovenda13123123 - copia/backend/vitest.setup.js:145:14: ERROR: The JSX syntax extension is not currently enabled
  Plugin: vite:client-inject
  File: C:/Users/Administrator/Documents/Lovenda/lovenda13123123 - copia/backend/vitest.setup.js
 ❯ failureErrorWithLog node_modules/esbuild/lib/main.js:1467:15
 ❯ node_modules/esbuild/lib/main.js:736:50
 ❯ responseCallbacks.&lt;computed&gt; node_modules/esbuild/lib/main.js:603:9
 ❯ handleIncomingPacket node_modules/esbuild/lib/main.js:658:12
 ❯ Socket.readFromStdout node_modules/esbuild/lib/main.js:581:7
            </failure>
        </testcase>
    </testsuite>
    <testsuite name="src/__tests__/firestore.rules.collections.test.js" timestamp="2025-09-10T18:06:01.401Z" hostname="dani" tests="1" failures="1" errors="0" skipped="0" time="0">
        <testcase classname="src/__tests__/firestore.rules.collections.test.js" name="src/__tests__/firestore.rules.collections.test.js" time="0">
            <failure message="Transform failed with 1 error:
C:/Users/Administrator/Documents/Lovenda/lovenda13123123 - copia/backend/vitest.setup.js:145:14: ERROR: The JSX syntax extension is not currently enabled" type="Error">
Error: Transform failed with 1 error:
C:/Users/Administrator/Documents/Lovenda/lovenda13123123 - copia/backend/vitest.setup.js:145:14: ERROR: The JSX syntax extension is not currently enabled
  Plugin: vite:define
  File: C:/Users/Administrator/Documents/Lovenda/lovenda13123123 - copia/backend/vitest.setup.js
 ❯ failureErrorWithLog node_modules/esbuild/lib/main.js:1467:15
 ❯ node_modules/esbuild/lib/main.js:736:50
 ❯ responseCallbacks.&lt;computed&gt; node_modules/esbuild/lib/main.js:603:9
 ❯ handleIncomingPacket node_modules/esbuild/lib/main.js:658:12
 ❯ Socket.readFromStdout node_modules/esbuild/lib/main.js:581:7
            </failure>
        </testcase>
    </testsuite>
    <testsuite name="src/__tests__/firestore.rules.exhaustive.test.js" timestamp="2025-09-10T18:06:01.406Z" hostname="dani" tests="1" failures="1" errors="0" skipped="0" time="0">
        <testcase classname="src/__tests__/firestore.rules.exhaustive.test.js" name="src/__tests__/firestore.rules.exhaustive.test.js" time="0">
            <failure message="Transform failed with 1 error:
C:/Users/Administrator/Documents/Lovenda/lovenda13123123 - copia/backend/vitest.setup.js:145:14: ERROR: The JSX syntax extension is not currently enabled" type="Error">
Error: Transform failed with 1 error:
C:/Users/Administrator/Documents/Lovenda/lovenda13123123 - copia/backend/vitest.setup.js:145:14: ERROR: The JSX syntax extension is not currently enabled
  Plugin: vite:define
  File: C:/Users/Administrator/Documents/Lovenda/lovenda13123123 - copia/backend/vitest.setup.js
 ❯ failureErrorWithLog node_modules/esbuild/lib/main.js:1467:15
 ❯ node_modules/esbuild/lib/main.js:736:50
 ❯ responseCallbacks.&lt;computed&gt; node_modules/esbuild/lib/main.js:603:9
 ❯ handleIncomingPacket node_modules/esbuild/lib/main.js:658:12
 ❯ Socket.readFromStdout node_modules/esbuild/lib/main.js:581:7
            </failure>
        </testcase>
    </testsuite>
    <testsuite name="src/__tests__/firestore.rules.extended.test.js" timestamp="2025-09-10T18:06:01.410Z" hostname="dani" tests="1" failures="1" errors="0" skipped="0" time="0">
        <testcase classname="src/__tests__/firestore.rules.extended.test.js" name="src/__tests__/firestore.rules.extended.test.js" time="0">
            <failure message="Transform failed with 1 error:
C:/Users/Administrator/Documents/Lovenda/lovenda13123123 - copia/backend/vitest.setup.js:145:14: ERROR: The JSX syntax extension is not currently enabled" type="Error">
Error: Transform failed with 1 error:
C:/Users/Administrator/Documents/Lovenda/lovenda13123123 - copia/backend/vitest.setup.js:145:14: ERROR: The JSX syntax extension is not currently enabled
  Plugin: vite:define
  File: C:/Users/Administrator/Documents/Lovenda/lovenda13123123 - copia/backend/vitest.setup.js
 ❯ failureErrorWithLog node_modules/esbuild/lib/main.js:1467:15
 ❯ node_modules/esbuild/lib/main.js:736:50
 ❯ responseCallbacks.&lt;computed&gt; node_modules/esbuild/lib/main.js:603:9
 ❯ handleIncomingPacket node_modules/esbuild/lib/main.js:658:12
 ❯ Socket.readFromStdout node_modules/esbuild/lib/main.js:581:7
            </failure>
        </testcase>
    </testsuite>
    <testsuite name="src/__tests__/firestore.rules.seating.test.js" timestamp="2025-09-10T18:06:01.413Z" hostname="dani" tests="1" failures="1" errors="0" skipped="0" time="0">
        <testcase classname="src/__tests__/firestore.rules.seating.test.js" name="src/__tests__/firestore.rules.seating.test.js" time="0">
            <failure message="Transform failed with 1 error:
C:/Users/Administrator/Documents/Lovenda/lovenda13123123 - copia/backend/vitest.setup.js:145:14: ERROR: The JSX syntax extension is not currently enabled" type="Error">
Error: Transform failed with 1 error:
C:/Users/Administrator/Documents/Lovenda/lovenda13123123 - copia/backend/vitest.setup.js:145:14: ERROR: The JSX syntax extension is not currently enabled
  Plugin: vite:define
  File: C:/Users/Administrator/Documents/Lovenda/lovenda13123123 - copia/backend/vitest.setup.js
 ❯ failureErrorWithLog node_modules/esbuild/lib/main.js:1467:15
 ❯ node_modules/esbuild/lib/main.js:736:50
 ❯ responseCallbacks.&lt;computed&gt; node_modules/esbuild/lib/main.js:603:9
 ❯ handleIncomingPacket node_modules/esbuild/lib/main.js:658:12
 ❯ Socket.readFromStdout node_modules/esbuild/lib/main.js:581:7
            </failure>
        </testcase>
    </testsuite>
    <testsuite name="src/__tests__/firestore.rules.test.js" timestamp="2025-09-10T18:06:01.417Z" hostname="dani" tests="1" failures="1" errors="0" skipped="0" time="0">
        <testcase classname="src/__tests__/firestore.rules.test.js" name="src/__tests__/firestore.rules.test.js" time="0">
            <failure message="Transform failed with 1 error:
C:/Users/Administrator/Documents/Lovenda/lovenda13123123 - copia/backend/vitest.setup.js:145:14: ERROR: The JSX syntax extension is not currently enabled" type="Error">
Error: Transform failed with 1 error:
C:/Users/Administrator/Documents/Lovenda/lovenda13123123 - copia/backend/vitest.setup.js:145:14: ERROR: The JSX syntax extension is not currently enabled
  Plugin: vite:client-inject
  File: C:/Users/Administrator/Documents/Lovenda/lovenda13123123 - copia/backend/vitest.setup.js
 ❯ failureErrorWithLog node_modules/esbuild/lib/main.js:1467:15
 ❯ node_modules/esbuild/lib/main.js:736:50
 ❯ responseCallbacks.&lt;computed&gt; node_modules/esbuild/lib/main.js:603:9
 ❯ handleIncomingPacket node_modules/esbuild/lib/main.js:658:12
 ❯ Socket.readFromStdout node_modules/esbuild/lib/main.js:581:7
            </failure>
        </testcase>
    </testsuite>
    <testsuite name="src/__tests__/GamificationService.test.js" timestamp="2025-09-10T18:06:01.420Z" hostname="dani" tests="1" failures="1" errors="0" skipped="0" time="0">
        <testcase classname="src/__tests__/GamificationService.test.js" name="src/__tests__/GamificationService.test.js" time="0">
            <failure message="Transform failed with 1 error:
C:/Users/Administrator/Documents/Lovenda/lovenda13123123 - copia/backend/vitest.setup.js:145:14: ERROR: The JSX syntax extension is not currently enabled" type="Error">
Error: Transform failed with 1 error:
C:/Users/Administrator/Documents/Lovenda/lovenda13123123 - copia/backend/vitest.setup.js:145:14: ERROR: The JSX syntax extension is not currently enabled
  Plugin: vite:client-inject
  File: C:/Users/Administrator/Documents/Lovenda/lovenda13123123 - copia/backend/vitest.setup.js
 ❯ failureErrorWithLog node_modules/esbuild/lib/main.js:1467:15
 ❯ node_modules/esbuild/lib/main.js:736:50
 ❯ responseCallbacks.&lt;computed&gt; node_modules/esbuild/lib/main.js:603:9
 ❯ handleIncomingPacket node_modules/esbuild/lib/main.js:658:12
 ❯ Socket.readFromStdout node_modules/esbuild/lib/main.js:581:7
            </failure>
        </testcase>
    </testsuite>
    <testsuite name="src/__tests__/GuestItem.test.jsx" timestamp="2025-09-10T18:06:01.424Z" hostname="dani" tests="1" failures="1" errors="0" skipped="0" time="0">
        <testcase classname="src/__tests__/GuestItem.test.jsx" name="src/__tests__/GuestItem.test.jsx" time="0">
            <failure message="Transform failed with 1 error:
C:/Users/Administrator/Documents/Lovenda/lovenda13123123 - copia/backend/vitest.setup.js:145:14: ERROR: The JSX syntax extension is not currently enabled" type="Error">
Error: Transform failed with 1 error:
C:/Users/Administrator/Documents/Lovenda/lovenda13123123 - copia/backend/vitest.setup.js:145:14: ERROR: The JSX syntax extension is not currently enabled
  Plugin: vite:client-inject
  File: C:/Users/Administrator/Documents/Lovenda/lovenda13123123 - copia/backend/vitest.setup.js
 ❯ failureErrorWithLog node_modules/esbuild/lib/main.js:1467:15
 ❯ node_modules/esbuild/lib/main.js:736:50
 ❯ responseCallbacks.&lt;computed&gt; node_modules/esbuild/lib/main.js:603:9
 ❯ handleIncomingPacket node_modules/esbuild/lib/main.js:658:12
 ❯ Socket.readFromStdout node_modules/esbuild/lib/main.js:581:7
            </failure>
        </testcase>
    </testsuite>
    <testsuite name="src/__tests__/LegalDocsService.test.js" timestamp="2025-09-10T18:06:01.427Z" hostname="dani" tests="1" failures="1" errors="0" skipped="0" time="0">
        <testcase classname="src/__tests__/LegalDocsService.test.js" name="src/__tests__/LegalDocsService.test.js" time="0">
            <failure message="Transform failed with 1 error:
C:/Users/Administrator/Documents/Lovenda/lovenda13123123 - copia/backend/vitest.setup.js:145:14: ERROR: The JSX syntax extension is not currently enabled" type="Error">
Error: Transform failed with 1 error:
C:/Users/Administrator/Documents/Lovenda/lovenda13123123 - copia/backend/vitest.setup.js:145:14: ERROR: The JSX syntax extension is not currently enabled
  Plugin: vite:client-inject
  File: C:/Users/Administrator/Documents/Lovenda/lovenda13123123 - copia/backend/vitest.setup.js
 ❯ failureErrorWithLog node_modules/esbuild/lib/main.js:1467:15
 ❯ node_modules/esbuild/lib/main.js:736:50
 ❯ responseCallbacks.&lt;computed&gt; node_modules/esbuild/lib/main.js:603:9
 ❯ handleIncomingPacket node_modules/esbuild/lib/main.js:658:12
 ❯ Socket.readFromStdout node_modules/esbuild/lib/main.js:581:7
            </failure>
        </testcase>
    </testsuite>
    <testsuite name="src/__tests__/ProveedorBudgets.test.jsx" timestamp="2025-09-10T18:06:01.430Z" hostname="dani" tests="1" failures="1" errors="0" skipped="0" time="0">
        <testcase classname="src/__tests__/ProveedorBudgets.test.jsx" name="src/__tests__/ProveedorBudgets.test.jsx" time="0">
            <failure message="Transform failed with 1 error:
C:/Users/Administrator/Documents/Lovenda/lovenda13123123 - copia/backend/vitest.setup.js:145:14: ERROR: The JSX syntax extension is not currently enabled" type="Error">
Error: Transform failed with 1 error:
C:/Users/Administrator/Documents/Lovenda/lovenda13123123 - copia/backend/vitest.setup.js:145:14: ERROR: The JSX syntax extension is not currently enabled
  Plugin: vite:client-inject
  File: C:/Users/Administrator/Documents/Lovenda/lovenda13123123 - copia/backend/vitest.setup.js
 ❯ failureErrorWithLog node_modules/esbuild/lib/main.js:1467:15
 ❯ node_modules/esbuild/lib/main.js:736:50
 ❯ responseCallbacks.&lt;computed&gt; node_modules/esbuild/lib/main.js:603:9
 ❯ handleIncomingPacket node_modules/esbuild/lib/main.js:658:12
 ❯ Socket.readFromStdout node_modules/esbuild/lib/main.js:581:7
            </failure>
        </testcase>
    </testsuite>
    <testsuite name="src/__tests__/SeatingPlanRefactored.test.jsx" timestamp="2025-09-10T18:06:01.433Z" hostname="dani" tests="1" failures="1" errors="0" skipped="0" time="0">
        <testcase classname="src/__tests__/SeatingPlanRefactored.test.jsx" name="src/__tests__/SeatingPlanRefactored.test.jsx" time="0">
            <failure message="Transform failed with 1 error:
C:/Users/Administrator/Documents/Lovenda/lovenda13123123 - copia/backend/vitest.setup.js:145:14: ERROR: The JSX syntax extension is not currently enabled" type="Error">
Error: Transform failed with 1 error:
C:/Users/Administrator/Documents/Lovenda/lovenda13123123 - copia/backend/vitest.setup.js:145:14: ERROR: The JSX syntax extension is not currently enabled
  Plugin: vite:client-inject
  File: C:/Users/Administrator/Documents/Lovenda/lovenda13123123 - copia/backend/vitest.setup.js
 ❯ failureErrorWithLog node_modules/esbuild/lib/main.js:1467:15
 ❯ node_modules/esbuild/lib/main.js:736:50
 ❯ responseCallbacks.&lt;computed&gt; node_modules/esbuild/lib/main.js:603:9
 ❯ handleIncomingPacket node_modules/esbuild/lib/main.js:658:12
 ❯ Socket.readFromStdout node_modules/esbuild/lib/main.js:581:7
            </failure>
        </testcase>
    </testsuite>
    <testsuite name="src/__tests__/SignatureService.test.js" timestamp="2025-09-10T18:06:01.437Z" hostname="dani" tests="1" failures="1" errors="0" skipped="0" time="0">
        <testcase classname="src/__tests__/SignatureService.test.js" name="src/__tests__/SignatureService.test.js" time="0">
            <failure message="Transform failed with 1 error:
C:/Users/Administrator/Documents/Lovenda/lovenda13123123 - copia/backend/vitest.setup.js:145:14: ERROR: The JSX syntax extension is not currently enabled" type="Error">
Error: Transform failed with 1 error:
C:/Users/Administrator/Documents/Lovenda/lovenda13123123 - copia/backend/vitest.setup.js:145:14: ERROR: The JSX syntax extension is not currently enabled
  Plugin: vite:client-inject
  File: C:/Users/Administrator/Documents/Lovenda/lovenda13123123 - copia/backend/vitest.setup.js
 ❯ failureErrorWithLog node_modules/esbuild/lib/main.js:1467:15
 ❯ node_modules/esbuild/lib/main.js:736:50
 ❯ responseCallbacks.&lt;computed&gt; node_modules/esbuild/lib/main.js:603:9
 ❯ handleIncomingPacket node_modules/esbuild/lib/main.js:658:12
 ❯ Socket.readFromStdout node_modules/esbuild/lib/main.js:581:7
            </failure>
        </testcase>
    </testsuite>
    <testsuite name="src/__tests__/statusCycle.test.js" timestamp="2025-09-10T18:06:01.440Z" hostname="dani" tests="1" failures="1" errors="0" skipped="0" time="0">
        <testcase classname="src/__tests__/statusCycle.test.js" name="src/__tests__/statusCycle.test.js" time="0">
            <failure message="Transform failed with 1 error:
C:/Users/Administrator/Documents/Lovenda/lovenda13123123 - copia/backend/vitest.setup.js:145:14: ERROR: The JSX syntax extension is not currently enabled" type="Error">
Error: Transform failed with 1 error:
C:/Users/Administrator/Documents/Lovenda/lovenda13123123 - copia/backend/vitest.setup.js:145:14: ERROR: The JSX syntax extension is not currently enabled
  Plugin: vite:client-inject
  File: C:/Users/Administrator/Documents/Lovenda/lovenda13123123 - copia/backend/vitest.setup.js
 ❯ failureErrorWithLog node_modules/esbuild/lib/main.js:1467:15
 ❯ node_modules/esbuild/lib/main.js:736:50
 ❯ responseCallbacks.&lt;computed&gt; node_modules/esbuild/lib/main.js:603:9
 ❯ handleIncomingPacket node_modules/esbuild/lib/main.js:658:12
 ❯ Socket.readFromStdout node_modules/esbuild/lib/main.js:581:7
            </failure>
        </testcase>
    </testsuite>
    <testsuite name="src/__tests__/useSeatingPlan.test.jsx" timestamp="2025-09-10T18:06:01.442Z" hostname="dani" tests="1" failures="1" errors="0" skipped="0" time="0">
        <testcase classname="src/__tests__/useSeatingPlan.test.jsx" name="src/__tests__/useSeatingPlan.test.jsx" time="0">
            <failure message="Transform failed with 1 error:
C:/Users/Administrator/Documents/Lovenda/lovenda13123123 - copia/backend/vitest.setup.js:145:14: ERROR: The JSX syntax extension is not currently enabled" type="Error">
Error: Transform failed with 1 error:
C:/Users/Administrator/Documents/Lovenda/lovenda13123123 - copia/backend/vitest.setup.js:145:14: ERROR: The JSX syntax extension is not currently enabled
  Plugin: vite:client-inject
  File: C:/Users/Administrator/Documents/Lovenda/lovenda13123123 - copia/backend/vitest.setup.js
 ❯ failureErrorWithLog node_modules/esbuild/lib/main.js:1467:15
 ❯ node_modules/esbuild/lib/main.js:736:50
 ❯ responseCallbacks.&lt;computed&gt; node_modules/esbuild/lib/main.js:603:9
 ❯ handleIncomingPacket node_modules/esbuild/lib/main.js:658:12
 ❯ Socket.readFromStdout node_modules/esbuild/lib/main.js:581:7
            </failure>
        </testcase>
    </testsuite>
    <testsuite name="src/__tests__/useSeatingPlan.undoRedo.test.jsx" timestamp="2025-09-10T18:06:01.445Z" hostname="dani" tests="1" failures="1" errors="0" skipped="0" time="0">
        <testcase classname="src/__tests__/useSeatingPlan.undoRedo.test.jsx" name="src/__tests__/useSeatingPlan.undoRedo.test.jsx" time="0">
            <failure message="Transform failed with 1 error:
C:/Users/Administrator/Documents/Lovenda/lovenda13123123 - copia/backend/vitest.setup.js:145:14: ERROR: The JSX syntax extension is not currently enabled" type="Error">
Error: Transform failed with 1 error:
C:/Users/Administrator/Documents/Lovenda/lovenda13123123 - copia/backend/vitest.setup.js:145:14: ERROR: The JSX syntax extension is not currently enabled
  Plugin: vite:client-inject
  File: C:/Users/Administrator/Documents/Lovenda/lovenda13123123 - copia/backend/vitest.setup.js
 ❯ failureErrorWithLog node_modules/esbuild/lib/main.js:1467:15
 ❯ node_modules/esbuild/lib/main.js:736:50
 ❯ responseCallbacks.&lt;computed&gt; node_modules/esbuild/lib/main.js:603:9
 ❯ handleIncomingPacket node_modules/esbuild/lib/main.js:658:12
 ❯ Socket.readFromStdout node_modules/esbuild/lib/main.js:581:7
            </failure>
        </testcase>
    </testsuite>
    <testsuite name="src/__tests__/useSupplierBudgets.test.jsx" timestamp="2025-09-10T18:06:01.448Z" hostname="dani" tests="1" failures="1" errors="0" skipped="0" time="0">
        <testcase classname="src/__tests__/useSupplierBudgets.test.jsx" name="src/__tests__/useSupplierBudgets.test.jsx" time="0">
            <failure message="Transform failed with 1 error:
C:/Users/Administrator/Documents/Lovenda/lovenda13123123 - copia/backend/vitest.setup.js:145:14: ERROR: The JSX syntax extension is not currently enabled" type="Error">
Error: Transform failed with 1 error:
C:/Users/Administrator/Documents/Lovenda/lovenda13123123 - copia/backend/vitest.setup.js:145:14: ERROR: The JSX syntax extension is not currently enabled
  Plugin: vite:client-inject
  File: C:/Users/Administrator/Documents/Lovenda/lovenda13123123 - copia/backend/vitest.setup.js
 ❯ failureErrorWithLog node_modules/esbuild/lib/main.js:1467:15
 ❯ node_modules/esbuild/lib/main.js:736:50
 ❯ responseCallbacks.&lt;computed&gt; node_modules/esbuild/lib/main.js:603:9
 ❯ handleIncomingPacket node_modules/esbuild/lib/main.js:658:12
 ❯ Socket.readFromStdout node_modules/esbuild/lib/main.js:581:7
            </failure>
        </testcase>
    </testsuite>
    <testsuite name="src/components/__tests__/Nav.test.jsx" timestamp="2025-09-10T18:06:01.451Z" hostname="dani" tests="1" failures="1" errors="0" skipped="0" time="0">
        <testcase classname="src/components/__tests__/Nav.test.jsx" name="src/components/__tests__/Nav.test.jsx" time="0">
            <failure message="Transform failed with 1 error:
C:/Users/Administrator/Documents/Lovenda/lovenda13123123 - copia/backend/vitest.setup.js:145:14: ERROR: The JSX syntax extension is not currently enabled" type="Error">
Error: Transform failed with 1 error:
C:/Users/Administrator/Documents/Lovenda/lovenda13123123 - copia/backend/vitest.setup.js:145:14: ERROR: The JSX syntax extension is not currently enabled
  Plugin: vite:client-inject
  File: C:/Users/Administrator/Documents/Lovenda/lovenda13123123 - copia/backend/vitest.setup.js
 ❯ failureErrorWithLog node_modules/esbuild/lib/main.js:1467:15
 ❯ node_modules/esbuild/lib/main.js:736:50
 ❯ responseCallbacks.&lt;computed&gt; node_modules/esbuild/lib/main.js:603:9
 ❯ handleIncomingPacket node_modules/esbuild/lib/main.js:658:12
 ❯ Socket.readFromStdout node_modules/esbuild/lib/main.js:581:7
            </failure>
        </testcase>
    </testsuite>
    <testsuite name="src/services/__tests__/TemplateCacheService.test.js" timestamp="2025-09-10T18:06:01.454Z" hostname="dani" tests="1" failures="1" errors="0" skipped="0" time="0">
        <testcase classname="src/services/__tests__/TemplateCacheService.test.js" name="src/services/__tests__/TemplateCacheService.test.js" time="0">
            <failure message="Transform failed with 1 error:
C:/Users/Administrator/Documents/Lovenda/lovenda13123123 - copia/backend/vitest.setup.js:145:14: ERROR: The JSX syntax extension is not currently enabled" type="Error">
Error: Transform failed with 1 error:
C:/Users/Administrator/Documents/Lovenda/lovenda13123123 - copia/backend/vitest.setup.js:145:14: ERROR: The JSX syntax extension is not currently enabled
  Plugin: vite:client-inject
  File: C:/Users/Administrator/Documents/Lovenda/lovenda13123123 - copia/backend/vitest.setup.js
 ❯ failureErrorWithLog node_modules/esbuild/lib/main.js:1467:15
 ❯ node_modules/esbuild/lib/main.js:736:50
 ❯ responseCallbacks.&lt;computed&gt; node_modules/esbuild/lib/main.js:603:9
 ❯ handleIncomingPacket node_modules/esbuild/lib/main.js:658:12
 ❯ Socket.readFromStdout node_modules/esbuild/lib/main.js:581:7
            </failure>
        </testcase>
    </testsuite>
    <testsuite name="src/utils/__tests__/seatingPlanUtils.test.js" timestamp="2025-09-10T18:06:01.458Z" hostname="dani" tests="1" failures="1" errors="0" skipped="0" time="0">
        <testcase classname="src/utils/__tests__/seatingPlanUtils.test.js" name="src/utils/__tests__/seatingPlanUtils.test.js" time="0">
            <failure message="Transform failed with 1 error:
C:/Users/Administrator/Documents/Lovenda/lovenda13123123 - copia/backend/vitest.setup.js:145:14: ERROR: The JSX syntax extension is not currently enabled" type="Error">
Error: Transform failed with 1 error:
C:/Users/Administrator/Documents/Lovenda/lovenda13123123 - copia/backend/vitest.setup.js:145:14: ERROR: The JSX syntax extension is not currently enabled
  Plugin: vite:client-inject
  File: C:/Users/Administrator/Documents/Lovenda/lovenda13123123 - copia/backend/vitest.setup.js
 ❯ failureErrorWithLog node_modules/esbuild/lib/main.js:1467:15
 ❯ node_modules/esbuild/lib/main.js:736:50
 ❯ responseCallbacks.&lt;computed&gt; node_modules/esbuild/lib/main.js:603:9
 ❯ handleIncomingPacket node_modules/esbuild/lib/main.js:658:12
 ❯ Socket.readFromStdout node_modules/esbuild/lib/main.js:581:7
            </failure>
        </testcase>
    </testsuite>
    <testsuite name="src/test/accessibility/email-components.a11y.test.jsx" timestamp="2025-09-10T18:06:01.461Z" hostname="dani" tests="1" failures="1" errors="0" skipped="0" time="0">
        <testcase classname="src/test/accessibility/email-components.a11y.test.jsx" name="src/test/accessibility/email-components.a11y.test.jsx" time="0">
            <failure message="Transform failed with 1 error:
C:/Users/Administrator/Documents/Lovenda/lovenda13123123 - copia/backend/vitest.setup.js:145:14: ERROR: The JSX syntax extension is not currently enabled" type="Error">
Error: Transform failed with 1 error:
C:/Users/Administrator/Documents/Lovenda/lovenda13123123 - copia/backend/vitest.setup.js:145:14: ERROR: The JSX syntax extension is not currently enabled
  Plugin: vite:client-inject
  File: C:/Users/Administrator/Documents/Lovenda/lovenda13123123 - copia/backend/vitest.setup.js
 ❯ failureErrorWithLog node_modules/esbuild/lib/main.js:1467:15
 ❯ node_modules/esbuild/lib/main.js:736:50
 ❯ responseCallbacks.&lt;computed&gt; node_modules/esbuild/lib/main.js:603:9
 ❯ handleIncomingPacket node_modules/esbuild/lib/main.js:658:12
 ❯ Socket.readFromStdout node_modules/esbuild/lib/main.js:581:7
            </failure>
        </testcase>
    </testsuite>
    <testsuite name="src/test/accessibility/email-viewer.a11y.test.jsx" timestamp="2025-09-10T18:06:01.466Z" hostname="dani" tests="1" failures="1" errors="0" skipped="0" time="0">
        <testcase classname="src/test/accessibility/email-viewer.a11y.test.jsx" name="src/test/accessibility/email-viewer.a11y.test.jsx" time="0">
            <failure message="Transform failed with 1 error:
C:/Users/Administrator/Documents/Lovenda/lovenda13123123 - copia/backend/vitest.setup.js:145:14: ERROR: The JSX syntax extension is not currently enabled" type="Error">
Error: Transform failed with 1 error:
C:/Users/Administrator/Documents/Lovenda/lovenda13123123 - copia/backend/vitest.setup.js:145:14: ERROR: The JSX syntax extension is not currently enabled
  Plugin: vite:client-inject
  File: C:/Users/Administrator/Documents/Lovenda/lovenda13123123 - copia/backend/vitest.setup.js
 ❯ failureErrorWithLog node_modules/esbuild/lib/main.js:1467:15
 ❯ node_modules/esbuild/lib/main.js:736:50
 ❯ responseCallbacks.&lt;computed&gt; node_modules/esbuild/lib/main.js:603:9
 ❯ handleIncomingPacket node_modules/esbuild/lib/main.js:658:12
 ❯ Socket.readFromStdout node_modules/esbuild/lib/main.js:581:7
            </failure>
        </testcase>
    </testsuite>
    <testsuite name="src/test/accessibility/EmailDetail.a11y.test.jsx" timestamp="2025-09-10T18:06:01.474Z" hostname="dani" tests="1" failures="1" errors="0" skipped="0" time="0">
        <testcase classname="src/test/accessibility/EmailDetail.a11y.test.jsx" name="src/test/accessibility/EmailDetail.a11y.test.jsx" time="0">
            <failure message="Transform failed with 1 error:
C:/Users/Administrator/Documents/Lovenda/lovenda13123123 - copia/backend/vitest.setup.js:145:14: ERROR: The JSX syntax extension is not currently enabled" type="Error">
Error: Transform failed with 1 error:
C:/Users/Administrator/Documents/Lovenda/lovenda13123123 - copia/backend/vitest.setup.js:145:14: ERROR: The JSX syntax extension is not currently enabled
  Plugin: vite:client-inject
  File: C:/Users/Administrator/Documents/Lovenda/lovenda13123123 - copia/backend/vitest.setup.js
 ❯ failureErrorWithLog node_modules/esbuild/lib/main.js:1467:15
 ❯ node_modules/esbuild/lib/main.js:736:50
 ❯ responseCallbacks.&lt;computed&gt; node_modules/esbuild/lib/main.js:603:9
 ❯ handleIncomingPacket node_modules/esbuild/lib/main.js:658:12
 ❯ Socket.readFromStdout node_modules/esbuild/lib/main.js:581:7
            </failure>
        </testcase>
    </testsuite>
    <testsuite name="src/test/accessibility/EmailInbox.a11y.test.jsx" timestamp="2025-09-10T18:06:01.477Z" hostname="dani" tests="1" failures="1" errors="0" skipped="0" time="0">
        <testcase classname="src/test/accessibility/EmailInbox.a11y.test.jsx" name="src/test/accessibility/EmailInbox.a11y.test.jsx" time="0">
            <failure message="Transform failed with 1 error:
C:/Users/Administrator/Documents/Lovenda/lovenda13123123 - copia/backend/vitest.setup.js:145:14: ERROR: The JSX syntax extension is not currently enabled" type="Error">
Error: Transform failed with 1 error:
C:/Users/Administrator/Documents/Lovenda/lovenda13123123 - copia/backend/vitest.setup.js:145:14: ERROR: The JSX syntax extension is not currently enabled
  Plugin: vite:client-inject
  File: C:/Users/Administrator/Documents/Lovenda/lovenda13123123 - copia/backend/vitest.setup.js
 ❯ failureErrorWithLog node_modules/esbuild/lib/main.js:1467:15
 ❯ node_modules/esbuild/lib/main.js:736:50
 ❯ responseCallbacks.&lt;computed&gt; node_modules/esbuild/lib/main.js:603:9
 ❯ handleIncomingPacket node_modules/esbuild/lib/main.js:658:12
 ❯ Socket.readFromStdout node_modules/esbuild/lib/main.js:581:7
            </failure>
        </testcase>
    </testsuite>
    <testsuite name="src/test/components/Button.test.jsx" timestamp="2025-09-10T18:06:01.480Z" hostname="dani" tests="1" failures="1" errors="0" skipped="0" time="0">
        <testcase classname="src/test/components/Button.test.jsx" name="src/test/components/Button.test.jsx" time="0">
            <failure message="Transform failed with 1 error:
C:/Users/Administrator/Documents/Lovenda/lovenda13123123 - copia/backend/vitest.setup.js:145:14: ERROR: The JSX syntax extension is not currently enabled" type="Error">
Error: Transform failed with 1 error:
C:/Users/Administrator/Documents/Lovenda/lovenda13123123 - copia/backend/vitest.setup.js:145:14: ERROR: The JSX syntax extension is not currently enabled
  Plugin: vite:client-inject
  File: C:/Users/Administrator/Documents/Lovenda/lovenda13123123 - copia/backend/vitest.setup.js
 ❯ failureErrorWithLog node_modules/esbuild/lib/main.js:1467:15
 ❯ node_modules/esbuild/lib/main.js:736:50
 ❯ responseCallbacks.&lt;computed&gt; node_modules/esbuild/lib/main.js:603:9
 ❯ handleIncomingPacket node_modules/esbuild/lib/main.js:658:12
 ❯ Socket.readFromStdout node_modules/esbuild/lib/main.js:581:7
            </failure>
        </testcase>
    </testsuite>
    <testsuite name="src/test/components/SmartEmailComposer.test.jsx" timestamp="2025-09-10T18:06:01.485Z" hostname="dani" tests="1" failures="1" errors="0" skipped="0" time="0">
        <testcase classname="src/test/components/SmartEmailComposer.test.jsx" name="src/test/components/SmartEmailComposer.test.jsx" time="0">
            <failure message="Transform failed with 1 error:
C:/Users/Administrator/Documents/Lovenda/lovenda13123123 - copia/backend/vitest.setup.js:145:14: ERROR: The JSX syntax extension is not currently enabled" type="Error">
Error: Transform failed with 1 error:
C:/Users/Administrator/Documents/Lovenda/lovenda13123123 - copia/backend/vitest.setup.js:145:14: ERROR: The JSX syntax extension is not currently enabled
  Plugin: vite:client-inject
  File: C:/Users/Administrator/Documents/Lovenda/lovenda13123123 - copia/backend/vitest.setup.js
 ❯ failureErrorWithLog node_modules/esbuild/lib/main.js:1467:15
 ❯ node_modules/esbuild/lib/main.js:736:50
 ❯ responseCallbacks.&lt;computed&gt; node_modules/esbuild/lib/main.js:603:9
 ❯ handleIncomingPacket node_modules/esbuild/lib/main.js:658:12
 ❯ Socket.readFromStdout node_modules/esbuild/lib/main.js:581:7
            </failure>
        </testcase>
    </testsuite>
    <testsuite name="src/test/e2e/AdvancedEmailWorkflows.test.jsx" timestamp="2025-09-10T18:06:01.490Z" hostname="dani" tests="1" failures="1" errors="0" skipped="0" time="0">
        <testcase classname="src/test/e2e/AdvancedEmailWorkflows.test.jsx" name="src/test/e2e/AdvancedEmailWorkflows.test.jsx" time="0">
            <failure message="Transform failed with 1 error:
C:/Users/Administrator/Documents/Lovenda/lovenda13123123 - copia/backend/vitest.setup.js:145:14: ERROR: The JSX syntax extension is not currently enabled" type="Error">
Error: Transform failed with 1 error:
C:/Users/Administrator/Documents/Lovenda/lovenda13123123 - copia/backend/vitest.setup.js:145:14: ERROR: The JSX syntax extension is not currently enabled
  Plugin: vite:client-inject
  File: C:/Users/Administrator/Documents/Lovenda/lovenda13123123 - copia/backend/vitest.setup.js
 ❯ failureErrorWithLog node_modules/esbuild/lib/main.js:1467:15
 ❯ node_modules/esbuild/lib/main.js:736:50
 ❯ responseCallbacks.&lt;computed&gt; node_modules/esbuild/lib/main.js:603:9
 ❯ handleIncomingPacket node_modules/esbuild/lib/main.js:658:12
 ❯ Socket.readFromStdout node_modules/esbuild/lib/main.js:581:7
            </failure>
        </testcase>
    </testsuite>
    <testsuite name="src/test/e2e/EmailWorkflows.test.jsx" timestamp="2025-09-10T18:06:01.494Z" hostname="dani" tests="1" failures="1" errors="0" skipped="0" time="0">
        <testcase classname="src/test/e2e/EmailWorkflows.test.jsx" name="src/test/e2e/EmailWorkflows.test.jsx" time="0">
            <failure message="Transform failed with 1 error:
C:/Users/Administrator/Documents/Lovenda/lovenda13123123 - copia/backend/vitest.setup.js:145:14: ERROR: The JSX syntax extension is not currently enabled" type="Error">
Error: Transform failed with 1 error:
C:/Users/Administrator/Documents/Lovenda/lovenda13123123 - copia/backend/vitest.setup.js:145:14: ERROR: The JSX syntax extension is not currently enabled
  Plugin: vite:client-inject
  File: C:/Users/Administrator/Documents/Lovenda/lovenda13123123 - copia/backend/vitest.setup.js
 ❯ failureErrorWithLog node_modules/esbuild/lib/main.js:1467:15
 ❯ node_modules/esbuild/lib/main.js:736:50
 ❯ responseCallbacks.&lt;computed&gt; node_modules/esbuild/lib/main.js:603:9
 ❯ handleIncomingPacket node_modules/esbuild/lib/main.js:658:12
 ❯ Socket.readFromStdout node_modules/esbuild/lib/main.js:581:7
            </failure>
        </testcase>
    </testsuite>
    <testsuite name="src/test/hooks/useAIProviderEmail.test.jsx" timestamp="2025-09-10T18:06:01.497Z" hostname="dani" tests="1" failures="1" errors="0" skipped="0" time="0">
        <testcase classname="src/test/hooks/useAIProviderEmail.test.jsx" name="src/test/hooks/useAIProviderEmail.test.jsx" time="0">
            <failure message="Transform failed with 1 error:
C:/Users/Administrator/Documents/Lovenda/lovenda13123123 - copia/backend/vitest.setup.js:145:14: ERROR: The JSX syntax extension is not currently enabled" type="Error">
Error: Transform failed with 1 error:
C:/Users/Administrator/Documents/Lovenda/lovenda13123123 - copia/backend/vitest.setup.js:145:14: ERROR: The JSX syntax extension is not currently enabled
  Plugin: vite:client-inject
  File: C:/Users/Administrator/Documents/Lovenda/lovenda13123123 - copia/backend/vitest.setup.js
 ❯ failureErrorWithLog node_modules/esbuild/lib/main.js:1467:15
 ❯ node_modules/esbuild/lib/main.js:736:50
 ❯ responseCallbacks.&lt;computed&gt; node_modules/esbuild/lib/main.js:603:9
 ❯ handleIncomingPacket node_modules/esbuild/lib/main.js:658:12
 ❯ Socket.readFromStdout node_modules/esbuild/lib/main.js:581:7
            </failure>
        </testcase>
    </testsuite>
    <testsuite name="src/test/integration/EmailEdgeCases.test.js" timestamp="2025-09-10T18:06:01.501Z" hostname="dani" tests="1" failures="1" errors="0" skipped="0" time="0">
        <testcase classname="src/test/integration/EmailEdgeCases.test.js" name="src/test/integration/EmailEdgeCases.test.js" time="0">
            <failure message="Transform failed with 1 error:
C:/Users/Administrator/Documents/Lovenda/lovenda13123123 - copia/backend/vitest.setup.js:145:14: ERROR: The JSX syntax extension is not currently enabled" type="Error">
Error: Transform failed with 1 error:
C:/Users/Administrator/Documents/Lovenda/lovenda13123123 - copia/backend/vitest.setup.js:145:14: ERROR: The JSX syntax extension is not currently enabled
  Plugin: vite:client-inject
  File: C:/Users/Administrator/Documents/Lovenda/lovenda13123123 - copia/backend/vitest.setup.js
 ❯ failureErrorWithLog node_modules/esbuild/lib/main.js:1467:15
 ❯ node_modules/esbuild/lib/main.js:736:50
 ❯ responseCallbacks.&lt;computed&gt; node_modules/esbuild/lib/main.js:603:9
 ❯ handleIncomingPacket node_modules/esbuild/lib/main.js:658:12
 ❯ Socket.readFromStdout node_modules/esbuild/lib/main.js:581:7
            </failure>
        </testcase>
    </testsuite>
    <testsuite name="src/test/integration/EmailWorkflow.test.jsx" timestamp="2025-09-10T18:06:01.504Z" hostname="dani" tests="1" failures="1" errors="0" skipped="0" time="0">
        <testcase classname="src/test/integration/EmailWorkflow.test.jsx" name="src/test/integration/EmailWorkflow.test.jsx" time="0">
            <failure message="Transform failed with 1 error:
C:/Users/Administrator/Documents/Lovenda/lovenda13123123 - copia/backend/vitest.setup.js:145:14: ERROR: The JSX syntax extension is not currently enabled" type="Error">
Error: Transform failed with 1 error:
C:/Users/Administrator/Documents/Lovenda/lovenda13123123 - copia/backend/vitest.setup.js:145:14: ERROR: The JSX syntax extension is not currently enabled
  Plugin: vite:client-inject
  File: C:/Users/Administrator/Documents/Lovenda/lovenda13123123 - copia/backend/vitest.setup.js
 ❯ failureErrorWithLog node_modules/esbuild/lib/main.js:1467:15
 ❯ node_modules/esbuild/lib/main.js:736:50
 ❯ responseCallbacks.&lt;computed&gt; node_modules/esbuild/lib/main.js:603:9
 ❯ handleIncomingPacket node_modules/esbuild/lib/main.js:658:12
 ❯ Socket.readFromStdout node_modules/esbuild/lib/main.js:581:7
            </failure>
        </testcase>
    </testsuite>
    <testsuite name="src/test/performance/email-system.perf.test.js" timestamp="2025-09-10T18:06:01.507Z" hostname="dani" tests="1" failures="1" errors="0" skipped="0" time="0">
        <testcase classname="src/test/performance/email-system.perf.test.js" name="src/test/performance/email-system.perf.test.js" time="0">
            <failure message="Transform failed with 1 error:
C:/Users/Administrator/Documents/Lovenda/lovenda13123123 - copia/backend/vitest.setup.js:145:14: ERROR: The JSX syntax extension is not currently enabled" type="Error">
Error: Transform failed with 1 error:
C:/Users/Administrator/Documents/Lovenda/lovenda13123123 - copia/backend/vitest.setup.js:145:14: ERROR: The JSX syntax extension is not currently enabled
  Plugin: vite:client-inject
  File: C:/Users/Administrator/Documents/Lovenda/lovenda13123123 - copia/backend/vitest.setup.js
 ❯ failureErrorWithLog node_modules/esbuild/lib/main.js:1467:15
 ❯ node_modules/esbuild/lib/main.js:736:50
 ❯ responseCallbacks.&lt;computed&gt; node_modules/esbuild/lib/main.js:603:9
 ❯ handleIncomingPacket node_modules/esbuild/lib/main.js:658:12
 ❯ Socket.readFromStdout node_modules/esbuild/lib/main.js:581:7
            </failure>
        </testcase>
    </testsuite>
    <testsuite name="src/test/security/email-security.test.js" timestamp="2025-09-10T18:06:01.511Z" hostname="dani" tests="1" failures="1" errors="0" skipped="0" time="0">
        <testcase classname="src/test/security/email-security.test.js" name="src/test/security/email-security.test.js" time="0">
            <failure message="Transform failed with 1 error:
C:/Users/Administrator/Documents/Lovenda/lovenda13123123 - copia/backend/vitest.setup.js:145:14: ERROR: The JSX syntax extension is not currently enabled" type="Error">
Error: Transform failed with 1 error:
C:/Users/Administrator/Documents/Lovenda/lovenda13123123 - copia/backend/vitest.setup.js:145:14: ERROR: The JSX syntax extension is not currently enabled
  Plugin: vite:client-inject
  File: C:/Users/Administrator/Documents/Lovenda/lovenda13123123 - copia/backend/vitest.setup.js
 ❯ failureErrorWithLog node_modules/esbuild/lib/main.js:1467:15
 ❯ node_modules/esbuild/lib/main.js:736:50
 ❯ responseCallbacks.&lt;computed&gt; node_modules/esbuild/lib/main.js:603:9
 ❯ handleIncomingPacket node_modules/esbuild/lib/main.js:658:12
 ❯ Socket.readFromStdout node_modules/esbuild/lib/main.js:581:7
            </failure>
        </testcase>
    </testsuite>
    <testsuite name="src/test/unit/ComposeEmailModal.test.jsx" timestamp="2025-09-10T18:06:01.514Z" hostname="dani" tests="1" failures="1" errors="0" skipped="0" time="0">
        <testcase classname="src/test/unit/ComposeEmailModal.test.jsx" name="src/test/unit/ComposeEmailModal.test.jsx" time="0">
            <failure message="Transform failed with 1 error:
C:/Users/Administrator/Documents/Lovenda/lovenda13123123 - copia/backend/vitest.setup.js:145:14: ERROR: The JSX syntax extension is not currently enabled" type="Error">
Error: Transform failed with 1 error:
C:/Users/Administrator/Documents/Lovenda/lovenda13123123 - copia/backend/vitest.setup.js:145:14: ERROR: The JSX syntax extension is not currently enabled
  Plugin: vite:client-inject
  File: C:/Users/Administrator/Documents/Lovenda/lovenda13123123 - copia/backend/vitest.setup.js
 ❯ failureErrorWithLog node_modules/esbuild/lib/main.js:1467:15
 ❯ node_modules/esbuild/lib/main.js:736:50
 ❯ responseCallbacks.&lt;computed&gt; node_modules/esbuild/lib/main.js:603:9
 ❯ handleIncomingPacket node_modules/esbuild/lib/main.js:658:12
 ❯ Socket.readFromStdout node_modules/esbuild/lib/main.js:581:7
            </failure>
        </testcase>
    </testsuite>
    <testsuite name="src/test/unit/EmailComposer.test.jsx" timestamp="2025-09-10T18:06:01.517Z" hostname="dani" tests="1" failures="1" errors="0" skipped="0" time="0">
        <testcase classname="src/test/unit/EmailComposer.test.jsx" name="src/test/unit/EmailComposer.test.jsx" time="0">
            <failure message="Transform failed with 1 error:
C:/Users/Administrator/Documents/Lovenda/lovenda13123123 - copia/backend/vitest.setup.js:145:14: ERROR: The JSX syntax extension is not currently enabled" type="Error">
Error: Transform failed with 1 error:
C:/Users/Administrator/Documents/Lovenda/lovenda13123123 - copia/backend/vitest.setup.js:145:14: ERROR: The JSX syntax extension is not currently enabled
  Plugin: vite:client-inject
  File: C:/Users/Administrator/Documents/Lovenda/lovenda13123123 - copia/backend/vitest.setup.js
 ❯ failureErrorWithLog node_modules/esbuild/lib/main.js:1467:15
 ❯ node_modules/esbuild/lib/main.js:736:50
 ❯ responseCallbacks.&lt;computed&gt; node_modules/esbuild/lib/main.js:603:9
 ❯ handleIncomingPacket node_modules/esbuild/lib/main.js:658:12
 ❯ Socket.readFromStdout node_modules/esbuild/lib/main.js:581:7
            </failure>
        </testcase>
    </testsuite>
    <testsuite name="src/test/unit/EmailFilters.test.jsx" timestamp="2025-09-10T18:06:01.520Z" hostname="dani" tests="1" failures="1" errors="0" skipped="0" time="0">
        <testcase classname="src/test/unit/EmailFilters.test.jsx" name="src/test/unit/EmailFilters.test.jsx" time="0">
            <failure message="Transform failed with 1 error:
C:/Users/Administrator/Documents/Lovenda/lovenda13123123 - copia/backend/vitest.setup.js:145:14: ERROR: The JSX syntax extension is not currently enabled" type="Error">
Error: Transform failed with 1 error:
C:/Users/Administrator/Documents/Lovenda/lovenda13123123 - copia/backend/vitest.setup.js:145:14: ERROR: The JSX syntax extension is not currently enabled
  Plugin: vite:client-inject
  File: C:/Users/Administrator/Documents/Lovenda/lovenda13123123 - copia/backend/vitest.setup.js
 ❯ failureErrorWithLog node_modules/esbuild/lib/main.js:1467:15
 ❯ node_modules/esbuild/lib/main.js:736:50
 ❯ responseCallbacks.&lt;computed&gt; node_modules/esbuild/lib/main.js:603:9
 ❯ handleIncomingPacket node_modules/esbuild/lib/main.js:658:12
 ❯ Socket.readFromStdout node_modules/esbuild/lib/main.js:581:7
            </failure>
        </testcase>
    </testsuite>
    <testsuite name="src/test/unit/EmailNotificationBadge.test.jsx" timestamp="2025-09-10T18:06:01.523Z" hostname="dani" tests="1" failures="1" errors="0" skipped="0" time="0">
        <testcase classname="src/test/unit/EmailNotificationBadge.test.jsx" name="src/test/unit/EmailNotificationBadge.test.jsx" time="0">
            <failure message="Transform failed with 1 error:
C:/Users/Administrator/Documents/Lovenda/lovenda13123123 - copia/backend/vitest.setup.js:145:14: ERROR: The JSX syntax extension is not currently enabled" type="Error">
Error: Transform failed with 1 error:
C:/Users/Administrator/Documents/Lovenda/lovenda13123123 - copia/backend/vitest.setup.js:145:14: ERROR: The JSX syntax extension is not currently enabled
  Plugin: vite:client-inject
  File: C:/Users/Administrator/Documents/Lovenda/lovenda13123123 - copia/backend/vitest.setup.js
 ❯ failureErrorWithLog node_modules/esbuild/lib/main.js:1467:15
 ❯ node_modules/esbuild/lib/main.js:736:50
 ❯ responseCallbacks.&lt;computed&gt; node_modules/esbuild/lib/main.js:603:9
 ❯ handleIncomingPacket node_modules/esbuild/lib/main.js:658:12
 ❯ Socket.readFromStdout node_modules/esbuild/lib/main.js:581:7
            </failure>
        </testcase>
    </testsuite>
    <testsuite name="src/test/unit/EmailSettings.test.jsx" timestamp="2025-09-10T18:06:01.526Z" hostname="dani" tests="1" failures="1" errors="0" skipped="0" time="0">
        <testcase classname="src/test/unit/EmailSettings.test.jsx" name="src/test/unit/EmailSettings.test.jsx" time="0">
            <failure message="Transform failed with 1 error:
C:/Users/Administrator/Documents/Lovenda/lovenda13123123 - copia/backend/vitest.setup.js:145:14: ERROR: The JSX syntax extension is not currently enabled" type="Error">
Error: Transform failed with 1 error:
C:/Users/Administrator/Documents/Lovenda/lovenda13123123 - copia/backend/vitest.setup.js:145:14: ERROR: The JSX syntax extension is not currently enabled
  Plugin: vite:client-inject
  File: C:/Users/Administrator/Documents/Lovenda/lovenda13123123 - copia/backend/vitest.setup.js
 ❯ failureErrorWithLog node_modules/esbuild/lib/main.js:1467:15
 ❯ node_modules/esbuild/lib/main.js:736:50
 ❯ responseCallbacks.&lt;computed&gt; node_modules/esbuild/lib/main.js:603:9
 ❯ handleIncomingPacket node_modules/esbuild/lib/main.js:658:12
 ❯ Socket.readFromStdout node_modules/esbuild/lib/main.js:581:7
            </failure>
        </testcase>
    </testsuite>
    <testsuite name="src/test/unit/EmailStats.test.jsx" timestamp="2025-09-10T18:06:01.529Z" hostname="dani" tests="1" failures="1" errors="0" skipped="0" time="0">
        <testcase classname="src/test/unit/EmailStats.test.jsx" name="src/test/unit/EmailStats.test.jsx" time="0">
            <failure message="Transform failed with 1 error:
C:/Users/Administrator/Documents/Lovenda/lovenda13123123 - copia/backend/vitest.setup.js:145:14: ERROR: The JSX syntax extension is not currently enabled" type="Error">
Error: Transform failed with 1 error:
C:/Users/Administrator/Documents/Lovenda/lovenda13123123 - copia/backend/vitest.setup.js:145:14: ERROR: The JSX syntax extension is not currently enabled
  Plugin: vite:client-inject
  File: C:/Users/Administrator/Documents/Lovenda/lovenda13123123 - copia/backend/vitest.setup.js
 ❯ failureErrorWithLog node_modules/esbuild/lib/main.js:1467:15
 ❯ node_modules/esbuild/lib/main.js:736:50
 ❯ responseCallbacks.&lt;computed&gt; node_modules/esbuild/lib/main.js:603:9
 ❯ handleIncomingPacket node_modules/esbuild/lib/main.js:658:12
 ❯ Socket.readFromStdout node_modules/esbuild/lib/main.js:581:7
            </failure>
        </testcase>
    </testsuite>
    <testsuite name="src/test/unit/EmailTagsManager.test.jsx" timestamp="2025-09-10T18:06:01.538Z" hostname="dani" tests="1" failures="1" errors="0" skipped="0" time="0">
        <testcase classname="src/test/unit/EmailTagsManager.test.jsx" name="src/test/unit/EmailTagsManager.test.jsx" time="0">
            <failure message="Transform failed with 1 error:
C:/Users/Administrator/Documents/Lovenda/lovenda13123123 - copia/backend/vitest.setup.js:145:14: ERROR: The JSX syntax extension is not currently enabled" type="Error">
Error: Transform failed with 1 error:
C:/Users/Administrator/Documents/Lovenda/lovenda13123123 - copia/backend/vitest.setup.js:145:14: ERROR: The JSX syntax extension is not currently enabled
  Plugin: vite:client-inject
  File: C:/Users/Administrator/Documents/Lovenda/lovenda13123123 - copia/backend/vitest.setup.js
 ❯ failureErrorWithLog node_modules/esbuild/lib/main.js:1467:15
 ❯ node_modules/esbuild/lib/main.js:736:50
 ❯ responseCallbacks.&lt;computed&gt; node_modules/esbuild/lib/main.js:603:9
 ❯ handleIncomingPacket node_modules/esbuild/lib/main.js:658:12
 ❯ Socket.readFromStdout node_modules/esbuild/lib/main.js:581:7
            </failure>
        </testcase>
    </testsuite>
    <testsuite name="src/test/unit/FolderSelectionModal.test.jsx" timestamp="2025-09-10T18:06:01.541Z" hostname="dani" tests="1" failures="1" errors="0" skipped="0" time="0">
        <testcase classname="src/test/unit/FolderSelectionModal.test.jsx" name="src/test/unit/FolderSelectionModal.test.jsx" time="0">
            <failure message="Transform failed with 1 error:
C:/Users/Administrator/Documents/Lovenda/lovenda13123123 - copia/backend/vitest.setup.js:145:14: ERROR: The JSX syntax extension is not currently enabled" type="Error">
Error: Transform failed with 1 error:
C:/Users/Administrator/Documents/Lovenda/lovenda13123123 - copia/backend/vitest.setup.js:145:14: ERROR: The JSX syntax extension is not currently enabled
  Plugin: vite:client-inject
  File: C:/Users/Administrator/Documents/Lovenda/lovenda13123123 - copia/backend/vitest.setup.js
 ❯ failureErrorWithLog node_modules/esbuild/lib/main.js:1467:15
 ❯ node_modules/esbuild/lib/main.js:736:50
 ❯ responseCallbacks.&lt;computed&gt; node_modules/esbuild/lib/main.js:603:9
 ❯ handleIncomingPacket node_modules/esbuild/lib/main.js:658:12
 ❯ Socket.readFromStdout node_modules/esbuild/lib/main.js:581:7
            </failure>
        </testcase>
    </testsuite>
    <testsuite name="src/test/unit/folderService.test.js" timestamp="2025-09-10T18:06:01.544Z" hostname="dani" tests="1" failures="1" errors="0" skipped="0" time="0">
        <testcase classname="src/test/unit/folderService.test.js" name="src/test/unit/folderService.test.js" time="0">
            <failure message="Transform failed with 1 error:
C:/Users/Administrator/Documents/Lovenda/lovenda13123123 - copia/backend/vitest.setup.js:145:14: ERROR: The JSX syntax extension is not currently enabled" type="Error">
Error: Transform failed with 1 error:
C:/Users/Administrator/Documents/Lovenda/lovenda13123123 - copia/backend/vitest.setup.js:145:14: ERROR: The JSX syntax extension is not currently enabled
  Plugin: vite:client-inject
  File: C:/Users/Administrator/Documents/Lovenda/lovenda13123123 - copia/backend/vitest.setup.js
 ❯ failureErrorWithLog node_modules/esbuild/lib/main.js:1467:15
 ❯ node_modules/esbuild/lib/main.js:736:50
 ❯ responseCallbacks.&lt;computed&gt; node_modules/esbuild/lib/main.js:603:9
 ❯ handleIncomingPacket node_modules/esbuild/lib/main.js:658:12
 ❯ Socket.readFromStdout node_modules/esbuild/lib/main.js:581:7
            </failure>
        </testcase>
    </testsuite>
    <testsuite name="src/test/unit/statsService.test.js" timestamp="2025-09-10T18:06:01.547Z" hostname="dani" tests="1" failures="1" errors="0" skipped="0" time="0">
        <testcase classname="src/test/unit/statsService.test.js" name="src/test/unit/statsService.test.js" time="0">
            <failure message="Transform failed with 1 error:
C:/Users/Administrator/Documents/Lovenda/lovenda13123123 - copia/backend/vitest.setup.js:145:14: ERROR: The JSX syntax extension is not currently enabled" type="Error">
Error: Transform failed with 1 error:
C:/Users/Administrator/Documents/Lovenda/lovenda13123123 - copia/backend/vitest.setup.js:145:14: ERROR: The JSX syntax extension is not currently enabled
  Plugin: vite:client-inject
  File: C:/Users/Administrator/Documents/Lovenda/lovenda13123123 - copia/backend/vitest.setup.js
 ❯ failureErrorWithLog node_modules/esbuild/lib/main.js:1467:15
 ❯ node_modules/esbuild/lib/main.js:736:50
 ❯ responseCallbacks.&lt;computed&gt; node_modules/esbuild/lib/main.js:603:9
 ❯ handleIncomingPacket node_modules/esbuild/lib/main.js:658:12
 ❯ Socket.readFromStdout node_modules/esbuild/lib/main.js:581:7
            </failure>
        </testcase>
    </testsuite>
    <testsuite name="src/test/unit/tagService.test.js" timestamp="2025-09-10T18:06:01.550Z" hostname="dani" tests="1" failures="1" errors="0" skipped="0" time="0">
        <testcase classname="src/test/unit/tagService.test.js" name="src/test/unit/tagService.test.js" time="0">
            <failure message="Transform failed with 1 error:
C:/Users/Administrator/Documents/Lovenda/lovenda13123123 - copia/backend/vitest.setup.js:145:14: ERROR: The JSX syntax extension is not currently enabled" type="Error">
Error: Transform failed with 1 error:
C:/Users/Administrator/Documents/Lovenda/lovenda13123123 - copia/backend/vitest.setup.js:145:14: ERROR: The JSX syntax extension is not currently enabled
  Plugin: vite:client-inject
  File: C:/Users/Administrator/Documents/Lovenda/lovenda13123123 - copia/backend/vitest.setup.js
 ❯ failureErrorWithLog node_modules/esbuild/lib/main.js:1467:15
 ❯ node_modules/esbuild/lib/main.js:736:50
 ❯ responseCallbacks.&lt;computed&gt; node_modules/esbuild/lib/main.js:603:9
 ❯ handleIncomingPacket node_modules/esbuild/lib/main.js:658:12
 ❯ Socket.readFromStdout node_modules/esbuild/lib/main.js:581:7
            </failure>
        </testcase>
    </testsuite>
    <testsuite name="src/test/unit/TagsManager.test.jsx" timestamp="2025-09-10T18:06:01.553Z" hostname="dani" tests="1" failures="1" errors="0" skipped="0" time="0">
        <testcase classname="src/test/unit/TagsManager.test.jsx" name="src/test/unit/TagsManager.test.jsx" time="0">
            <failure message="Transform failed with 1 error:
C:/Users/Administrator/Documents/Lovenda/lovenda13123123 - copia/backend/vitest.setup.js:145:14: ERROR: The JSX syntax extension is not currently enabled" type="Error">
Error: Transform failed with 1 error:
C:/Users/Administrator/Documents/Lovenda/lovenda13123123 - copia/backend/vitest.setup.js:145:14: ERROR: The JSX syntax extension is not currently enabled
  Plugin: vite:client-inject
  File: C:/Users/Administrator/Documents/Lovenda/lovenda13123123 - copia/backend/vitest.setup.js
 ❯ failureErrorWithLog node_modules/esbuild/lib/main.js:1467:15
 ❯ node_modules/esbuild/lib/main.js:736:50
 ❯ responseCallbacks.&lt;computed&gt; node_modules/esbuild/lib/main.js:603:9
 ❯ handleIncomingPacket node_modules/esbuild/lib/main.js:658:12
 ❯ Socket.readFromStdout node_modules/esbuild/lib/main.js:581:7
            </failure>
        </testcase>
    </testsuite>
    <testsuite name="src/test/services/AIEmailTrackingService.test.js" timestamp="2025-09-10T18:06:01.556Z" hostname="dani" tests="1" failures="1" errors="0" skipped="0" time="0">
        <testcase classname="src/test/services/AIEmailTrackingService.test.js" name="src/test/services/AIEmailTrackingService.test.js" time="0">
            <failure message="Transform failed with 1 error:
C:/Users/Administrator/Documents/Lovenda/lovenda13123123 - copia/backend/vitest.setup.js:145:14: ERROR: The JSX syntax extension is not currently enabled" type="Error">
Error: Transform failed with 1 error:
C:/Users/Administrator/Documents/Lovenda/lovenda13123123 - copia/backend/vitest.setup.js:145:14: ERROR: The JSX syntax extension is not currently enabled
  Plugin: vite:client-inject
  File: C:/Users/Administrator/Documents/Lovenda/lovenda13123123 - copia/backend/vitest.setup.js
 ❯ failureErrorWithLog node_modules/esbuild/lib/main.js:1467:15
 ❯ node_modules/esbuild/lib/main.js:736:50
 ❯ responseCallbacks.&lt;computed&gt; node_modules/esbuild/lib/main.js:603:9
 ❯ handleIncomingPacket node_modules/esbuild/lib/main.js:658:12
 ❯ Socket.readFromStdout node_modules/esbuild/lib/main.js:581:7
            </failure>
        </testcase>
    </testsuite>
    <testsuite name="src/test/services/EmailRecommendationService.test.js" timestamp="2025-09-10T18:06:01.559Z" hostname="dani" tests="1" failures="1" errors="0" skipped="0" time="0">
        <testcase classname="src/test/services/EmailRecommendationService.test.js" name="src/test/services/EmailRecommendationService.test.js" time="0">
            <failure message="Transform failed with 1 error:
C:/Users/Administrator/Documents/Lovenda/lovenda13123123 - copia/backend/vitest.setup.js:145:14: ERROR: The JSX syntax extension is not currently enabled" type="Error">
Error: Transform failed with 1 error:
C:/Users/Administrator/Documents/Lovenda/lovenda13123123 - copia/backend/vitest.setup.js:145:14: ERROR: The JSX syntax extension is not currently enabled
  Plugin: vite:client-inject
  File: C:/Users/Administrator/Documents/Lovenda/lovenda13123123 - copia/backend/vitest.setup.js
 ❯ failureErrorWithLog node_modules/esbuild/lib/main.js:1467:15
 ❯ node_modules/esbuild/lib/main.js:736:50
 ❯ responseCallbacks.&lt;computed&gt; node_modules/esbuild/lib/main.js:603:9
 ❯ handleIncomingPacket node_modules/esbuild/lib/main.js:658:12
 ❯ Socket.readFromStdout node_modules/esbuild/lib/main.js:581:7
            </failure>
        </testcase>
    </testsuite>
    <testsuite name="src/test/services/EmailService.edge-cases.test.js" timestamp="2025-09-10T18:06:01.573Z" hostname="dani" tests="1" failures="1" errors="0" skipped="0" time="0">
        <testcase classname="src/test/services/EmailService.edge-cases.test.js" name="src/test/services/EmailService.edge-cases.test.js" time="0">
            <failure message="Transform failed with 1 error:
C:/Users/Administrator/Documents/Lovenda/lovenda13123123 - copia/backend/vitest.setup.js:145:14: ERROR: The JSX syntax extension is not currently enabled" type="Error">
Error: Transform failed with 1 error:
C:/Users/Administrator/Documents/Lovenda/lovenda13123123 - copia/backend/vitest.setup.js:145:14: ERROR: The JSX syntax extension is not currently enabled
  Plugin: vite:client-inject
  File: C:/Users/Administrator/Documents/Lovenda/lovenda13123123 - copia/backend/vitest.setup.js
 ❯ failureErrorWithLog node_modules/esbuild/lib/main.js:1467:15
 ❯ node_modules/esbuild/lib/main.js:736:50
 ❯ responseCallbacks.&lt;computed&gt; node_modules/esbuild/lib/main.js:603:9
 ❯ handleIncomingPacket node_modules/esbuild/lib/main.js:658:12
 ❯ Socket.readFromStdout node_modules/esbuild/lib/main.js:581:7
            </failure>
        </testcase>
    </testsuite>
    <testsuite name="src/test/services/EmailService.test.js" timestamp="2025-09-10T18:06:01.577Z" hostname="dani" tests="1" failures="1" errors="0" skipped="0" time="0">
        <testcase classname="src/test/services/EmailService.test.js" name="src/test/services/EmailService.test.js" time="0">
            <failure message="Transform failed with 1 error:
C:/Users/Administrator/Documents/Lovenda/lovenda13123123 - copia/backend/vitest.setup.js:145:14: ERROR: The JSX syntax extension is not currently enabled" type="Error">
Error: Transform failed with 1 error:
C:/Users/Administrator/Documents/Lovenda/lovenda13123123 - copia/backend/vitest.setup.js:145:14: ERROR: The JSX syntax extension is not currently enabled
  Plugin: vite:client-inject
  File: C:/Users/Administrator/Documents/Lovenda/lovenda13123123 - copia/backend/vitest.setup.js
 ❯ failureErrorWithLog node_modules/esbuild/lib/main.js:1467:15
 ❯ node_modules/esbuild/lib/main.js:736:50
 ❯ responseCallbacks.&lt;computed&gt; node_modules/esbuild/lib/main.js:603:9
 ❯ handleIncomingPacket node_modules/esbuild/lib/main.js:658:12
 ❯ Socket.readFromStdout node_modules/esbuild/lib/main.js:581:7
            </failure>
        </testcase>
    </testsuite>
    <testsuite name="src/test/services/EmailTemplateService.test.js" timestamp="2025-09-10T18:06:01.582Z" hostname="dani" tests="1" failures="1" errors="0" skipped="0" time="0">
        <testcase classname="src/test/services/EmailTemplateService.test.js" name="src/test/services/EmailTemplateService.test.js" time="0">
            <failure message="Transform failed with 1 error:
C:/Users/Administrator/Documents/Lovenda/lovenda13123123 - copia/backend/vitest.setup.js:145:14: ERROR: The JSX syntax extension is not currently enabled" type="Error">
Error: Transform failed with 1 error:
C:/Users/Administrator/Documents/Lovenda/lovenda13123123 - copia/backend/vitest.setup.js:145:14: ERROR: The JSX syntax extension is not currently enabled
  Plugin: vite:client-inject
  File: C:/Users/Administrator/Documents/Lovenda/lovenda13123123 - copia/backend/vitest.setup.js
 ❯ failureErrorWithLog node_modules/esbuild/lib/main.js:1467:15
 ❯ node_modules/esbuild/lib/main.js:736:50
 ❯ responseCallbacks.&lt;computed&gt; node_modules/esbuild/lib/main.js:603:9
 ❯ handleIncomingPacket node_modules/esbuild/lib/main.js:658:12
 ❯ Socket.readFromStdout node_modules/esbuild/lib/main.js:581:7
            </failure>
        </testcase>
    </testsuite>
    <testsuite name="src/test/services/TagService.test.js" timestamp="2025-09-10T18:06:01.585Z" hostname="dani" tests="1" failures="1" errors="0" skipped="0" time="0">
        <testcase classname="src/test/services/TagService.test.js" name="src/test/services/TagService.test.js" time="0">
            <failure message="Transform failed with 1 error:
C:/Users/Administrator/Documents/Lovenda/lovenda13123123 - copia/backend/vitest.setup.js:145:14: ERROR: The JSX syntax extension is not currently enabled" type="Error">
Error: Transform failed with 1 error:
C:/Users/Administrator/Documents/Lovenda/lovenda13123123 - copia/backend/vitest.setup.js:145:14: ERROR: The JSX syntax extension is not currently enabled
  Plugin: vite:client-inject
  File: C:/Users/Administrator/Documents/Lovenda/lovenda13123123 - copia/backend/vitest.setup.js
 ❯ failureErrorWithLog node_modules/esbuild/lib/main.js:1467:15
 ❯ node_modules/esbuild/lib/main.js:736:50
 ❯ responseCallbacks.&lt;computed&gt; node_modules/esbuild/lib/main.js:603:9
 ❯ handleIncomingPacket node_modules/esbuild/lib/main.js:658:12
 ❯ Socket.readFromStdout node_modules/esbuild/lib/main.js:581:7
            </failure>
        </testcase>
    </testsuite>
    <testsuite name="src/components/tasks/__tests__/TaskForm.test.jsx" timestamp="2025-09-10T18:06:01.588Z" hostname="dani" tests="1" failures="1" errors="0" skipped="0" time="0">
        <testcase classname="src/components/tasks/__tests__/TaskForm.test.jsx" name="src/components/tasks/__tests__/TaskForm.test.jsx" time="0">
            <failure message="Transform failed with 1 error:
C:/Users/Administrator/Documents/Lovenda/lovenda13123123 - copia/backend/vitest.setup.js:145:14: ERROR: The JSX syntax extension is not currently enabled" type="Error">
Error: Transform failed with 1 error:
C:/Users/Administrator/Documents/Lovenda/lovenda13123123 - copia/backend/vitest.setup.js:145:14: ERROR: The JSX syntax extension is not currently enabled
  Plugin: vite:client-inject
  File: C:/Users/Administrator/Documents/Lovenda/lovenda13123123 - copia/backend/vitest.setup.js
 ❯ failureErrorWithLog node_modules/esbuild/lib/main.js:1467:15
 ❯ node_modules/esbuild/lib/main.js:736:50
 ❯ responseCallbacks.&lt;computed&gt; node_modules/esbuild/lib/main.js:603:9
 ❯ handleIncomingPacket node_modules/esbuild/lib/main.js:658:12
 ❯ Socket.readFromStdout node_modules/esbuild/lib/main.js:581:7
            </failure>
        </testcase>
    </testsuite>
    <testsuite name="src/test/components/email/EmailDetail.test.jsx" timestamp="2025-09-10T18:06:01.592Z" hostname="dani" tests="1" failures="1" errors="0" skipped="0" time="0">
        <testcase classname="src/test/components/email/EmailDetail.test.jsx" name="src/test/components/email/EmailDetail.test.jsx" time="0">
            <failure message="Transform failed with 1 error:
C:/Users/Administrator/Documents/Lovenda/lovenda13123123 - copia/backend/vitest.setup.js:145:14: ERROR: The JSX syntax extension is not currently enabled" type="Error">
Error: Transform failed with 1 error:
C:/Users/Administrator/Documents/Lovenda/lovenda13123123 - copia/backend/vitest.setup.js:145:14: ERROR: The JSX syntax extension is not currently enabled
  Plugin: vite:client-inject
  File: C:/Users/Administrator/Documents/Lovenda/lovenda13123123 - copia/backend/vitest.setup.js
 ❯ failureErrorWithLog node_modules/esbuild/lib/main.js:1467:15
 ❯ node_modules/esbuild/lib/main.js:736:50
 ❯ responseCallbacks.&lt;computed&gt; node_modules/esbuild/lib/main.js:603:9
 ❯ handleIncomingPacket node_modules/esbuild/lib/main.js:658:12
 ❯ Socket.readFromStdout node_modules/esbuild/lib/main.js:581:7
            </failure>
        </testcase>
    </testsuite>
    <testsuite name="src/test/components/email/EmailInbox.test.jsx" timestamp="2025-09-10T18:06:01.595Z" hostname="dani" tests="1" failures="1" errors="0" skipped="0" time="0">
        <testcase classname="src/test/components/email/EmailInbox.test.jsx" name="src/test/components/email/EmailInbox.test.jsx" time="0">
            <failure message="Transform failed with 1 error:
C:/Users/Administrator/Documents/Lovenda/lovenda13123123 - copia/backend/vitest.setup.js:145:14: ERROR: The JSX syntax extension is not currently enabled" type="Error">
Error: Transform failed with 1 error:
C:/Users/Administrator/Documents/Lovenda/lovenda13123123 - copia/backend/vitest.setup.js:145:14: ERROR: The JSX syntax extension is not currently enabled
  Plugin: vite:client-inject
  File: C:/Users/Administrator/Documents/Lovenda/lovenda13123123 - copia/backend/vitest.setup.js
 ❯ failureErrorWithLog node_modules/esbuild/lib/main.js:1467:15
 ❯ node_modules/esbuild/lib/main.js:736:50
 ❯ responseCallbacks.&lt;computed&gt; node_modules/esbuild/lib/main.js:603:9
 ❯ handleIncomingPacket node_modules/esbuild/lib/main.js:658:12
 ❯ Socket.readFromStdout node_modules/esbuild/lib/main.js:581:7
            </failure>
        </testcase>
    </testsuite>
    <testsuite name="src/test/components/email/FolderSelectionModal.test.jsx" timestamp="2025-09-10T18:06:01.598Z" hostname="dani" tests="1" failures="1" errors="0" skipped="0" time="0">
        <testcase classname="src/test/components/email/FolderSelectionModal.test.jsx" name="src/test/components/email/FolderSelectionModal.test.jsx" time="0">
            <failure message="Transform failed with 1 error:
C:/Users/Administrator/Documents/Lovenda/lovenda13123123 - copia/backend/vitest.setup.js:145:14: ERROR: The JSX syntax extension is not currently enabled" type="Error">
Error: Transform failed with 1 error:
C:/Users/Administrator/Documents/Lovenda/lovenda13123123 - copia/backend/vitest.setup.js:145:14: ERROR: The JSX syntax extension is not currently enabled
  Plugin: vite:client-inject
  File: C:/Users/Administrator/Documents/Lovenda/lovenda13123123 - copia/backend/vitest.setup.js
 ❯ failureErrorWithLog node_modules/esbuild/lib/main.js:1467:15
 ❯ node_modules/esbuild/lib/main.js:736:50
 ❯ responseCallbacks.&lt;computed&gt; node_modules/esbuild/lib/main.js:603:9
 ❯ handleIncomingPacket node_modules/esbuild/lib/main.js:658:12
 ❯ Socket.readFromStdout node_modules/esbuild/lib/main.js:581:7
            </failure>
        </testcase>
    </testsuite>
    <testsuite name="src/test/components/proveedores/ai/AIEmailModal.test.jsx" timestamp="2025-09-10T18:06:01.601Z" hostname="dani" tests="1" failures="1" errors="0" skipped="0" time="0">
        <testcase classname="src/test/components/proveedores/ai/AIEmailModal.test.jsx" name="src/test/components/proveedores/ai/AIEmailModal.test.jsx" time="0">
            <failure message="Transform failed with 1 error:
C:/Users/Administrator/Documents/Lovenda/lovenda13123123 - copia/backend/vitest.setup.js:145:14: ERROR: The JSX syntax extension is not currently enabled" type="Error">
Error: Transform failed with 1 error:
C:/Users/Administrator/Documents/Lovenda/lovenda13123123 - copia/backend/vitest.setup.js:145:14: ERROR: The JSX syntax extension is not currently enabled
  Plugin: vite:client-inject
  File: C:/Users/Administrator/Documents/Lovenda/lovenda13123123 - copia/backend/vitest.setup.js
 ❯ failureErrorWithLog node_modules/esbuild/lib/main.js:1467:15
 ❯ node_modules/esbuild/lib/main.js:736:50
 ❯ responseCallbacks.&lt;computed&gt; node_modules/esbuild/lib/main.js:603:9
 ❯ handleIncomingPacket node_modules/esbuild/lib/main.js:658:12
 ❯ Socket.readFromStdout node_modules/esbuild/lib/main.js:581:7
            </failure>
        </testcase>
    </testsuite>
</testsuites>
