<?xml version="1.0" encoding="UTF-8" ?>
<testsuites name="vitest" tests="12" failures="9" errors="0" time="0.1833671">
    <testsuite name="src/test/integration/EmailEdgeCases.test.js" timestamp="2025-09-11T01:07:38.182Z" hostname="dani" tests="12" failures="9" errors="0" skipped="0" time="0.1833671">
        <testcase classname="src/test/integration/EmailEdgeCases.test.js" name="Casos límite y manejo de errores del sistema de correo &gt; Casos límite de EmailService &gt; maneja correctamente emails con caracteres especiales en el asunto o cuerpo" time="0.0305867">
            <system-out>
Usuario sin nombre de correo configurado. Recomendado configurar en /email/setup
Servicio de email inicializado para: maria.garcia@mywed360.com

🚀 [geilsii60] Iniciando envío de email a: destinatario@example.com
📧 [geilsii60] Intentando envío con Mailgun

✅ [geilsii60] Mailgun exitoso: unknown
EmailCache: Inicializado con éxito
💾 [geilsii60] Email guardado en localStorage y caché (folder: sent)

            </system-out>
            <failure message="&quot;undefined&quot; is not valid JSON" type="SyntaxError">
SyntaxError: &quot;undefined&quot; is not valid JSON
 ❯ src/test/integration/EmailEdgeCases.test.js:74:26
            </failure>
        </testcase>
        <testcase classname="src/test/integration/EmailEdgeCases.test.js" name="Casos límite y manejo de errores del sistema de correo &gt; Casos límite de EmailService &gt; maneja correctamente emails sin asunto" time="0.0035596">
            <system-out>
Servicio de email inicializado para: maria.garcia@mywed360.com

🚀 [ssmzkrerv] Iniciando envío de email a: destinatario@example.com
📧 [ssmzkrerv] Intentando envío con Mailgun

✅ [ssmzkrerv] Mailgun exitoso: unknown
💾 [ssmzkrerv] Email guardado en localStorage y caché (folder: sent)

            </system-out>
            <failure message="&quot;undefined&quot; is not valid JSON" type="SyntaxError">
SyntaxError: &quot;undefined&quot; is not valid JSON
 ❯ src/test/integration/EmailEdgeCases.test.js:94:26
            </failure>
        </testcase>
        <testcase classname="src/test/integration/EmailEdgeCases.test.js" name="Casos límite y manejo de errores del sistema de correo &gt; Casos límite de EmailService &gt; maneja correctamente emails con adjuntos muy grandes" time="0.0093268">
            <system-out>
Servicio de email inicializado para: maria.garcia@mywed360.com

🚀 [xx03mqqau] Iniciando envío de email a: destinatario@example.com

            </system-out>
        </testcase>
        <testcase classname="src/test/integration/EmailEdgeCases.test.js" name="Casos límite y manejo de errores del sistema de correo &gt; Casos límite de EmailService &gt; gestiona fallos de red al enviar correos" time="0.0235557">
            <system-out>
Servicio de email inicializado para: maria.garcia@mywed360.com

🚀 [kv6kk28qu] Iniciando envío de email a: destinatario@example.com
📧 [kv6kk28qu] Intentando envío con Mailgun

⚠️ No se pudo obtener token de autenticación

            </system-out>
            <system-err>
Error en Cloud Function sendEmail: Error: Error de conexión de red
    at [90mC:\Users\Administrator\Documents\Lovenda\lovenda13123123 - copia\[39msrc\test\integration\EmailEdgeCases.test.js:128:42
    at [90mfile:///C:/Users/Administrator/Documents/Lovenda/lovenda13123123%20-%20copia/[39mnode_modules/[4m@vitest[24m/runner/dist/chunk-hooks.js:155:11
    at [90mfile:///C:/Users/Administrator/Documents/Lovenda/lovenda13123123%20-%20copia/[39mnode_modules/[4m@vitest[24m/runner/dist/chunk-hooks.js:752:26
    at [90mfile:///C:/Users/Administrator/Documents/Lovenda/lovenda13123123%20-%20copia/[39mnode_modules/[4m@vitest[24m/runner/dist/chunk-hooks.js:1897:20
    at new Promise (&lt;anonymous&gt;)
    at runWithTimeout [90m(file:///C:/Users/Administrator/Documents/Lovenda/lovenda13123123%20-%20copia/[39mnode_modules/[4m@vitest[24m/runner/dist/chunk-hooks.js:1863:10[90m)[39m
    at runTest [90m(file:///C:/Users/Administrator/Documents/Lovenda/lovenda13123123%20-%20copia/[39mnode_modules/[4m@vitest[24m/runner/dist/chunk-hooks.js:1574:12[90m)[39m
    at runSuite [90m(file:///C:/Users/Administrator/Documents/Lovenda/lovenda13123123%20-%20copia/[39mnode_modules/[4m@vitest[24m/runner/dist/chunk-hooks.js:1729:8[90m)[39m
    at runSuite [90m(file:///C:/Users/Administrator/Documents/Lovenda/lovenda13123123%20-%20copia/[39mnode_modules/[4m@vitest[24m/runner/dist/chunk-hooks.js:1729:8[90m)[39m
    at runSuite [90m(file:///C:/Users/Administrator/Documents/Lovenda/lovenda13123123%20-%20copia/[39mnode_modules/[4m@vitest[24m/runner/dist/chunk-hooks.js:1729:8[90m)[39m

Error al enviar correo con Mailgun: Error: Error de conexión de red
    at [90mC:\Users\Administrator\Documents\Lovenda\lovenda13123123 - copia\[39msrc\test\integration\EmailEdgeCases.test.js:128:42
    at [90mfile:///C:/Users/Administrator/Documents/Lovenda/lovenda13123123%20-%20copia/[39mnode_modules/[4m@vitest[24m/runner/dist/chunk-hooks.js:155:11
    at [90mfile:///C:/Users/Administrator/Documents/Lovenda/lovenda13123123%20-%20copia/[39mnode_modules/[4m@vitest[24m/runner/dist/chunk-hooks.js:752:26
    at [90mfile:///C:/Users/Administrator/Documents/Lovenda/lovenda13123123%20-%20copia/[39mnode_modules/[4m@vitest[24m/runner/dist/chunk-hooks.js:1897:20
    at new Promise (&lt;anonymous&gt;)
    at runWithTimeout [90m(file:///C:/Users/Administrator/Documents/Lovenda/lovenda13123123%20-%20copia/[39mnode_modules/[4m@vitest[24m/runner/dist/chunk-hooks.js:1863:10[90m)[39m
    at runTest [90m(file:///C:/Users/Administrator/Documents/Lovenda/lovenda13123123%20-%20copia/[39mnode_modules/[4m@vitest[24m/runner/dist/chunk-hooks.js:1574:12[90m)[39m
    at runSuite [90m(file:///C:/Users/Administrator/Documents/Lovenda/lovenda13123123%20-%20copia/[39mnode_modules/[4m@vitest[24m/runner/dist/chunk-hooks.js:1729:8[90m)[39m
    at runSuite [90m(file:///C:/Users/Administrator/Documents/Lovenda/lovenda13123123%20-%20copia/[39mnode_modules/[4m@vitest[24m/runner/dist/chunk-hooks.js:1729:8[90m)[39m
    at runSuite [90m(file:///C:/Users/Administrator/Documents/Lovenda/lovenda13123123%20-%20copia/[39mnode_modules/[4m@vitest[24m/runner/dist/chunk-hooks.js:1729:8[90m)[39m

Error con Mailgun, usando fallback: Error: Error de conexión de red
    at [90mC:\Users\Administrator\Documents\Lovenda\lovenda13123123 - copia\[39msrc\test\integration\EmailEdgeCases.test.js:128:42
    at [90mfile:///C:/Users/Administrator/Documents/Lovenda/lovenda13123123%20-%20copia/[39mnode_modules/[4m@vitest[24m/runner/dist/chunk-hooks.js:155:11
    at [90mfile:///C:/Users/Administrator/Documents/Lovenda/lovenda13123123%20-%20copia/[39mnode_modules/[4m@vitest[24m/runner/dist/chunk-hooks.js:752:26
    at [90mfile:///C:/Users/Administrator/Documents/Lovenda/lovenda13123123%20-%20copia/[39mnode_modules/[4m@vitest[24m/runner/dist/chunk-hooks.js:1897:20
    at new Promise (&lt;anonymous&gt;)
    at runWithTimeout [90m(file:///C:/Users/Administrator/Documents/Lovenda/lovenda13123123%20-%20copia/[39mnode_modules/[4m@vitest[24m/runner/dist/chunk-hooks.js:1863:10[90m)[39m
    at runTest [90m(file:///C:/Users/Administrator/Documents/Lovenda/lovenda13123123%20-%20copia/[39mnode_modules/[4m@vitest[24m/runner/dist/chunk-hooks.js:1574:12[90m)[39m
    at runSuite [90m(file:///C:/Users/Administrator/Documents/Lovenda/lovenda13123123%20-%20copia/[39mnode_modules/[4m@vitest[24m/runner/dist/chunk-hooks.js:1729:8[90m)[39m
    at runSuite [90m(file:///C:/Users/Administrator/Documents/Lovenda/lovenda13123123%20-%20copia/[39mnode_modules/[4m@vitest[24m/runner/dist/chunk-hooks.js:1729:8[90m)[39m
    at runSuite [90m(file:///C:/Users/Administrator/Documents/Lovenda/lovenda13123123%20-%20copia/[39mnode_modules/[4m@vitest[24m/runner/dist/chunk-hooks.js:1729:8[90m)[39m

            </system-err>
            <failure message="expected undefined to be true // Object.is equality" type="AssertionError">
AssertionError: expected undefined to be true // Object.is equality

- Expected: 
true

+ Received: 
undefined

 ❯ src/test/integration/EmailEdgeCases.test.js:141:36
            </failure>
        </testcase>
        <testcase classname="src/test/integration/EmailEdgeCases.test.js" name="Casos límite y manejo de errores del sistema de correo &gt; Casos límite de EmailService &gt; gestiona respuestas de error del servidor" time="0.031785">
            <system-out>
Servicio de email inicializado para: maria.garcia@mywed360.com

🚀 [za35g4b8k] Iniciando envío de email a: destinatario@example.com
📧 [za35g4b8k] Intentando envío con Mailgun

⚠️ No se pudo obtener token de autenticación

            </system-out>
            <system-err>
Error en Cloud Function sendEmail: TypeError: response.text is not a function
    at Module.sendEmail [90m(C:\Users\Administrator\Documents\Lovenda\lovenda13123123 - copia\[39msrc\services\mailgunService.js:74:40[90m)[39m
    at sendMailWithMailgun [90m(C:\Users\Administrator\Documents\Lovenda\lovenda13123123 - copia\[39msrc\services\emailService.js:605:20[90m)[39m
    at Module.sendMail [90m(C:\Users\Administrator\Documents\Lovenda\lovenda13123123 - copia\[39msrc\services\emailService.js:712:31[90m)[39m
    at [90mC:\Users\Administrator\Documents\Lovenda\lovenda13123123 - copia\[39msrc\test\integration\EmailEdgeCases.test.js:167:22
    at [90mfile:///C:/Users/Administrator/Documents/Lovenda/lovenda13123123%20-%20copia/[39mnode_modules/[4m@vitest[24m/runner/dist/chunk-hooks.js:752:20

Error al enviar correo con Mailgun: TypeError: response.text is not a function
    at Module.sendEmail [90m(C:\Users\Administrator\Documents\Lovenda\lovenda13123123 - copia\[39msrc\services\mailgunService.js:74:40[90m)[39m
    at sendMailWithMailgun [90m(C:\Users\Administrator\Documents\Lovenda\lovenda13123123 - copia\[39msrc\services\emailService.js:605:20[90m)[39m
    at Module.sendMail [90m(C:\Users\Administrator\Documents\Lovenda\lovenda13123123 - copia\[39msrc\services\emailService.js:712:31[90m)[39m
    at [90mC:\Users\Administrator\Documents\Lovenda\lovenda13123123 - copia\[39msrc\test\integration\EmailEdgeCases.test.js:167:22
    at [90mfile:///C:/Users/Administrator/Documents/Lovenda/lovenda13123123%20-%20copia/[39mnode_modules/[4m@vitest[24m/runner/dist/chunk-hooks.js:752:20

Error con Mailgun, usando fallback: TypeError: response.text is not a function
    at Module.sendEmail [90m(C:\Users\Administrator\Documents\Lovenda\lovenda13123123 - copia\[39msrc\services\mailgunService.js:74:40[90m)[39m
    at sendMailWithMailgun [90m(C:\Users\Administrator\Documents\Lovenda\lovenda13123123 - copia\[39msrc\services\emailService.js:605:20[90m)[39m
    at Module.sendMail [90m(C:\Users\Administrator\Documents\Lovenda\lovenda13123123 - copia\[39msrc\services\emailService.js:712:31[90m)[39m
    at [90mC:\Users\Administrator\Documents\Lovenda\lovenda13123123 - copia\[39msrc\test\integration\EmailEdgeCases.test.js:167:22
    at [90mfile:///C:/Users/Administrator/Documents/Lovenda/lovenda13123123%20-%20copia/[39mnode_modules/[4m@vitest[24m/runner/dist/chunk-hooks.js:752:20

            </system-err>
            <failure message="expected undefined to be true // Object.is equality" type="AssertionError">
AssertionError: expected undefined to be true // Object.is equality

- Expected: 
true

+ Received: 
undefined

 ❯ src/test/integration/EmailEdgeCases.test.js:170:36
            </failure>
        </testcase>
        <testcase classname="src/test/integration/EmailEdgeCases.test.js" name="Casos límite y manejo de errores del sistema de correo &gt; Casos límite de EmailService &gt; gestiona direcciones de correo malformadas" time="0.0314344">
            <system-out>
Servicio de email inicializado para: maria.garcia@mywed360.com

🚀 [03tneyokx] Iniciando envío de email a: esto-no-es-un-email
📧 [03tneyokx] Intentando envío con Mailgun

✅ [03tneyokx] Mailgun exitoso: unknown
💾 [03tneyokx] Email guardado en localStorage y caché (folder: sent)

            </system-out>
            <failure message="promise resolved &quot;{ success: true, id: &apos;unknown&apos;, …(8) }&quot; instead of rejecting" type="AssertionError">
AssertionError: promise resolved &quot;{ success: true, id: &apos;unknown&apos;, …(8) }&quot; instead of rejecting

- Expected
+ Received

- Error {
-   &quot;message&quot;: &quot;rejected promise&quot;,
+ {
+   &quot;attachments&quot;: [],
+   &quot;body&quot;: &quot;&lt;p&gt;Contenido de prueba&lt;/p&gt;&quot;,
+   &quot;date&quot;: &quot;2025-09-11T01:07:37.957Z&quot;,
+   &quot;folder&quot;: &quot;sent&quot;,
+   &quot;from&quot;: &quot;maria.garcia@mywed360.com&quot;,
+   &quot;id&quot;: &quot;unknown&quot;,
+   &quot;read&quot;: true,
+   &quot;subject&quot;: &quot;Correo inválido&quot;,
+   &quot;success&quot;: true,
+   &quot;to&quot;: &quot;esto-no-es-un-email&quot;,
  }

 ❯ src/test/integration/EmailEdgeCases.test.js:182:9
            </failure>
        </testcase>
        <testcase classname="src/test/integration/EmailEdgeCases.test.js" name="Casos límite y manejo de errores del sistema de correo &gt; Casos límite de TagService &gt; maneja correctamente nombres de etiquetas con caracteres especiales" time="0.0047351">
            <system-out>
Servicio de email inicializado para: maria.garcia@mywed360.com

            </system-out>
            <failure message="Cannot read properties of undefined (reading &apos;name&apos;)" type="TypeError">
TypeError: Cannot read properties of undefined (reading &apos;name&apos;)
 ❯ src/test/integration/EmailEdgeCases.test.js:195:27
            </failure>
        </testcase>
        <testcase classname="src/test/integration/EmailEdgeCases.test.js" name="Casos límite y manejo de errores del sistema de correo &gt; Casos límite de TagService &gt; maneja correctamente nombres de etiquetas muy largos" time="0.0029604">
            <system-out>
Servicio de email inicializado para: maria.garcia@mywed360.com

            </system-out>
        </testcase>
        <testcase classname="src/test/integration/EmailEdgeCases.test.js" name="Casos límite y manejo de errores del sistema de correo &gt; Casos límite de TagService &gt; gestiona múltiples operaciones simultáneas de etiquetado" time="0.0081061">
            <system-out>
Servicio de email inicializado para: maria.garcia@mywed360.com

            </system-out>
            <system-err>
Error al asignar etiqueta a correo: Error: La etiqueta especificada no existe
    at Module.addTagToEmail [90m(C:\Users\Administrator\Documents\Lovenda\lovenda13123123 - copia\[39msrc\services\tagService.js:227:13[90m)[39m
    at [90mC:\Users\Administrator\Documents\Lovenda\lovenda13123123 - copia\[39msrc\test\integration\EmailEdgeCases.test.js:217:18
    at [90mfile:///C:/Users/Administrator/Documents/Lovenda/lovenda13123123%20-%20copia/[39mnode_modules/[4m@vitest[24m/runner/dist/chunk-hooks.js:155:11
    at [90mfile:///C:/Users/Administrator/Documents/Lovenda/lovenda13123123%20-%20copia/[39mnode_modules/[4m@vitest[24m/runner/dist/chunk-hooks.js:752:26
    at [90mfile:///C:/Users/Administrator/Documents/Lovenda/lovenda13123123%20-%20copia/[39mnode_modules/[4m@vitest[24m/runner/dist/chunk-hooks.js:1897:20
    at new Promise (&lt;anonymous&gt;)
    at runWithTimeout [90m(file:///C:/Users/Administrator/Documents/Lovenda/lovenda13123123%20-%20copia/[39mnode_modules/[4m@vitest[24m/runner/dist/chunk-hooks.js:1863:10[90m)[39m
    at runTest [90m(file:///C:/Users/Administrator/Documents/Lovenda/lovenda13123123%20-%20copia/[39mnode_modules/[4m@vitest[24m/runner/dist/chunk-hooks.js:1574:12[90m)[39m
    at runSuite [90m(file:///C:/Users/Administrator/Documents/Lovenda/lovenda13123123%20-%20copia/[39mnode_modules/[4m@vitest[24m/runner/dist/chunk-hooks.js:1729:8[90m)[39m
    at runSuite [90m(file:///C:/Users/Administrator/Documents/Lovenda/lovenda13123123%20-%20copia/[39mnode_modules/[4m@vitest[24m/runner/dist/chunk-hooks.js:1729:8[90m)[39m

            </system-err>
            <failure message="La etiqueta especificada no existe" type="Error">
Error: La etiqueta especificada no existe
 ❯ Module.addTagToEmail src/services/tagService.js:227:13
 ❯ src/test/integration/EmailEdgeCases.test.js:217:18
            </failure>
        </testcase>
        <testcase classname="src/test/integration/EmailEdgeCases.test.js" name="Casos límite y manejo de errores del sistema de correo &gt; Casos límite de TagService &gt; gestiona errores de almacenamiento local" time="0.0087067">
            <system-out>
Servicio de email inicializado para: maria.garcia@mywed360.com

            </system-out>
            <system-err>
storage.saveJson error for key lovenda_email_tags_user123: Error: Error de almacenamiento
    at Object.&lt;anonymous&gt; [90m(C:\Users\Administrator\Documents\Lovenda\lovenda13123123 - copia\[39msrc\test\integration\EmailEdgeCases.test.js:235:15[90m)[39m
    at Object.mockCall [90m(file:///C:/Users/Administrator/Documents/Lovenda/lovenda13123123%20-%20copia/[39mnode_modules/[4m@vitest[24m/spy/dist/index.js:96:15[90m)[39m
    at Object.spy [as setItem] [90m(file:///C:/Users/Administrator/Documents/Lovenda/lovenda13123123%20-%20copia/[39mnode_modules/[4mtinyspy[24m/dist/index.js:47:103[90m)[39m
    at saveJson [90m(C:\Users\Administrator\Documents\Lovenda\lovenda13123123 - copia\[39msrc\utils\storage.js:60:11[90m)[39m
    at saveUserTags [90m(C:\Users\Administrator\Documents\Lovenda\lovenda13123123 - copia\[39msrc\services\tagService.js:176:11[90m)[39m
    at Module.createTag [90m(C:\Users\Administrator\Documents\Lovenda\lovenda13123123 - copia\[39msrc\services\tagService.js:119:5[90m)[39m
    at [90mC:\Users\Administrator\Documents\Lovenda\lovenda13123123 - copia\[39msrc\test\integration\EmailEdgeCases.test.js:239:31
    at Proxy.assertThrows [90m(file:///C:/Users/Administrator/Documents/Lovenda/lovenda13123123%20-%20copia/[39mnode_modules/[4mchai[24m/index.js:2767:5[90m)[39m
    at Proxy.methodWrapper [90m(file:///C:/Users/Administrator/Documents/Lovenda/lovenda13123123%20-%20copia/[39mnode_modules/[4mchai[24m/index.js:1686:25[90m)[39m
    at Proxy.&lt;anonymous&gt; [90m(file:///C:/Users/Administrator/Documents/Lovenda/lovenda13123123%20-%20copia/[39mnode_modules/[4m@vitest[24m/expect/dist/index.js:1088:12[90m)[39m

            </system-err>
        </testcase>
        <testcase classname="src/test/integration/EmailEdgeCases.test.js" name="Casos límite y manejo de errores del sistema de correo &gt; Pruebas de integración de casos límite &gt; gestiona correctamente la eliminación de una etiqueta asignada a múltiples correos" time="0.0048635">
            <system-out>
Servicio de email inicializado para: maria.garcia@mywed360.com

            </system-out>
            <system-err>
Error al asignar etiqueta a correo: Error: La etiqueta especificada no existe
    at Module.addTagToEmail [90m(C:\Users\Administrator\Documents\Lovenda\lovenda13123123 - copia\[39msrc\services\tagService.js:227:13[90m)[39m
    at [90mC:\Users\Administrator\Documents\Lovenda\lovenda13123123 - copia\[39msrc\test\integration\EmailEdgeCases.test.js:254:20
    at Array.forEach (&lt;anonymous&gt;)
    at [90mC:\Users\Administrator\Documents\Lovenda\lovenda13123123 - copia\[39msrc\test\integration\EmailEdgeCases.test.js:253:16
    at [90mfile:///C:/Users/Administrator/Documents/Lovenda/lovenda13123123%20-%20copia/[39mnode_modules/[4m@vitest[24m/runner/dist/chunk-hooks.js:155:11
    at [90mfile:///C:/Users/Administrator/Documents/Lovenda/lovenda13123123%20-%20copia/[39mnode_modules/[4m@vitest[24m/runner/dist/chunk-hooks.js:752:26
    at [90mfile:///C:/Users/Administrator/Documents/Lovenda/lovenda13123123%20-%20copia/[39mnode_modules/[4m@vitest[24m/runner/dist/chunk-hooks.js:1897:20
    at new Promise (&lt;anonymous&gt;)
    at runWithTimeout [90m(file:///C:/Users/Administrator/Documents/Lovenda/lovenda13123123%20-%20copia/[39mnode_modules/[4m@vitest[24m/runner/dist/chunk-hooks.js:1863:10[90m)[39m
    at runTest [90m(file:///C:/Users/Administrator/Documents/Lovenda/lovenda13123123%20-%20copia/[39mnode_modules/[4m@vitest[24m/runner/dist/chunk-hooks.js:1574:12[90m)[39m

            </system-err>
            <failure message="La etiqueta especificada no existe" type="Error">
Error: La etiqueta especificada no existe
 ❯ Module.addTagToEmail src/services/tagService.js:227:13
 ❯ src/test/integration/EmailEdgeCases.test.js:254:20
 ❯ src/test/integration/EmailEdgeCases.test.js:253:16
            </failure>
        </testcase>
        <testcase classname="src/test/integration/EmailEdgeCases.test.js" name="Casos límite y manejo de errores del sistema de correo &gt; Pruebas de integración de casos límite &gt; mantiene la consistencia al reintentar operaciones fallidas" time="0.0120049">
            <system-out>
Servicio de email inicializado para: maria.garcia@mywed360.com

🚀 [cu6qrvwbc] Iniciando envío de email a: destinatario@example.com
📧 [cu6qrvwbc] Intentando envío con Mailgun

⚠️ No se pudo obtener token de autenticación

            </system-out>
            <system-err>
Error en Cloud Function sendEmail: Error: Error de conexión
    at [90mC:\Users\Administrator\Documents\Lovenda\lovenda13123123 - copia\[39msrc\test\integration\EmailEdgeCases.test.js:279:42
    at [90mfile:///C:/Users/Administrator/Documents/Lovenda/lovenda13123123%20-%20copia/[39mnode_modules/[4m@vitest[24m/runner/dist/chunk-hooks.js:155:11
    at [90mfile:///C:/Users/Administrator/Documents/Lovenda/lovenda13123123%20-%20copia/[39mnode_modules/[4m@vitest[24m/runner/dist/chunk-hooks.js:752:26
    at [90mfile:///C:/Users/Administrator/Documents/Lovenda/lovenda13123123%20-%20copia/[39mnode_modules/[4m@vitest[24m/runner/dist/chunk-hooks.js:1897:20
    at new Promise (&lt;anonymous&gt;)
    at runWithTimeout [90m(file:///C:/Users/Administrator/Documents/Lovenda/lovenda13123123%20-%20copia/[39mnode_modules/[4m@vitest[24m/runner/dist/chunk-hooks.js:1863:10[90m)[39m
    at runTest [90m(file:///C:/Users/Administrator/Documents/Lovenda/lovenda13123123%20-%20copia/[39mnode_modules/[4m@vitest[24m/runner/dist/chunk-hooks.js:1574:12[90m)[39m
    at runSuite [90m(file:///C:/Users/Administrator/Documents/Lovenda/lovenda13123123%20-%20copia/[39mnode_modules/[4m@vitest[24m/runner/dist/chunk-hooks.js:1729:8[90m)[39m
    at runSuite [90m(file:///C:/Users/Administrator/Documents/Lovenda/lovenda13123123%20-%20copia/[39mnode_modules/[4m@vitest[24m/runner/dist/chunk-hooks.js:1729:8[90m)[39m
    at runSuite [90m(file:///C:/Users/Administrator/Documents/Lovenda/lovenda13123123%20-%20copia/[39mnode_modules/[4m@vitest[24m/runner/dist/chunk-hooks.js:1729:8[90m)[39m

Error al enviar correo con Mailgun: Error: Error de conexión
    at [90mC:\Users\Administrator\Documents\Lovenda\lovenda13123123 - copia\[39msrc\test\integration\EmailEdgeCases.test.js:279:42
    at [90mfile:///C:/Users/Administrator/Documents/Lovenda/lovenda13123123%20-%20copia/[39mnode_modules/[4m@vitest[24m/runner/dist/chunk-hooks.js:155:11
    at [90mfile:///C:/Users/Administrator/Documents/Lovenda/lovenda13123123%20-%20copia/[39mnode_modules/[4m@vitest[24m/runner/dist/chunk-hooks.js:752:26
    at [90mfile:///C:/Users/Administrator/Documents/Lovenda/lovenda13123123%20-%20copia/[39mnode_modules/[4m@vitest[24m/runner/dist/chunk-hooks.js:1897:20
    at new Promise (&lt;anonymous&gt;)
    at runWithTimeout [90m(file:///C:/Users/Administrator/Documents/Lovenda/lovenda13123123%20-%20copia/[39mnode_modules/[4m@vitest[24m/runner/dist/chunk-hooks.js:1863:10[90m)[39m
    at runTest [90m(file:///C:/Users/Administrator/Documents/Lovenda/lovenda13123123%20-%20copia/[39mnode_modules/[4m@vitest[24m/runner/dist/chunk-hooks.js:1574:12[90m)[39m
    at runSuite [90m(file:///C:/Users/Administrator/Documents/Lovenda/lovenda13123123%20-%20copia/[39mnode_modules/[4m@vitest[24m/runner/dist/chunk-hooks.js:1729:8[90m)[39m
    at runSuite [90m(file:///C:/Users/Administrator/Documents/Lovenda/lovenda13123123%20-%20copia/[39mnode_modules/[4m@vitest[24m/runner/dist/chunk-hooks.js:1729:8[90m)[39m
    at runSuite [90m(file:///C:/Users/Administrator/Documents/Lovenda/lovenda13123123%20-%20copia/[39mnode_modules/[4m@vitest[24m/runner/dist/chunk-hooks.js:1729:8[90m)[39m

Error con Mailgun, usando fallback: Error: Error de conexión
    at [90mC:\Users\Administrator\Documents\Lovenda\lovenda13123123 - copia\[39msrc\test\integration\EmailEdgeCases.test.js:279:42
    at [90mfile:///C:/Users/Administrator/Documents/Lovenda/lovenda13123123%20-%20copia/[39mnode_modules/[4m@vitest[24m/runner/dist/chunk-hooks.js:155:11
    at [90mfile:///C:/Users/Administrator/Documents/Lovenda/lovenda13123123%20-%20copia/[39mnode_modules/[4m@vitest[24m/runner/dist/chunk-hooks.js:752:26
    at [90mfile:///C:/Users/Administrator/Documents/Lovenda/lovenda13123123%20-%20copia/[39mnode_modules/[4m@vitest[24m/runner/dist/chunk-hooks.js:1897:20
    at new Promise (&lt;anonymous&gt;)
    at runWithTimeout [90m(file:///C:/Users/Administrator/Documents/Lovenda/lovenda13123123%20-%20copia/[39mnode_modules/[4m@vitest[24m/runner/dist/chunk-hooks.js:1863:10[90m)[39m
    at runTest [90m(file:///C:/Users/Administrator/Documents/Lovenda/lovenda13123123%20-%20copia/[39mnode_modules/[4m@vitest[24m/runner/dist/chunk-hooks.js:1574:12[90m)[39m
    at runSuite [90m(file:///C:/Users/Administrator/Documents/Lovenda/lovenda13123123%20-%20copia/[39mnode_modules/[4m@vitest[24m/runner/dist/chunk-hooks.js:1729:8[90m)[39m
    at runSuite [90m(file:///C:/Users/Administrator/Documents/Lovenda/lovenda13123123%20-%20copia/[39mnode_modules/[4m@vitest[24m/runner/dist/chunk-hooks.js:1729:8[90m)[39m
    at runSuite [90m(file:///C:/Users/Administrator/Documents/Lovenda/lovenda13123123%20-%20copia/[39mnode_modules/[4m@vitest[24m/runner/dist/chunk-hooks.js:1729:8[90m)[39m

            </system-err>
            <failure message="&quot;undefined&quot; is not valid JSON" type="SyntaxError">
SyntaxError: &quot;undefined&quot; is not valid JSON
 ❯ src/test/integration/EmailEdgeCases.test.js:301:31
            </failure>
        </testcase>
    </testsuite>
</testsuites>
