<?xml version="1.0" encoding="UTF-8" ?>
<testsuites name="vitest" tests="478" failures="161" errors="0" time="166.8628873">
    <testsuite name="src/__tests__/accessibility.test.jsx" timestamp="2025-09-10T16:49:43.584Z" hostname="dani" tests="1" failures="1" errors="0" skipped="0" time="0.1328648">
        <testcase classname="src/__tests__/accessibility.test.jsx" name="Accesibilidad global &gt; App no tiene violaciones de accesibilidad" time="0.1269394">
            <system-err>
🚨 JavaScript Error - 18:48:33
Details: {
  message: [32m&apos;[vitest] No &quot;AuthProvider&quot; export is defined on the &quot;@/hooks/useAuth&quot; mock. Did you forget to return it from &quot;vi.mock&quot;?\n&apos;[39m +
    [32m&apos;If you need to partially mock a module, you can use &quot;importOriginal&quot; helper inside:\n&apos;[39m,
  filename: [32m&apos;file:///C:/Users/Administrator/Documents/Lovenda/lovenda13123123%20-%20copia/node_modules/vitest/dist/chunks/execute.B7h3T_Hc.js&apos;[39m,
  lineno: [33m284[39m,
  colno: [33m17[39m,
  error: [32m&apos;Error: [vitest] No &quot;AuthProvider&quot; export is defined on the &quot;@/hooks/useAuth&quot; mock. Did you forget to return it from &quot;vi.mock&quot;?\n&apos;[39m +
    [32m&apos;If you need to partially mock a module, you can use &quot;importOriginal&quot; helper inside:\n&apos;[39m +
    [32m&apos;\n&apos;[39m +
    [32m&apos;    at VitestMocker.createError (file:///C:/Users/Administrator/Documents/Lovenda/lovenda13123123%20-%20copia/node_modules/vitest/dist/chunks/execute.B7h3T_Hc.js:284:17)\n&apos;[39m +
    [32m&apos;    at Object.get (file:///C:/Users/Administrator/Documents/Lovenda/lovenda13123123%20-%20copia/node_modules/vitest/dist/chunks/execute.B7h3T_Hc.js:330:16)\n&apos;[39m +
    [32m&apos;    at App (C:\\Users\\Administrator\\Documents\\Lovenda\\lovenda13123123 - copia\\src\\App.jsx:136:6)\n&apos;[39m +
    [32m&apos;    at renderWithHooks (C:\\Users\\Administrator\\Documents\\Lovenda\\lovenda13123123 - copia\\node_modules\\react-dom\\cjs\\react-dom.development.js:15486:18)\n&apos;[39m +
    [32m&apos;    at mountIndeterminateComponent (C:\\Users\\Administrator\\Documents\\Lovenda\\lovenda13123123 - copia\\node_modules\\react-dom\\cjs\\react-dom.development.js:20103:13)\n&apos;[39m +
    [32m&apos;    at beginWork (C:\\Users\\Administrator\\Documents\\Lovenda\\lovenda13123123 - copia\\node_modules\\react-dom\\cjs\\react-dom.development.js:21626:16)\n&apos;[39m +
    [32m&apos;    at HTMLUnknownElement.callCallback (C:\\Users\\Administrator\\Documents\\Lovenda\\lovenda13123123 - copia\\node_modules\\react-dom\\cjs\\react-dom.development.js:4164:14)\n&apos;[39m +
    [32m&apos;    at HTMLUnknownElement.callTheUserObjectsOperation (C:\\Users\\Administrator\\Documents\\Lovenda\\lovenda13123123 - copia\\node_modules\\jsdom\\lib\\jsdom\\living\\generated\\EventListener.js:26:30)\n&apos;[39m +
    [32m&apos;    at innerInvokeEventListeners (C:\\Users\\Administrator\\Documents\\Lovenda\\lovenda13123123 - copia\\node_modules\\jsdom\\lib\\jsdom\\living\\events\\EventTarget-impl.js:350:25)\n&apos;[39m +
    [32m&apos;    at invokeEventListeners (C:\\Users\\Administrator\\Documents\\Lovenda\\lovenda13123123 - copia\\node_modules\\jsdom\\lib\\jsdom\\living\\events\\EventTarget-impl.js:286:3)&apos;[39m
}
Full Error Entry: {
  id: [33m1757522913394.0835[39m,
  timestamp: [32m&apos;2025-09-10T16:48:33.394Z&apos;[39m,
  type: [32m&apos;JavaScript Error&apos;[39m,
  details: {
    message: [32m&apos;[vitest] No &quot;AuthProvider&quot; export is defined on the &quot;@/hooks/useAuth&quot; mock. Did you forget to return it from &quot;vi.mock&quot;?\n&apos;[39m +
      [32m&apos;If you need to partially mock a module, you can use &quot;importOriginal&quot; helper inside:\n&apos;[39m,
    filename: [32m&apos;file:///C:/Users/Administrator/Documents/Lovenda/lovenda13123123%20-%20copia/node_modules/vitest/dist/chunks/execute.B7h3T_Hc.js&apos;[39m,
    lineno: [33m284[39m,
    colno: [33m17[39m,
    error: [32m&apos;Error: [vitest] No &quot;AuthProvider&quot; export is defined on the &quot;@/hooks/useAuth&quot; mock. Did you forget to return it from &quot;vi.mock&quot;?\n&apos;[39m +
      [32m&apos;If you need to partially mock a module, you can use &quot;importOriginal&quot; helper inside:\n&apos;[39m +
      [32m&apos;\n&apos;[39m +
      [32m&apos;    at VitestMocker.createError (file:///C:/Users/Administrator/Documents/Lovenda/lovenda13123123%20-%20copia/node_modules/vitest/dist/chunks/execute.B7h3T_Hc.js:284:17)\n&apos;[39m +
      [32m&apos;    at Object.get (file:///C:/Users/Administrator/Documents/Lovenda/lovenda13123123%20-%20copia/node_modules/vitest/dist/chunks/execute.B7h3T_Hc.js:330:16)\n&apos;[39m +
      [32m&apos;    at App (C:\\Users\\Administrator\\Documents\\Lovenda\\lovenda13123123 - copia\\src\\App.jsx:136:6)\n&apos;[39m +
      [32m&apos;    at renderWithHooks (C:\\Users\\Administrator\\Documents\\Lovenda\\lovenda13123123 - copia\\node_modules\\react-dom\\cjs\\react-dom.development.js:15486:18)\n&apos;[39m +
      [32m&apos;    at mountIndeterminateComponent (C:\\Users\\Administrator\\Documents\\Lovenda\\lovenda13123123 - copia\\node_modules\\react-dom\\cjs\\react-dom.development.js:20103:13)\n&apos;[39m +
      [32m&apos;    at beginWork (C:\\Users\\Administrator\\Documents\\Lovenda\\lovenda13123123 - copia\\node_modules\\react-dom\\cjs\\react-dom.development.js:21626:16)\n&apos;[39m +
      [32m&apos;    at HTMLUnknownElement.callCallback (C:\\Users\\Administrator\\Documents\\Lovenda\\lovenda13123123 - copia\\node_modules\\react-dom\\cjs\\react-dom.development.js:4164:14)\n&apos;[39m +
      [32m&apos;    at HTMLUnknownElement.callTheUserObjectsOperation (C:\\Users\\Administrator\\Documents\\Lovenda\\lovenda13123123 - copia\\node_modules\\jsdom\\lib\\jsdom\\living\\generated\\EventListener.js:26:30)\n&apos;[39m +
      [32m&apos;    at innerInvokeEventListeners (C:\\Users\\Administrator\\Documents\\Lovenda\\lovenda13123123 - copia\\node_modules\\jsdom\\lib\\jsdom\\living\\events\\EventTarget-impl.js:350:25)\n&apos;[39m +
      [32m&apos;    at invokeEventListeners (C:\\Users\\Administrator\\Documents\\Lovenda\\lovenda13123123 - copia\\node_modules\\jsdom\\lib\\jsdom\\living\\events\\EventTarget-impl.js:286:3)&apos;[39m
  },
  userAgent: [32m&apos;Mozilla/5.0 (win32) AppleWebKit/537.36 (KHTML, like Gecko) jsdom/26.1.0&apos;[39m,
  url: [32m&apos;http://localhost:3000/&apos;[39m
}
🚨 Console Error - 18:48:33
Details: {
  args: [
    [32m&apos;Error: Uncaught [Error: [vitest] No &quot;AuthProvider&quot; export is defined on the &quot;@/hooks/useAuth&quot; mock. Did you forget to return it from &quot;vi.mock&quot;?\n&apos;[39m +
      [32m&apos;If you need to partially mock a module, you can use &quot;importOriginal&quot; helper inside:\n&apos;[39m +
      [32m&apos;]\n&apos;[39m +
      [32m&apos;    at reportException (C:\\Users\\Administrator\\Documents\\Lovenda\\lovenda13123123 - copia\\node_modules\\jsdom\\lib\\jsdom\\living\\helpers\\runtime-script-errors.js:66:24)\n&apos;[39m +
      [32m&apos;    at innerInvokeEventListeners (C:\\Users\\Administrator\\Documents\\Lovenda\\lovenda13123123 - copia\\node_modules\\jsdom\\lib\\jsdom\\living\\events\\EventTarget-impl.js:353:9)\n&apos;[39m +
      [32m&apos;    at invokeEventListeners (C:\\Users\\Administrator\\Documents\\Lovenda\\lovenda13123123 - copia\\node_modules\\jsdom\\lib\\jsdom\\living\\events\\EventTarget-impl.js:286:3)\n&apos;[39m +
      [32m&apos;    at HTMLUnknownElementImpl._dispatch (C:\\Users\\Administrator\\Documents\\Lovenda\\lovenda13123123 - copia\\node_modules\\jsdom\\lib\\jsdom\\living\\events\\EventTarget-impl.js:233:9)\n&apos;[39m +
      [32m&apos;    at HTMLUnknownElementImpl.dispatchEvent (C:\\Users\\Administrator\\Documents\\Lovenda\\lovenda13123123 - copia\\node_modules\\jsdom\\lib\\jsdom\\living\\events\\EventTarget-impl.js:104:17)\n&apos;[39m +
      [32m&apos;    at HTMLUnknownElement.dispatchEvent (C:\\Users\\Administrator\\Documents\\Lovenda\\lovenda13123123 - copia\\node_modules\\jsdom\\lib\\jsdom\\living\\generated\\EventTarget.js:241:34)\n&apos;[39m +
      [32m&apos;    at Object.invokeGuardedCallbackDev (C:\\Users\\Administrator\\Documents\\Lovenda\\lovenda13123123 - copia\\node_modules\\react-dom\\cjs\\react-dom.development.js:4213:16)\n&apos;[39m +
      [32m&apos;    at invokeGuardedCallback (C:\\Users\\Administrator\\Documents\\Lovenda\\lovenda13123123 - copia\\node_modules\\react-dom\\cjs\\react-dom.development.js:4277:31)\n&apos;[39m +
      [32m&apos;    at beginWork$1 (C:\\Users\\Administrator\\Documents\\Lovenda\\lovenda13123123 - copia\\node_modules\\react-dom\\cjs\\react-dom.development.js:27490:7)\n&apos;[39m +
      [32m&apos;    at performUnitOfWork (C:\\Users\\Administrator\\Documents\\Lovenda\\lovenda13123123 - copia\\node_modules\\react-dom\\cjs\\react-dom.development.js:26599:12)&apos;[39m,
    Error: [vitest] No &quot;AuthProvider&quot; export is defined on the &quot;@/hooks/useAuth&quot; mock. Did you forget to return it from &quot;vi.mock&quot;?
    If you need to partially mock a module, you can use &quot;importOriginal&quot; helper inside:
    
        at VitestMocker.createError [90m(file:///C:/Users/Administrator/Documents/Lovenda/lovenda13123123%20-%20copia/[39mnode_modules/[4mvitest[24m/dist/chunks/execute.B7h3T_Hc.js:284:17[90m)[39m
        at Object.get [90m(file:///C:/Users/Administrator/Documents/Lovenda/lovenda13123123%20-%20copia/[39mnode_modules/[4mvitest[24m/dist/chunks/execute.B7h3T_Hc.js:330:16[90m)[39m
        at App [90m(C:\Users\Administrator\Documents\Lovenda\lovenda13123123 - copia\[39msrc\App.jsx:136:6[90m)[39m
        at renderWithHooks [90m(C:\Users\Administrator\Documents\Lovenda\lovenda13123123 - copia\[39mnode_modules\[4mreact-dom[24m\cjs\react-dom.development.js:15486:18[90m)[39m
        at mountIndeterminateComponent [90m(C:\Users\Administrator\Documents\Lovenda\lovenda13123123 - copia\[39mnode_modules\[4mreact-dom[24m\cjs\react-dom.development.js:20103:13[90m)[39m
        at beginWork [90m(C:\Users\Administrator\Documents\Lovenda\lovenda13123123 - copia\[39mnode_modules\[4mreact-dom[24m\cjs\react-dom.development.js:21626:16[90m)[39m
        at HTMLUnknownElement.callCallback [90m(C:\Users\Administrator\Documents\Lovenda\lovenda13123123 - copia\[39mnode_modules\[4mreact-dom[24m\cjs\react-dom.development.js:4164:14[90m)[39m
        at HTMLUnknownElement.callTheUserObjectsOperation [90m(C:\Users\Administrator\Documents\Lovenda\lovenda13123123 - copia\[39mnode_modules\[4mjsdom[24m\lib\jsdom\living\generated\EventListener.js:26:30[90m)[39m
        at innerInvokeEventListeners [90m(C:\Users\Administrator\Documents\Lovenda\lovenda13123123 - copia\[39mnode_modules\[4mjsdom[24m\lib\jsdom\living\events\EventTarget-impl.js:350:25[90m)[39m
        at invokeEventListeners [90m(C:\Users\Administrator\Documents\Lovenda\lovenda13123123 - copia\[39mnode_modules\[4mjsdom[24m\lib\jsdom\living\events\EventTarget-impl.js:286:3[90m)[39m {
      codeFrame: [32m&apos;vi\x1B[33m.\x1B[39m\x1B[34mmock\x1B[39m(\x1B[35mimport\x1B[39m(\x1B[32m&quot;@/hooks/useAuth&quot;\x1B[39m)\x1B[33m,\x1B[39m \x1B[35masync\x1B[39m (importOriginal) \x1B[33m=&gt;\x1B[39m {\n&apos;[39m +
        [32m&apos;  \x1B[35mconst\x1B[39m actual \x1B[33m=\x1B[39m \x1B[35mawait\x1B[39m \x1B[34mimportOriginal\x1B[39m()\n&apos;[39m +
        [32m&apos;  \x1B[35mreturn\x1B[39m {\n&apos;[39m +
        [32m&apos;    \x1B[33m...\x1B[39mactual\x1B[33m,\x1B[39m\n&apos;[39m +
        [32m&apos;    \x1B[90m// your mocked methods\x1B[39m\n&apos;[39m +
        [32m&apos;  }\n&apos;[39m +
        [32m&apos;})&apos;[39m
    }
  ]
}
Full Error Entry: {
  id: [33m1757522913402.9001[39m,
  timestamp: [32m&apos;2025-09-10T16:48:33.402Z&apos;[39m,
  type: [32m&apos;Console Error&apos;[39m,
  details: {
    args: [
      [32m&apos;Error: Uncaught [Error: [vitest] No &quot;AuthProvider&quot; export is defined on the &quot;@/hooks/useAuth&quot; mock. Did you forget to return it from &quot;vi.mock&quot;?\n&apos;[39m +
        [32m&apos;If you need to partially mock a module, you can use &quot;importOriginal&quot; helper inside:\n&apos;[39m +
        [32m&apos;]\n&apos;[39m +
        [32m&apos;    at reportException (C:\\Users\\Administrator\\Documents\\Lovenda\\lovenda13123123 - copia\\node_modules\\jsdom\\lib\\jsdom\\living\\helpers\\runtime-script-errors.js:66:24)\n&apos;[39m +
        [32m&apos;    at innerInvokeEventListeners (C:\\Users\\Administrator\\Documents\\Lovenda\\lovenda13123123 - copia\\node_modules\\jsdom\\lib\\jsdom\\living\\events\\EventTarget-impl.js:353:9)\n&apos;[39m +
        [32m&apos;    at invokeEventListeners (C:\\Users\\Administrator\\Documents\\Lovenda\\lovenda13123123 - copia\\node_modules\\jsdom\\lib\\jsdom\\living\\events\\EventTarget-impl.js:286:3)\n&apos;[39m +
        [32m&apos;    at HTMLUnknownElementImpl._dispatch (C:\\Users\\Administrator\\Documents\\Lovenda\\lovenda13123123 - copia\\node_modules\\jsdom\\lib\\jsdom\\living\\events\\EventTarget-impl.js:233:9)\n&apos;[39m +
        [32m&apos;    at HTMLUnknownElementImpl.dispatchEvent (C:\\Users\\Administrator\\Documents\\Lovenda\\lovenda13123123 - copia\\node_modules\\jsdom\\lib\\jsdom\\living\\events\\EventTarget-impl.js:104:17)\n&apos;[39m +
        [32m&apos;    at HTMLUnknownElement.dispatchEvent (C:\\Users\\Administrator\\Documents\\Lovenda\\lovenda13123123 - copia\\node_modules\\jsdom\\lib\\jsdom\\living\\generated\\EventTarget.js:241:34)\n&apos;[39m +
        [32m&apos;    at Object.invokeGuardedCallbackDev (C:\\Users\\Administrator\\Documents\\Lovenda\\lovenda13123123 - copia\\node_modules\\react-dom\\cjs\\react-dom.development.js:4213:16)\n&apos;[39m +
        [32m&apos;    at invokeGuardedCallback (C:\\Users\\Administrator\\Documents\\Lovenda\\lovenda13123123 - copia\\node_modules\\react-dom\\cjs\\react-dom.development.js:4277:31)\n&apos;[39m +
        [32m&apos;    at beginWork$1 (C:\\Users\\Administrator\\Documents\\Lovenda\\lovenda13123123 - copia\\node_modules\\react-dom\\cjs\\react-dom.development.js:27490:7)\n&apos;[39m +
        [32m&apos;    at performUnitOfWork (C:\\Users\\Administrator\\Documents\\Lovenda\\lovenda13123123 - copia\\node_modules\\react-dom\\cjs\\react-dom.development.js:26599:12)&apos;[39m,
      [36m[Error][39m
    ]
  },
  userAgent: [32m&apos;Mozilla/5.0 (win32) AppleWebKit/537.36 (KHTML, like Gecko) jsdom/26.1.0&apos;[39m,
  url: [32m&apos;http://localhost:3000/&apos;[39m
}
Error: Uncaught [Error: [vitest] No &quot;AuthProvider&quot; export is defined on the &quot;@/hooks/useAuth&quot; mock. Did you forget to return it from &quot;vi.mock&quot;?
If you need to partially mock a module, you can use &quot;importOriginal&quot; helper inside:
]
    at reportException (C:\Users\Administrator\Documents\Lovenda\lovenda13123123 - copia\node_modules\jsdom\lib\jsdom\living\helpers\runtime-script-errors.js:66:24)
    at innerInvokeEventListeners (C:\Users\Administrator\Documents\Lovenda\lovenda13123123 - copia\node_modules\jsdom\lib\jsdom\living\events\EventTarget-impl.js:353:9)
    at invokeEventListeners (C:\Users\Administrator\Documents\Lovenda\lovenda13123123 - copia\node_modules\jsdom\lib\jsdom\living\events\EventTarget-impl.js:286:3)
    at HTMLUnknownElementImpl._dispatch (C:\Users\Administrator\Documents\Lovenda\lovenda13123123 - copia\node_modules\jsdom\lib\jsdom\living\events\EventTarget-impl.js:233:9)
    at HTMLUnknownElementImpl.dispatchEvent (C:\Users\Administrator\Documents\Lovenda\lovenda13123123 - copia\node_modules\jsdom\lib\jsdom\living\events\EventTarget-impl.js:104:17)
    at HTMLUnknownElement.dispatchEvent (C:\Users\Administrator\Documents\Lovenda\lovenda13123123 - copia\node_modules\jsdom\lib\jsdom\living\generated\EventTarget.js:241:34)
    at Object.invokeGuardedCallbackDev (C:\Users\Administrator\Documents\Lovenda\lovenda13123123 - copia\node_modules\react-dom\cjs\react-dom.development.js:4213:16)
    at invokeGuardedCallback (C:\Users\Administrator\Documents\Lovenda\lovenda13123123 - copia\node_modules\react-dom\cjs\react-dom.development.js:4277:31)
    at beginWork$1 (C:\Users\Administrator\Documents\Lovenda\lovenda13123123 - copia\node_modules\react-dom\cjs\react-dom.development.js:27490:7)
    at performUnitOfWork (C:\Users\Administrator\Documents\Lovenda\lovenda13123123 - copia\node_modules\react-dom\cjs\react-dom.development.js:26599:12) Error: [vitest] No &quot;AuthProvider&quot; export is defined on the &quot;@/hooks/useAuth&quot; mock. Did you forget to return it from &quot;vi.mock&quot;?
If you need to partially mock a module, you can use &quot;importOriginal&quot; helper inside:

    at VitestMocker.createError [90m(file:///C:/Users/Administrator/Documents/Lovenda/lovenda13123123%20-%20copia/[39mnode_modules/[4mvitest[24m/dist/chunks/execute.B7h3T_Hc.js:284:17[90m)[39m
    at Object.get [90m(file:///C:/Users/Administrator/Documents/Lovenda/lovenda13123123%20-%20copia/[39mnode_modules/[4mvitest[24m/dist/chunks/execute.B7h3T_Hc.js:330:16[90m)[39m
    at App [90m(C:\Users\Administrator\Documents\Lovenda\lovenda13123123 - copia\[39msrc\App.jsx:136:6[90m)[39m
    at renderWithHooks [90m(C:\Users\Administrator\Documents\Lovenda\lovenda13123123 - copia\[39mnode_modules\[4mreact-dom[24m\cjs\react-dom.development.js:15486:18[90m)[39m
    at mountIndeterminateComponent [90m(C:\Users\Administrator\Documents\Lovenda\lovenda13123123 - copia\[39mnode_modules\[4mreact-dom[24m\cjs\react-dom.development.js:20103:13[90m)[39m
    at beginWork [90m(C:\Users\Administrator\Documents\Lovenda\lovenda13123123 - copia\[39mnode_modules\[4mreact-dom[24m\cjs\react-dom.development.js:21626:16[90m)[39m
    at HTMLUnknownElement.callCallback [90m(C:\Users\Administrator\Documents\Lovenda\lovenda13123123 - copia\[39mnode_modules\[4mreact-dom[24m\cjs\react-dom.development.js:4164:14[90m)[39m
    at HTMLUnknownElement.callTheUserObjectsOperation [90m(C:\Users\Administrator\Documents\Lovenda\lovenda13123123 - copia\[39mnode_modules\[4mjsdom[24m\lib\jsdom\living\generated\EventListener.js:26:30[90m)[39m
    at innerInvokeEventListeners [90m(C:\Users\Administrator\Documents\Lovenda\lovenda13123123 - copia\[39mnode_modules\[4mjsdom[24m\lib\jsdom\living\events\EventTarget-impl.js:350:25[90m)[39m
    at invokeEventListeners [90m(C:\Users\Administrator\Documents\Lovenda\lovenda13123123 - copia\[39mnode_modules\[4mjsdom[24m\lib\jsdom\living\events\EventTarget-impl.js:286:3[90m)[39m {
  codeFrame: [32m&apos;vi\x1B[33m.\x1B[39m\x1B[34mmock\x1B[39m(\x1B[35mimport\x1B[39m(\x1B[32m&quot;@/hooks/useAuth&quot;\x1B[39m)\x1B[33m,\x1B[39m \x1B[35masync\x1B[39m (importOriginal) \x1B[33m=&gt;\x1B[39m {\n&apos;[39m +
    [32m&apos;  \x1B[35mconst\x1B[39m actual \x1B[33m=\x1B[39m \x1B[35mawait\x1B[39m \x1B[34mimportOriginal\x1B[39m()\n&apos;[39m +
    [32m&apos;  \x1B[35mreturn\x1B[39m {\n&apos;[39m +
    [32m&apos;    \x1B[33m...\x1B[39mactual\x1B[33m,\x1B[39m\n&apos;[39m +
    [32m&apos;    \x1B[90m// your mocked methods\x1B[39m\n&apos;[39m +
    [32m&apos;  }\n&apos;[39m +
    [32m&apos;})&apos;[39m
}
🚨 JavaScript Error - 18:48:33
Details: {
  message: [32m&apos;[vitest] No &quot;AuthProvider&quot; export is defined on the &quot;@/hooks/useAuth&quot; mock. Did you forget to return it from &quot;vi.mock&quot;?\n&apos;[39m +
    [32m&apos;If you need to partially mock a module, you can use &quot;importOriginal&quot; helper inside:\n&apos;[39m,
  filename: [32m&apos;file:///C:/Users/Administrator/Documents/Lovenda/lovenda13123123%20-%20copia/node_modules/vitest/dist/chunks/execute.B7h3T_Hc.js&apos;[39m,
  lineno: [33m284[39m,
  colno: [33m17[39m,
  error: [32m&apos;Error: [vitest] No &quot;AuthProvider&quot; export is defined on the &quot;@/hooks/useAuth&quot; mock. Did you forget to return it from &quot;vi.mock&quot;?\n&apos;[39m +
    [32m&apos;If you need to partially mock a module, you can use &quot;importOriginal&quot; helper inside:\n&apos;[39m +
    [32m&apos;\n&apos;[39m +
    [32m&apos;    at VitestMocker.createError (file:///C:/Users/Administrator/Documents/Lovenda/lovenda13123123%20-%20copia/node_modules/vitest/dist/chunks/execute.B7h3T_Hc.js:284:17)\n&apos;[39m +
    [32m&apos;    at Object.get (file:///C:/Users/Administrator/Documents/Lovenda/lovenda13123123%20-%20copia/node_modules/vitest/dist/chunks/execute.B7h3T_Hc.js:330:16)\n&apos;[39m +
    [32m&apos;    at App (C:\\Users\\Administrator\\Documents\\Lovenda\\lovenda13123123 - copia\\src\\App.jsx:136:6)\n&apos;[39m +
    [32m&apos;    at renderWithHooks (C:\\Users\\Administrator\\Documents\\Lovenda\\lovenda13123123 - copia\\node_modules\\react-dom\\cjs\\react-dom.development.js:15486:18)\n&apos;[39m +
    [32m&apos;    at mountIndeterminateComponent (C:\\Users\\Administrator\\Documents\\Lovenda\\lovenda13123123 - copia\\node_modules\\react-dom\\cjs\\react-dom.development.js:20103:13)\n&apos;[39m +
    [32m&apos;    at beginWork (C:\\Users\\Administrator\\Documents\\Lovenda\\lovenda13123123 - copia\\node_modules\\react-dom\\cjs\\react-dom.development.js:21626:16)\n&apos;[39m +
    [32m&apos;    at HTMLUnknownElement.callCallback (C:\\Users\\Administrator\\Documents\\Lovenda\\lovenda13123123 - copia\\node_modules\\react-dom\\cjs\\react-dom.development.js:4164:14)\n&apos;[39m +
    [32m&apos;    at HTMLUnknownElement.callTheUserObjectsOperation (C:\\Users\\Administrator\\Documents\\Lovenda\\lovenda13123123 - copia\\node_modules\\jsdom\\lib\\jsdom\\living\\generated\\EventListener.js:26:30)\n&apos;[39m +
    [32m&apos;    at innerInvokeEventListeners (C:\\Users\\Administrator\\Documents\\Lovenda\\lovenda13123123 - copia\\node_modules\\jsdom\\lib\\jsdom\\living\\events\\EventTarget-impl.js:350:25)\n&apos;[39m +
    [32m&apos;    at invokeEventListeners (C:\\Users\\Administrator\\Documents\\Lovenda\\lovenda13123123 - copia\\node_modules\\jsdom\\lib\\jsdom\\living\\events\\EventTarget-impl.js:286:3)&apos;[39m
}
Full Error Entry: {
  id: [33m1757522913440.67[39m,
  timestamp: [32m&apos;2025-09-10T16:48:33.440Z&apos;[39m,
  type: [32m&apos;JavaScript Error&apos;[39m,
  details: {
    message: [32m&apos;[vitest] No &quot;AuthProvider&quot; export is defined on the &quot;@/hooks/useAuth&quot; mock. Did you forget to return it from &quot;vi.mock&quot;?\n&apos;[39m +
      [32m&apos;If you need to partially mock a module, you can use &quot;importOriginal&quot; helper inside:\n&apos;[39m,
    filename: [32m&apos;file:///C:/Users/Administrator/Documents/Lovenda/lovenda13123123%20-%20copia/node_modules/vitest/dist/chunks/execute.B7h3T_Hc.js&apos;[39m,
    lineno: [33m284[39m,
    colno: [33m17[39m,
    error: [32m&apos;Error: [vitest] No &quot;AuthProvider&quot; export is defined on the &quot;@/hooks/useAuth&quot; mock. Did you forget to return it from &quot;vi.mock&quot;?\n&apos;[39m +
      [32m&apos;If you need to partially mock a module, you can use &quot;importOriginal&quot; helper inside:\n&apos;[39m +
      [32m&apos;\n&apos;[39m +
      [32m&apos;    at VitestMocker.createError (file:///C:/Users/Administrator/Documents/Lovenda/lovenda13123123%20-%20copia/node_modules/vitest/dist/chunks/execute.B7h3T_Hc.js:284:17)\n&apos;[39m +
      [32m&apos;    at Object.get (file:///C:/Users/Administrator/Documents/Lovenda/lovenda13123123%20-%20copia/node_modules/vitest/dist/chunks/execute.B7h3T_Hc.js:330:16)\n&apos;[39m +
      [32m&apos;    at App (C:\\Users\\Administrator\\Documents\\Lovenda\\lovenda13123123 - copia\\src\\App.jsx:136:6)\n&apos;[39m +
      [32m&apos;    at renderWithHooks (C:\\Users\\Administrator\\Documents\\Lovenda\\lovenda13123123 - copia\\node_modules\\react-dom\\cjs\\react-dom.development.js:15486:18)\n&apos;[39m +
      [32m&apos;    at mountIndeterminateComponent (C:\\Users\\Administrator\\Documents\\Lovenda\\lovenda13123123 - copia\\node_modules\\react-dom\\cjs\\react-dom.development.js:20103:13)\n&apos;[39m +
      [32m&apos;    at beginWork (C:\\Users\\Administrator\\Documents\\Lovenda\\lovenda13123123 - copia\\node_modules\\react-dom\\cjs\\react-dom.development.js:21626:16)\n&apos;[39m +
      [32m&apos;    at HTMLUnknownElement.callCallback (C:\\Users\\Administrator\\Documents\\Lovenda\\lovenda13123123 - copia\\node_modules\\react-dom\\cjs\\react-dom.development.js:4164:14)\n&apos;[39m +
      [32m&apos;    at HTMLUnknownElement.callTheUserObjectsOperation (C:\\Users\\Administrator\\Documents\\Lovenda\\lovenda13123123 - copia\\node_modules\\jsdom\\lib\\jsdom\\living\\generated\\EventListener.js:26:30)\n&apos;[39m +
      [32m&apos;    at innerInvokeEventListeners (C:\\Users\\Administrator\\Documents\\Lovenda\\lovenda13123123 - copia\\node_modules\\jsdom\\lib\\jsdom\\living\\events\\EventTarget-impl.js:350:25)\n&apos;[39m +
      [32m&apos;    at invokeEventListeners (C:\\Users\\Administrator\\Documents\\Lovenda\\lovenda13123123 - copia\\node_modules\\jsdom\\lib\\jsdom\\living\\events\\EventTarget-impl.js:286:3)&apos;[39m
  },
  userAgent: [32m&apos;Mozilla/5.0 (win32) AppleWebKit/537.36 (KHTML, like Gecko) jsdom/26.1.0&apos;[39m,
  url: [32m&apos;http://localhost:3000/&apos;[39m
}
🚨 Console Error - 18:48:33
Details: {
  args: [
    [32m&apos;Error: Uncaught [Error: [vitest] No &quot;AuthProvider&quot; export is defined on the &quot;@/hooks/useAuth&quot; mock. Did you forget to return it from &quot;vi.mock&quot;?\n&apos;[39m +
      [32m&apos;If you need to partially mock a module, you can use &quot;importOriginal&quot; helper inside:\n&apos;[39m +
      [32m&apos;]\n&apos;[39m +
      [32m&apos;    at reportException (C:\\Users\\Administrator\\Documents\\Lovenda\\lovenda13123123 - copia\\node_modules\\jsdom\\lib\\jsdom\\living\\helpers\\runtime-script-errors.js:66:24)\n&apos;[39m +
      [32m&apos;    at innerInvokeEventListeners (C:\\Users\\Administrator\\Documents\\Lovenda\\lovenda13123123 - copia\\node_modules\\jsdom\\lib\\jsdom\\living\\events\\EventTarget-impl.js:353:9)\n&apos;[39m +
      [32m&apos;    at invokeEventListeners (C:\\Users\\Administrator\\Documents\\Lovenda\\lovenda13123123 - copia\\node_modules\\jsdom\\lib\\jsdom\\living\\events\\EventTarget-impl.js:286:3)\n&apos;[39m +
      [32m&apos;    at HTMLUnknownElementImpl._dispatch (C:\\Users\\Administrator\\Documents\\Lovenda\\lovenda13123123 - copia\\node_modules\\jsdom\\lib\\jsdom\\living\\events\\EventTarget-impl.js:233:9)\n&apos;[39m +
      [32m&apos;    at HTMLUnknownElementImpl.dispatchEvent (C:\\Users\\Administrator\\Documents\\Lovenda\\lovenda13123123 - copia\\node_modules\\jsdom\\lib\\jsdom\\living\\events\\EventTarget-impl.js:104:17)\n&apos;[39m +
      [32m&apos;    at HTMLUnknownElement.dispatchEvent (C:\\Users\\Administrator\\Documents\\Lovenda\\lovenda13123123 - copia\\node_modules\\jsdom\\lib\\jsdom\\living\\generated\\EventTarget.js:241:34)\n&apos;[39m +
      [32m&apos;    at Object.invokeGuardedCallbackDev (C:\\Users\\Administrator\\Documents\\Lovenda\\lovenda13123123 - copia\\node_modules\\react-dom\\cjs\\react-dom.development.js:4213:16)\n&apos;[39m +
      [32m&apos;    at invokeGuardedCallback (C:\\Users\\Administrator\\Documents\\Lovenda\\lovenda13123123 - copia\\node_modules\\react-dom\\cjs\\react-dom.development.js:4277:31)\n&apos;[39m +
      [32m&apos;    at beginWork$1 (C:\\Users\\Administrator\\Documents\\Lovenda\\lovenda13123123 - copia\\node_modules\\react-dom\\cjs\\react-dom.development.js:27490:7)\n&apos;[39m +
      [32m&apos;    at performUnitOfWork (C:\\Users\\Administrator\\Documents\\Lovenda\\lovenda13123123 - copia\\node_modules\\react-dom\\cjs\\react-dom.development.js:26599:12)&apos;[39m,
    Error: [vitest] No &quot;AuthProvider&quot; export is defined on the &quot;@/hooks/useAuth&quot; mock. Did you forget to return it from &quot;vi.mock&quot;?
    If you need to partially mock a module, you can use &quot;importOriginal&quot; helper inside:
    
        at VitestMocker.createError [90m(file:///C:/Users/Administrator/Documents/Lovenda/lovenda13123123%20-%20copia/[39mnode_modules/[4mvitest[24m/dist/chunks/execute.B7h3T_Hc.js:284:17[90m)[39m
        at Object.get [90m(file:///C:/Users/Administrator/Documents/Lovenda/lovenda13123123%20-%20copia/[39mnode_modules/[4mvitest[24m/dist/chunks/execute.B7h3T_Hc.js:330:16[90m)[39m
        at App [90m(C:\Users\Administrator\Documents\Lovenda\lovenda13123123 - copia\[39msrc\App.jsx:136:6[90m)[39m
        at renderWithHooks [90m(C:\Users\Administrator\Documents\Lovenda\lovenda13123123 - copia\[39mnode_modules\[4mreact-dom[24m\cjs\react-dom.development.js:15486:18[90m)[39m
        at mountIndeterminateComponent [90m(C:\Users\Administrator\Documents\Lovenda\lovenda13123123 - copia\[39mnode_modules\[4mreact-dom[24m\cjs\react-dom.development.js:20103:13[90m)[39m
        at beginWork [90m(C:\Users\Administrator\Documents\Lovenda\lovenda13123123 - copia\[39mnode_modules\[4mreact-dom[24m\cjs\react-dom.development.js:21626:16[90m)[39m
        at HTMLUnknownElement.callCallback [90m(C:\Users\Administrator\Documents\Lovenda\lovenda13123123 - copia\[39mnode_modules\[4mreact-dom[24m\cjs\react-dom.development.js:4164:14[90m)[39m
        at HTMLUnknownElement.callTheUserObjectsOperation [90m(C:\Users\Administrator\Documents\Lovenda\lovenda13123123 - copia\[39mnode_modules\[4mjsdom[24m\lib\jsdom\living\generated\EventListener.js:26:30[90m)[39m
        at innerInvokeEventListeners [90m(C:\Users\Administrator\Documents\Lovenda\lovenda13123123 - copia\[39mnode_modules\[4mjsdom[24m\lib\jsdom\living\events\EventTarget-impl.js:350:25[90m)[39m
        at invokeEventListeners [90m(C:\Users\Administrator\Documents\Lovenda\lovenda13123123 - copia\[39mnode_modules\[4mjsdom[24m\lib\jsdom\living\events\EventTarget-impl.js:286:3[90m)[39m {
      codeFrame: [32m&apos;vi\x1B[33m.\x1B[39m\x1B[34mmock\x1B[39m(\x1B[35mimport\x1B[39m(\x1B[32m&quot;@/hooks/useAuth&quot;\x1B[39m)\x1B[33m,\x1B[39m \x1B[35masync\x1B[39m (importOriginal) \x1B[33m=&gt;\x1B[39m {\n&apos;[39m +
        [32m&apos;  \x1B[35mconst\x1B[39m actual \x1B[33m=\x1B[39m \x1B[35mawait\x1B[39m \x1B[34mimportOriginal\x1B[39m()\n&apos;[39m +
        [32m&apos;  \x1B[35mreturn\x1B[39m {\n&apos;[39m +
        [32m&apos;    \x1B[33m...\x1B[39mactual\x1B[33m,\x1B[39m\n&apos;[39m +
        [32m&apos;    \x1B[90m// your mocked methods\x1B[39m\n&apos;[39m +
        [32m&apos;  }\n&apos;[39m +
        [32m&apos;})&apos;[39m
    }
  ]
}
Full Error Entry: {
  id: [33m1757522913441.4023[39m,
  timestamp: [32m&apos;2025-09-10T16:48:33.441Z&apos;[39m,
  type: [32m&apos;Console Error&apos;[39m,
  details: {
    args: [
      [32m&apos;Error: Uncaught [Error: [vitest] No &quot;AuthProvider&quot; export is defined on the &quot;@/hooks/useAuth&quot; mock. Did you forget to return it from &quot;vi.mock&quot;?\n&apos;[39m +
        [32m&apos;If you need to partially mock a module, you can use &quot;importOriginal&quot; helper inside:\n&apos;[39m +
        [32m&apos;]\n&apos;[39m +
        [32m&apos;    at reportException (C:\\Users\\Administrator\\Documents\\Lovenda\\lovenda13123123 - copia\\node_modules\\jsdom\\lib\\jsdom\\living\\helpers\\runtime-script-errors.js:66:24)\n&apos;[39m +
        [32m&apos;    at innerInvokeEventListeners (C:\\Users\\Administrator\\Documents\\Lovenda\\lovenda13123123 - copia\\node_modules\\jsdom\\lib\\jsdom\\living\\events\\EventTarget-impl.js:353:9)\n&apos;[39m +
        [32m&apos;    at invokeEventListeners (C:\\Users\\Administrator\\Documents\\Lovenda\\lovenda13123123 - copia\\node_modules\\jsdom\\lib\\jsdom\\living\\events\\EventTarget-impl.js:286:3)\n&apos;[39m +
        [32m&apos;    at HTMLUnknownElementImpl._dispatch (C:\\Users\\Administrator\\Documents\\Lovenda\\lovenda13123123 - copia\\node_modules\\jsdom\\lib\\jsdom\\living\\events\\EventTarget-impl.js:233:9)\n&apos;[39m +
        [32m&apos;    at HTMLUnknownElementImpl.dispatchEvent (C:\\Users\\Administrator\\Documents\\Lovenda\\lovenda13123123 - copia\\node_modules\\jsdom\\lib\\jsdom\\living\\events\\EventTarget-impl.js:104:17)\n&apos;[39m +
        [32m&apos;    at HTMLUnknownElement.dispatchEvent (C:\\Users\\Administrator\\Documents\\Lovenda\\lovenda13123123 - copia\\node_modules\\jsdom\\lib\\jsdom\\living\\generated\\EventTarget.js:241:34)\n&apos;[39m +
        [32m&apos;    at Object.invokeGuardedCallbackDev (C:\\Users\\Administrator\\Documents\\Lovenda\\lovenda13123123 - copia\\node_modules\\react-dom\\cjs\\react-dom.development.js:4213:16)\n&apos;[39m +
        [32m&apos;    at invokeGuardedCallback (C:\\Users\\Administrator\\Documents\\Lovenda\\lovenda13123123 - copia\\node_modules\\react-dom\\cjs\\react-dom.development.js:4277:31)\n&apos;[39m +
        [32m&apos;    at beginWork$1 (C:\\Users\\Administrator\\Documents\\Lovenda\\lovenda13123123 - copia\\node_modules\\react-dom\\cjs\\react-dom.development.js:27490:7)\n&apos;[39m +
        [32m&apos;    at performUnitOfWork (C:\\Users\\Administrator\\Documents\\Lovenda\\lovenda13123123 - copia\\node_modules\\react-dom\\cjs\\react-dom.development.js:26599:12)&apos;[39m,
      [36m[Error][39m
    ]
  },
  userAgent: [32m&apos;Mozilla/5.0 (win32) AppleWebKit/537.36 (KHTML, like Gecko) jsdom/26.1.0&apos;[39m,
  url: [32m&apos;http://localhost:3000/&apos;[39m
}
Error: Uncaught [Error: [vitest] No &quot;AuthProvider&quot; export is defined on the &quot;@/hooks/useAuth&quot; mock. Did you forget to return it from &quot;vi.mock&quot;?
If you need to partially mock a module, you can use &quot;importOriginal&quot; helper inside:
]
    at reportException (C:\Users\Administrator\Documents\Lovenda\lovenda13123123 - copia\node_modules\jsdom\lib\jsdom\living\helpers\runtime-script-errors.js:66:24)
    at innerInvokeEventListeners (C:\Users\Administrator\Documents\Lovenda\lovenda13123123 - copia\node_modules\jsdom\lib\jsdom\living\events\EventTarget-impl.js:353:9)
    at invokeEventListeners (C:\Users\Administrator\Documents\Lovenda\lovenda13123123 - copia\node_modules\jsdom\lib\jsdom\living\events\EventTarget-impl.js:286:3)
    at HTMLUnknownElementImpl._dispatch (C:\Users\Administrator\Documents\Lovenda\lovenda13123123 - copia\node_modules\jsdom\lib\jsdom\living\events\EventTarget-impl.js:233:9)
    at HTMLUnknownElementImpl.dispatchEvent (C:\Users\Administrator\Documents\Lovenda\lovenda13123123 - copia\node_modules\jsdom\lib\jsdom\living\events\EventTarget-impl.js:104:17)
    at HTMLUnknownElement.dispatchEvent (C:\Users\Administrator\Documents\Lovenda\lovenda13123123 - copia\node_modules\jsdom\lib\jsdom\living\generated\EventTarget.js:241:34)
    at Object.invokeGuardedCallbackDev (C:\Users\Administrator\Documents\Lovenda\lovenda13123123 - copia\node_modules\react-dom\cjs\react-dom.development.js:4213:16)
    at invokeGuardedCallback (C:\Users\Administrator\Documents\Lovenda\lovenda13123123 - copia\node_modules\react-dom\cjs\react-dom.development.js:4277:31)
    at beginWork$1 (C:\Users\Administrator\Documents\Lovenda\lovenda13123123 - copia\node_modules\react-dom\cjs\react-dom.development.js:27490:7)
    at performUnitOfWork (C:\Users\Administrator\Documents\Lovenda\lovenda13123123 - copia\node_modules\react-dom\cjs\react-dom.development.js:26599:12) Error: [vitest] No &quot;AuthProvider&quot; export is defined on the &quot;@/hooks/useAuth&quot; mock. Did you forget to return it from &quot;vi.mock&quot;?
If you need to partially mock a module, you can use &quot;importOriginal&quot; helper inside:

    at VitestMocker.createError [90m(file:///C:/Users/Administrator/Documents/Lovenda/lovenda13123123%20-%20copia/[39mnode_modules/[4mvitest[24m/dist/chunks/execute.B7h3T_Hc.js:284:17[90m)[39m
    at Object.get [90m(file:///C:/Users/Administrator/Documents/Lovenda/lovenda13123123%20-%20copia/[39mnode_modules/[4mvitest[24m/dist/chunks/execute.B7h3T_Hc.js:330:16[90m)[39m
    at App [90m(C:\Users\Administrator\Documents\Lovenda\lovenda13123123 - copia\[39msrc\App.jsx:136:6[90m)[39m
    at renderWithHooks [90m(C:\Users\Administrator\Documents\Lovenda\lovenda13123123 - copia\[39mnode_modules\[4mreact-dom[24m\cjs\react-dom.development.js:15486:18[90m)[39m
    at mountIndeterminateComponent [90m(C:\Users\Administrator\Documents\Lovenda\lovenda13123123 - copia\[39mnode_modules\[4mreact-dom[24m\cjs\react-dom.development.js:20103:13[90m)[39m
    at beginWork [90m(C:\Users\Administrator\Documents\Lovenda\lovenda13123123 - copia\[39mnode_modules\[4mreact-dom[24m\cjs\react-dom.development.js:21626:16[90m)[39m
    at HTMLUnknownElement.callCallback [90m(C:\Users\Administrator\Documents\Lovenda\lovenda13123123 - copia\[39mnode_modules\[4mreact-dom[24m\cjs\react-dom.development.js:4164:14[90m)[39m
    at HTMLUnknownElement.callTheUserObjectsOperation [90m(C:\Users\Administrator\Documents\Lovenda\lovenda13123123 - copia\[39mnode_modules\[4mjsdom[24m\lib\jsdom\living\generated\EventListener.js:26:30[90m)[39m
    at innerInvokeEventListeners [90m(C:\Users\Administrator\Documents\Lovenda\lovenda13123123 - copia\[39mnode_modules\[4mjsdom[24m\lib\jsdom\living\events\EventTarget-impl.js:350:25[90m)[39m
    at invokeEventListeners [90m(C:\Users\Administrator\Documents\Lovenda\lovenda13123123 - copia\[39mnode_modules\[4mjsdom[24m\lib\jsdom\living\events\EventTarget-impl.js:286:3[90m)[39m {
  codeFrame: [32m&apos;vi\x1B[33m.\x1B[39m\x1B[34mmock\x1B[39m(\x1B[35mimport\x1B[39m(\x1B[32m&quot;@/hooks/useAuth&quot;\x1B[39m)\x1B[33m,\x1B[39m \x1B[35masync\x1B[39m (importOriginal) \x1B[33m=&gt;\x1B[39m {\n&apos;[39m +
    [32m&apos;  \x1B[35mconst\x1B[39m actual \x1B[33m=\x1B[39m \x1B[35mawait\x1B[39m \x1B[34mimportOriginal\x1B[39m()\n&apos;[39m +
    [32m&apos;  \x1B[35mreturn\x1B[39m {\n&apos;[39m +
    [32m&apos;    \x1B[33m...\x1B[39mactual\x1B[33m,\x1B[39m\n&apos;[39m +
    [32m&apos;    \x1B[90m// your mocked methods\x1B[39m\n&apos;[39m +
    [32m&apos;  }\n&apos;[39m +
    [32m&apos;})&apos;[39m
}
🚨 Console Error - 18:48:33
Details: {
  args: [
    [32m&apos;The above error occurred in the &lt;App&gt; component:\n&apos;[39m +
      [32m&apos;\n&apos;[39m +
      [32m&apos;    at App (C:\\Users\\Administrator\\Documents\\Lovenda\\lovenda13123123 - copia\\src\\App.jsx:172:33)\n&apos;[39m +
      [32m&apos;\n&apos;[39m +
      [32m&apos;Consider adding an error boundary to your tree to customize error handling behavior.\n&apos;[39m +
      [32m&apos;Visit https://reactjs.org/link/error-boundaries to learn more about error boundaries.&apos;[39m
  ]
}
Full Error Entry: {
  id: [33m1757522913449.469[39m,
  timestamp: [32m&apos;2025-09-10T16:48:33.450Z&apos;[39m,
  type: [32m&apos;Console Error&apos;[39m,
  details: {
    args: [
      [32m&apos;The above error occurred in the &lt;App&gt; component:\n&apos;[39m +
        [32m&apos;\n&apos;[39m +
        [32m&apos;    at App (C:\\Users\\Administrator\\Documents\\Lovenda\\lovenda13123123 - copia\\src\\App.jsx:172:33)\n&apos;[39m +
        [32m&apos;\n&apos;[39m +
        [32m&apos;Consider adding an error boundary to your tree to customize error handling behavior.\n&apos;[39m +
        [32m&apos;Visit https://reactjs.org/link/error-boundaries to learn more about error boundaries.&apos;[39m
    ]
  },
  userAgent: [32m&apos;Mozilla/5.0 (win32) AppleWebKit/537.36 (KHTML, like Gecko) jsdom/26.1.0&apos;[39m,
  url: [32m&apos;http://localhost:3000/&apos;[39m
}
The above error occurred in the &lt;App&gt; component:

    at App (C:\Users\Administrator\Documents\Lovenda\lovenda13123123 - copia\src\App.jsx:172:33)

Consider adding an error boundary to your tree to customize error handling behavior.
Visit https://reactjs.org/link/error-boundaries to learn more about error boundaries.

            </system-err>
            <failure message="[vitest] No &quot;AuthProvider&quot; export is defined on the &quot;@/hooks/useAuth&quot; mock. Did you forget to return it from &quot;vi.mock&quot;?
If you need to partially mock a module, you can use &quot;importOriginal&quot; helper inside:
" type="Error">
Error: [vitest] No &quot;AuthProvider&quot; export is defined on the &quot;@/hooks/useAuth&quot; mock. Did you forget to return it from &quot;vi.mock&quot;?
If you need to partially mock a module, you can use &quot;importOriginal&quot; helper inside:

vi.mock(import(&quot;@/hooks/useAuth&quot;), async (importOriginal) =&gt; {
  const actual = await importOriginal()
  return {
    ...actual,
    // your mocked methods
  }
})

 ❯ App src/App.jsx:136:6
 ❯ renderWithHooks node_modules/react-dom/cjs/react-dom.development.js:15486:18
 ❯ mountIndeterminateComponent node_modules/react-dom/cjs/react-dom.development.js:20103:13
 ❯ beginWork node_modules/react-dom/cjs/react-dom.development.js:21626:16
 ❯ beginWork$1 node_modules/react-dom/cjs/react-dom.development.js:27465:14
 ❯ performUnitOfWork node_modules/react-dom/cjs/react-dom.development.js:26599:12
 ❯ workLoopSync node_modules/react-dom/cjs/react-dom.development.js:26505:5
 ❯ renderRootSync node_modules/react-dom/cjs/react-dom.development.js:26473:7
            </failure>
        </testcase>
    </testsuite>
    <testsuite name="src/__tests__/AutomationRulesService.test.js" timestamp="2025-09-10T16:49:43.597Z" hostname="dani" tests="3" failures="0" errors="0" skipped="0" time="0.0285352">
        <testcase classname="src/__tests__/AutomationRulesService.test.js" name="AutomationRulesService &gt; listRules devuelve lista" time="0.0106677">
        </testcase>
        <testcase classname="src/__tests__/AutomationRulesService.test.js" name="AutomationRulesService &gt; upsertRule hace POST y devuelve la regla guardada" time="0.0047413">
        </testcase>
        <testcase classname="src/__tests__/AutomationRulesService.test.js" name="AutomationRulesService &gt; evaluateTrigger devuelve acciones" time="0.0086235">
        </testcase>
    </testsuite>
    <testsuite name="src/__tests__/budgetEmailService.test.js" timestamp="2025-09-10T16:49:43.601Z" hostname="dani" tests="2" failures="0" errors="0" skipped="0" time="0.0495648">
        <testcase classname="src/__tests__/budgetEmailService.test.js" name="sendBudgetStatusEmail &gt; envía email cuando status es accepted" time="0.0407546">
        </testcase>
        <testcase classname="src/__tests__/budgetEmailService.test.js" name="sendBudgetStatusEmail &gt; envía email cuando status es rejected" time="0.0013746">
        </testcase>
    </testsuite>
    <testsuite name="src/__tests__/EmailTrackingService.test.js" timestamp="2025-09-10T16:49:43.605Z" hostname="dani" tests="3" failures="3" errors="0" skipped="0" time="0.1007189">
        <testcase classname="src/__tests__/EmailTrackingService.test.js" name="EmailTrackingService (mínimo) &gt; crea un seguimiento en estado WAITING con un hilo inicial" time="0.042664">
            <system-err>
Error al cargar datos: FirebaseError: Firebase: No Firebase App &apos;[DEFAULT]&apos; has been created - call initializeApp() first (app/no-app).
    at getApp [90m(file:///C:/Users/Administrator/Documents/Lovenda/lovenda13123123%20-%20copia/[39mnode_modules/[4m@firebase[24m/app/dist/esm/index.esm2017.js:657:29[90m)[39m
    at getAuth [90m(file:///C:/Users/Administrator/Documents/Lovenda/lovenda13123123%20-%20copia/[39mnode_modules/[4mfirebase[24m/node_modules/[4m@firebase[24m/auth/dist/node-esm/totp-219bb96f.js:7088:24[90m)[39m
    at loadData [90m(C:\Users\Administrator\Documents\Lovenda\lovenda13123123 - copia\[39msrc\services\SyncService.js:125:27[90m)[39m
    at loadTrackingRecords [90m(C:\Users\Administrator\Documents\Lovenda\lovenda13123123 - copia\[39msrc\services\EmailTrackingService.js:49:18[90m)[39m
    at createTrackingRecord [90m(C:\Users\Administrator\Documents\Lovenda\lovenda13123123 - copia\[39msrc\services\EmailTrackingService.js:59:27[90m)[39m
    at [90mC:\Users\Administrator\Documents\Lovenda\lovenda13123123 - copia\[39msrc\__tests__\EmailTrackingService.test.js:24:40
    at [90mfile:///C:/Users/Administrator/Documents/Lovenda/lovenda13123123%20-%20copia/[39mnode_modules/[4m@vitest[24m/runner/dist/chunk-hooks.js:155:11
    at [90mfile:///C:/Users/Administrator/Documents/Lovenda/lovenda13123123%20-%20copia/[39mnode_modules/[4m@vitest[24m/runner/dist/chunk-hooks.js:752:26
    at [90mfile:///C:/Users/Administrator/Documents/Lovenda/lovenda13123123%20-%20copia/[39mnode_modules/[4m@vitest[24m/runner/dist/chunk-hooks.js:1897:20
    at new Promise (&lt;anonymous&gt;) {
  code: [32m&apos;app/no-app&apos;[39m,
  customData: { appName: [32m&apos;[DEFAULT]&apos;[39m }
}

            </system-err>
            <failure message="trackingRecords.find is not a function" type="TypeError">
TypeError: trackingRecords.find is not a function
 ❯ createTrackingRecord src/services/EmailTrackingService.js:62:42
 ❯ src/__tests__/EmailTrackingService.test.js:24:40
            </failure>
        </testcase>
        <testcase classname="src/__tests__/EmailTrackingService.test.js" name="EmailTrackingService (mínimo) &gt; detecta registros que requieren seguimiento después de 3 días" time="0.0468669">
            <system-out>
[ERROR] Error al guardar datos

            </system-out>
            <system-err>
Error al guardar datos: FirebaseError: Firebase: No Firebase App &apos;[DEFAULT]&apos; has been created - call initializeApp() first (app/no-app).
    at getApp [90m(file:///C:/Users/Administrator/Documents/Lovenda/lovenda13123123%20-%20copia/[39mnode_modules/[4m@firebase[24m/app/dist/esm/index.esm2017.js:657:29[90m)[39m
    at getAuth [90m(file:///C:/Users/Administrator/Documents/Lovenda/lovenda13123123%20-%20copia/[39mnode_modules/[4mfirebase[24m/node_modules/[4m@firebase[24m/auth/dist/node-esm/totp-219bb96f.js:7088:24[90m)[39m
    at saveData [90m(C:\Users\Administrator\Documents\Lovenda\lovenda13123123 - copia\[39msrc\services\SyncService.js:35:27[90m)[39m
    at saveTrackingRecords [90m(C:\Users\Administrator\Documents\Lovenda\lovenda13123123 - copia\[39msrc\services\EmailTrackingService.js:54:11[90m)[39m
    at [90mC:\Users\Administrator\Documents\Lovenda\lovenda13123123 - copia\[39msrc\__tests__\EmailTrackingService.test.js:54:24
    at [90mfile:///C:/Users/Administrator/Documents/Lovenda/lovenda13123123%20-%20copia/[39mnode_modules/[4m@vitest[24m/runner/dist/chunk-hooks.js:155:11
    at [90mfile:///C:/Users/Administrator/Documents/Lovenda/lovenda13123123%20-%20copia/[39mnode_modules/[4m@vitest[24m/runner/dist/chunk-hooks.js:752:26
    at [90mfile:///C:/Users/Administrator/Documents/Lovenda/lovenda13123123%20-%20copia/[39mnode_modules/[4m@vitest[24m/runner/dist/chunk-hooks.js:1897:20
    at new Promise (&lt;anonymous&gt;)
    at runWithTimeout [90m(file:///C:/Users/Administrator/Documents/Lovenda/lovenda13123123%20-%20copia/[39mnode_modules/[4m@vitest[24m/runner/dist/chunk-hooks.js:1863:10[90m)[39m {
  code: [32m&apos;app/no-app&apos;[39m,
  customData: { appName: [32m&apos;[DEFAULT]&apos;[39m }
}
Error al cargar datos: FirebaseError: Firebase: No Firebase App &apos;[DEFAULT]&apos; has been created - call initializeApp() first (app/no-app).
    at getApp [90m(file:///C:/Users/Administrator/Documents/Lovenda/lovenda13123123%20-%20copia/[39mnode_modules/[4m@firebase[24m/app/dist/esm/index.esm2017.js:657:29[90m)[39m
    at getAuth [90m(file:///C:/Users/Administrator/Documents/Lovenda/lovenda13123123%20-%20copia/[39mnode_modules/[4mfirebase[24m/node_modules/[4m@firebase[24m/auth/dist/node-esm/totp-219bb96f.js:7088:24[90m)[39m
    at loadData [90m(C:\Users\Administrator\Documents\Lovenda\lovenda13123123 - copia\[39msrc\services\SyncService.js:125:27[90m)[39m
    at loadTrackingRecords [90m(C:\Users\Administrator\Documents\Lovenda\lovenda13123123 - copia\[39msrc\services\EmailTrackingService.js:49:18[90m)[39m
    at getTrackingNeedingFollowup [90m(C:\Users\Administrator\Documents\Lovenda\lovenda13123123 - copia\[39msrc\services\EmailTrackingService.js:203:27[90m)[39m
    at [90mC:\Users\Administrator\Documents\Lovenda\lovenda13123123 - copia\[39msrc\__tests__\EmailTrackingService.test.js:56:47
    at [90mfile:///C:/Users/Administrator/Documents/Lovenda/lovenda13123123%20-%20copia/[39mnode_modules/[4m@vitest[24m/runner/dist/chunk-hooks.js:155:11
    at [90mfile:///C:/Users/Administrator/Documents/Lovenda/lovenda13123123%20-%20copia/[39mnode_modules/[4m@vitest[24m/runner/dist/chunk-hooks.js:752:26
    at [90mfile:///C:/Users/Administrator/Documents/Lovenda/lovenda13123123%20-%20copia/[39mnode_modules/[4m@vitest[24m/runner/dist/chunk-hooks.js:1897:20
    at new Promise (&lt;anonymous&gt;) {
  code: [32m&apos;app/no-app&apos;[39m,
  customData: { appName: [32m&apos;[DEFAULT]&apos;[39m }
}

            </system-err>
            <failure message="trackingRecords.filter is not a function" type="TypeError">
TypeError: trackingRecords.filter is not a function
 ❯ getTrackingNeedingFollowup src/services/EmailTrackingService.js:207:26
 ❯ src/__tests__/EmailTrackingService.test.js:56:47
            </failure>
        </testcase>
        <testcase classname="src/__tests__/EmailTrackingService.test.js" name="EmailTrackingService (mínimo) &gt; actualiza el estado de seguimiento y persiste" time="0.005955">
            <system-err>
Error al cargar datos: FirebaseError: Firebase: No Firebase App &apos;[DEFAULT]&apos; has been created - call initializeApp() first (app/no-app).
    at getApp [90m(file:///C:/Users/Administrator/Documents/Lovenda/lovenda13123123%20-%20copia/[39mnode_modules/[4m@firebase[24m/app/dist/esm/index.esm2017.js:657:29[90m)[39m
    at getAuth [90m(file:///C:/Users/Administrator/Documents/Lovenda/lovenda13123123%20-%20copia/[39mnode_modules/[4mfirebase[24m/node_modules/[4m@firebase[24m/auth/dist/node-esm/totp-219bb96f.js:7088:24[90m)[39m
    at loadData [90m(C:\Users\Administrator\Documents\Lovenda\lovenda13123123 - copia\[39msrc\services\SyncService.js:125:27[90m)[39m
    at loadTrackingRecords [90m(C:\Users\Administrator\Documents\Lovenda\lovenda13123123 - copia\[39msrc\services\EmailTrackingService.js:49:18[90m)[39m
    at createTrackingRecord [90m(C:\Users\Administrator\Documents\Lovenda\lovenda13123123 - copia\[39msrc\services\EmailTrackingService.js:59:27[90m)[39m
    at [90mC:\Users\Administrator\Documents\Lovenda\lovenda13123123 - copia\[39msrc\__tests__\EmailTrackingService.test.js:65:40
    at [90mfile:///C:/Users/Administrator/Documents/Lovenda/lovenda13123123%20-%20copia/[39mnode_modules/[4m@vitest[24m/runner/dist/chunk-hooks.js:155:11
    at [90mfile:///C:/Users/Administrator/Documents/Lovenda/lovenda13123123%20-%20copia/[39mnode_modules/[4m@vitest[24m/runner/dist/chunk-hooks.js:752:26
    at [90mfile:///C:/Users/Administrator/Documents/Lovenda/lovenda13123123%20-%20copia/[39mnode_modules/[4m@vitest[24m/runner/dist/chunk-hooks.js:1897:20
    at new Promise (&lt;anonymous&gt;) {
  code: [32m&apos;app/no-app&apos;[39m,
  customData: { appName: [32m&apos;[DEFAULT]&apos;[39m }
}

            </system-err>
            <failure message="trackingRecords.find is not a function" type="TypeError">
TypeError: trackingRecords.find is not a function
 ❯ createTrackingRecord src/services/EmailTrackingService.js:62:42
 ❯ src/__tests__/EmailTrackingService.test.js:65:40
            </failure>
        </testcase>
    </testsuite>
    <testsuite name="src/__tests__/firestore.rules.collections.test.js" timestamp="2025-09-10T16:49:43.622Z" hostname="dani" tests="7" failures="0" errors="0" skipped="7" time="0">
        <testcase classname="src/__tests__/firestore.rules.collections.test.js" name="guests subcollection rules &gt; Owner can CREATE guest" time="0">
            <skipped/>
        </testcase>
        <testcase classname="src/__tests__/firestore.rules.collections.test.js" name="guests subcollection rules &gt; Assistant cannot WRITE guest" time="0">
            <skipped/>
        </testcase>
        <testcase classname="src/__tests__/firestore.rules.collections.test.js" name="guests subcollection rules &gt; Assistant CAN READ guest" time="0">
            <skipped/>
        </testcase>
        <testcase classname="src/__tests__/firestore.rules.collections.test.js" name="seatingPlan subcollection rules &gt; Planner can WRITE table" time="0">
            <skipped/>
        </testcase>
        <testcase classname="src/__tests__/firestore.rules.collections.test.js" name="seatingPlan subcollection rules &gt; Assistant cannot WRITE table" time="0">
            <skipped/>
        </testcase>
        <testcase classname="src/__tests__/firestore.rules.collections.test.js" name="suppliers subcollection rules &gt; Owner can WRITE supplier" time="0">
            <skipped/>
        </testcase>
        <testcase classname="src/__tests__/firestore.rules.collections.test.js" name="suppliers subcollection rules &gt; Unauthenticated cannot READ supplier" time="0">
            <skipped/>
        </testcase>
    </testsuite>
    <testsuite name="src/__tests__/firestore.rules.exhaustive.test.js" timestamp="2025-09-10T16:49:43.631Z" hostname="dani" tests="35" failures="0" errors="0" skipped="35" time="0">
        <testcase classname="src/__tests__/firestore.rules.exhaustive.test.js" name="tasks subcollection permissions &gt; Owner can WRITE" time="0">
            <skipped/>
        </testcase>
        <testcase classname="src/__tests__/firestore.rules.exhaustive.test.js" name="tasks subcollection permissions &gt; Planner can WRITE" time="0">
            <skipped/>
        </testcase>
        <testcase classname="src/__tests__/firestore.rules.exhaustive.test.js" name="tasks subcollection permissions &gt; Assistant CANNOT WRITE" time="0">
            <skipped/>
        </testcase>
        <testcase classname="src/__tests__/firestore.rules.exhaustive.test.js" name="tasks subcollection permissions &gt; Unauthenticated cannot READ" time="0">
            <skipped/>
        </testcase>
        <testcase classname="src/__tests__/firestore.rules.exhaustive.test.js" name="meetings subcollection permissions &gt; Owner can WRITE" time="0">
            <skipped/>
        </testcase>
        <testcase classname="src/__tests__/firestore.rules.exhaustive.test.js" name="meetings subcollection permissions &gt; Planner can WRITE" time="0">
            <skipped/>
        </testcase>
        <testcase classname="src/__tests__/firestore.rules.exhaustive.test.js" name="meetings subcollection permissions &gt; Assistant CANNOT WRITE" time="0">
            <skipped/>
        </testcase>
        <testcase classname="src/__tests__/firestore.rules.exhaustive.test.js" name="meetings subcollection permissions &gt; Unauthenticated cannot READ" time="0">
            <skipped/>
        </testcase>
        <testcase classname="src/__tests__/firestore.rules.exhaustive.test.js" name="guests subcollection permissions &gt; Owner can WRITE" time="0">
            <skipped/>
        </testcase>
        <testcase classname="src/__tests__/firestore.rules.exhaustive.test.js" name="guests subcollection permissions &gt; Planner can WRITE" time="0">
            <skipped/>
        </testcase>
        <testcase classname="src/__tests__/firestore.rules.exhaustive.test.js" name="guests subcollection permissions &gt; Assistant CANNOT WRITE" time="0">
            <skipped/>
        </testcase>
        <testcase classname="src/__tests__/firestore.rules.exhaustive.test.js" name="guests subcollection permissions &gt; Unauthenticated cannot READ" time="0">
            <skipped/>
        </testcase>
        <testcase classname="src/__tests__/firestore.rules.exhaustive.test.js" name="seatingPlan subcollection permissions &gt; Owner can WRITE" time="0">
            <skipped/>
        </testcase>
        <testcase classname="src/__tests__/firestore.rules.exhaustive.test.js" name="seatingPlan subcollection permissions &gt; Planner can WRITE" time="0">
            <skipped/>
        </testcase>
        <testcase classname="src/__tests__/firestore.rules.exhaustive.test.js" name="seatingPlan subcollection permissions &gt; Assistant CANNOT WRITE" time="0">
            <skipped/>
        </testcase>
        <testcase classname="src/__tests__/firestore.rules.exhaustive.test.js" name="seatingPlan subcollection permissions &gt; Unauthenticated cannot READ" time="0">
            <skipped/>
        </testcase>
        <testcase classname="src/__tests__/firestore.rules.exhaustive.test.js" name="suppliers subcollection permissions &gt; Owner can WRITE" time="0">
            <skipped/>
        </testcase>
        <testcase classname="src/__tests__/firestore.rules.exhaustive.test.js" name="suppliers subcollection permissions &gt; Planner can WRITE" time="0">
            <skipped/>
        </testcase>
        <testcase classname="src/__tests__/firestore.rules.exhaustive.test.js" name="suppliers subcollection permissions &gt; Assistant CANNOT WRITE" time="0">
            <skipped/>
        </testcase>
        <testcase classname="src/__tests__/firestore.rules.exhaustive.test.js" name="suppliers subcollection permissions &gt; Unauthenticated cannot READ" time="0">
            <skipped/>
        </testcase>
        <testcase classname="src/__tests__/firestore.rules.exhaustive.test.js" name="weddingInvitations subcollection permissions &gt; Owner can WRITE" time="0">
            <skipped/>
        </testcase>
        <testcase classname="src/__tests__/firestore.rules.exhaustive.test.js" name="weddingInvitations subcollection permissions &gt; Planner can WRITE" time="0">
            <skipped/>
        </testcase>
        <testcase classname="src/__tests__/firestore.rules.exhaustive.test.js" name="weddingInvitations subcollection permissions &gt; Assistant CANNOT WRITE" time="0">
            <skipped/>
        </testcase>
        <testcase classname="src/__tests__/firestore.rules.exhaustive.test.js" name="weddingInvitations subcollection permissions &gt; Unauthenticated cannot READ" time="0">
            <skipped/>
        </testcase>
        <testcase classname="src/__tests__/firestore.rules.exhaustive.test.js" name="tasksCompleted subcollection permissions &gt; Owner can WRITE" time="0">
            <skipped/>
        </testcase>
        <testcase classname="src/__tests__/firestore.rules.exhaustive.test.js" name="tasksCompleted subcollection permissions &gt; Planner can WRITE" time="0">
            <skipped/>
        </testcase>
        <testcase classname="src/__tests__/firestore.rules.exhaustive.test.js" name="tasksCompleted subcollection permissions &gt; Assistant CANNOT WRITE" time="0">
            <skipped/>
        </testcase>
        <testcase classname="src/__tests__/firestore.rules.exhaustive.test.js" name="tasksCompleted subcollection permissions &gt; Unauthenticated cannot READ" time="0">
            <skipped/>
        </testcase>
        <testcase classname="src/__tests__/firestore.rules.exhaustive.test.js" name="weddingInfo doc permissions &gt; Owner can UPDATE weddingInfo" time="0">
            <skipped/>
        </testcase>
        <testcase classname="src/__tests__/firestore.rules.exhaustive.test.js" name="weddingInfo doc permissions &gt; Assistant cannot UPDATE weddingInfo" time="0">
            <skipped/>
        </testcase>
        <testcase classname="src/__tests__/firestore.rules.exhaustive.test.js" name="users profile rules &gt; User can UPDATE own profile" time="0">
            <skipped/>
        </testcase>
        <testcase classname="src/__tests__/firestore.rules.exhaustive.test.js" name="users profile rules &gt; User cannot UPDATE others profile" time="0">
            <skipped/>
        </testcase>
        <testcase classname="src/__tests__/firestore.rules.exhaustive.test.js" name="users profile rules &gt; Unauthenticated cannot WRITE profile" time="0">
            <skipped/>
        </testcase>
        <testcase classname="src/__tests__/firestore.rules.exhaustive.test.js" name="wedding delete permissions &gt; Only owner or planner can DELETE wedding" time="0">
            <skipped/>
        </testcase>
        <testcase classname="src/__tests__/firestore.rules.exhaustive.test.js" name="wedding delete permissions &gt; Assistant cannot DELETE wedding" time="0">
            <skipped/>
        </testcase>
    </testsuite>
    <testsuite name="src/__tests__/firestore.rules.extended.test.js" timestamp="2025-09-10T16:49:43.667Z" hostname="dani" tests="13" failures="0" errors="0" skipped="13" time="0">
        <testcase classname="src/__tests__/firestore.rules.extended.test.js" name="Wedding document permissions &gt; Owner can CREATE new wedding" time="0">
            <skipped/>
        </testcase>
        <testcase classname="src/__tests__/firestore.rules.extended.test.js" name="Wedding document permissions &gt; Planner cannot CREATE new top-level wedding" time="0">
            <skipped/>
        </testcase>
        <testcase classname="src/__tests__/firestore.rules.extended.test.js" name="Wedding document permissions &gt; Owner can ADD planner to plannerIds" time="0">
            <skipped/>
        </testcase>
        <testcase classname="src/__tests__/firestore.rules.extended.test.js" name="Wedding document permissions &gt; Planner can add THEMSELVES to plannerIds (invitation accepted)" time="0">
            <skipped/>
        </testcase>
        <testcase classname="src/__tests__/firestore.rules.extended.test.js" name="Wedding document permissions &gt; Planner cannot modify other fields while adding themselves" time="0">
            <skipped/>
        </testcase>
        <testcase classname="src/__tests__/firestore.rules.extended.test.js" name="Wedding document permissions &gt; Assistant cannot WRITE wedding doc" time="0">
            <skipped/>
        </testcase>
        <testcase classname="src/__tests__/firestore.rules.extended.test.js" name="Wedding document permissions &gt; Owner can DELETE wedding" time="0">
            <skipped/>
        </testcase>
        <testcase classname="src/__tests__/firestore.rules.extended.test.js" name="Wedding document permissions &gt; External user cannot READ wedding with missing plannerIds array" time="0">
            <skipped/>
        </testcase>
        <testcase classname="src/__tests__/firestore.rules.extended.test.js" name="Wedding subcollection permissions &gt; Owner can CREATE task" time="0">
            <skipped/>
        </testcase>
        <testcase classname="src/__tests__/firestore.rules.extended.test.js" name="Wedding subcollection permissions &gt; Planner added later can WRITE tasks" time="0">
            <skipped/>
        </testcase>
        <testcase classname="src/__tests__/firestore.rules.extended.test.js" name="Wedding subcollection permissions &gt; Assistant cannot WRITE tasks" time="0">
            <skipped/>
        </testcase>
        <testcase classname="src/__tests__/firestore.rules.extended.test.js" name="weddingInvitations rules &gt; Any auth user can CREATE invitation" time="0">
            <skipped/>
        </testcase>
        <testcase classname="src/__tests__/firestore.rules.extended.test.js" name="weddingInvitations rules &gt; Unauthenticated cannot CREATE invitation" time="0">
            <skipped/>
        </testcase>
    </testsuite>
    <testsuite name="src/__tests__/firestore.rules.seating.test.js" timestamp="2025-09-10T16:49:43.680Z" hostname="dani" tests="5" failures="0" errors="0" skipped="5" time="0">
        <testcase classname="src/__tests__/firestore.rules.seating.test.js" name="Firestore rules - seatingPlan (banquet/ceremony) &gt; rechaza banquet con aisleMin &lt; 40" time="0">
            <skipped/>
        </testcase>
        <testcase classname="src/__tests__/firestore.rules.seating.test.js" name="Firestore rules - seatingPlan (banquet/ceremony) &gt; permite banquet válido con config anidado" time="0">
            <skipped/>
        </testcase>
        <testcase classname="src/__tests__/firestore.rules.seating.test.js" name="Firestore rules - seatingPlan (banquet/ceremony) &gt; permite banquet válido con config plano (compat)" time="0">
            <skipped/>
        </testcase>
        <testcase classname="src/__tests__/firestore.rules.seating.test.js" name="Firestore rules - seatingPlan (banquet/ceremony) &gt; rechaza ceremony con seats no-list" time="0">
            <skipped/>
        </testcase>
        <testcase classname="src/__tests__/firestore.rules.seating.test.js" name="Firestore rules - seatingPlan (banquet/ceremony) &gt; permite ceremony válido con seats list" time="0">
            <skipped/>
        </testcase>
    </testsuite>
    <testsuite name="src/__tests__/firestore.rules.test.js" timestamp="2025-09-10T16:49:43.685Z" hostname="dani" tests="9" failures="1" errors="0" skipped="8" time="0.0236773">
        <testcase classname="src/__tests__/firestore.rules.test.js" name="Reglas de Firestore - bodas &gt; Owner puede leer y escribir su boda" time="0">
            <skipped/>
        </testcase>
        <testcase classname="src/__tests__/firestore.rules.test.js" name="Reglas de Firestore - bodas &gt; Planner puede leer y escribir su boda" time="0">
            <skipped/>
        </testcase>
        <testcase classname="src/__tests__/firestore.rules.test.js" name="Reglas de Firestore - bodas &gt; Assistant puede leer pero no escribir" time="0">
            <skipped/>
        </testcase>
        <testcase classname="src/__tests__/firestore.rules.test.js" name="Reglas de Firestore - bodas &gt; Usuario externo no puede leer" time="0">
            <skipped/>
        </testcase>
        <testcase classname="src/__tests__/firestore.rules.test.js" name="Reglas de Firestore - bodas &gt; Planner puede leer y escribir subcolección tasks" time="0">
            <skipped/>
        </testcase>
        <testcase classname="src/__tests__/firestore.rules.test.js" name="Reglas de Firestore - bodas &gt; Assistant puede leer pero no escribir subcolección" time="0">
            <skipped/>
        </testcase>
        <testcase classname="src/__tests__/firestore.rules.test.js" name="Colecciones de diagnóstico &gt; _conexion_prueba lectura/escritura sin auth" time="0">
            <skipped/>
        </testcase>
        <testcase classname="src/__tests__/firestore.rules.test.js" name="Colecciones de diagnóstico &gt; _test_connection lectura/escritura sin auth" time="0">
            <skipped/>
        </testcase>
        <testcase classname="src/__tests__/firestore.rules.test.js" name="src/__tests__/firestore.rules.test.js" time="0.0236773">
            <failure message="The URL must be of scheme file" type="TypeError">
TypeError: The URL must be of scheme file
 ❯ src/__tests__/firestore.rules.test.js:12:17

⎯⎯⎯⎯⎯⎯⎯⎯⎯⎯⎯⎯⎯⎯⎯⎯⎯⎯⎯⎯⎯⎯⎯⎯⎯⎯⎯⎯⎯⎯⎯
Serialized Error: { code: &apos;ERR_INVALID_URL_SCHEME&apos; }
            </failure>
            <failure message="Cannot read properties of undefined (reading &apos;cleanup&apos;)" type="TypeError">
TypeError: Cannot read properties of undefined (reading &apos;cleanup&apos;)
 ❯ src/__tests__/firestore.rules.test.js:40:17
            </failure>
        </testcase>
    </testsuite>
    <testsuite name="src/__tests__/GamificationService.test.js" timestamp="2025-09-10T16:49:43.699Z" hostname="dani" tests="3" failures="0" errors="0" skipped="0" time="0.0307215">
        <testcase classname="src/__tests__/GamificationService.test.js" name="GamificationService &gt; awardPoints llama a /api/gamification/award" time="0.0111888">
        </testcase>
        <testcase classname="src/__tests__/GamificationService.test.js" name="GamificationService &gt; getStats consulta /api/gamification/stats con query" time="0.0108803">
        </testcase>
        <testcase classname="src/__tests__/GamificationService.test.js" name="GamificationService &gt; getAchievements consulta /api/gamification/achievements" time="0.0035752">
        </testcase>
    </testsuite>
    <testsuite name="src/__tests__/GuestItem.test.jsx" timestamp="2025-09-10T16:49:43.702Z" hostname="dani" tests="1" failures="0" errors="0" skipped="0" time="0.0809215">
        <testcase classname="src/__tests__/GuestItem.test.jsx" name="GuestItem &gt; renders guest name" time="0.0752476">
        </testcase>
    </testsuite>
    <testsuite name="src/__tests__/LegalDocsService.test.js" timestamp="2025-09-10T16:49:43.704Z" hostname="dani" tests="3" failures="0" errors="0" skipped="0" time="0.03334">
        <testcase classname="src/__tests__/LegalDocsService.test.js" name="LegalDocsService &gt; listTemplates devuelve plantillas" time="0.0136357">
        </testcase>
        <testcase classname="src/__tests__/LegalDocsService.test.js" name="LegalDocsService &gt; generateDocument devuelve documento y envía weddingId+payload" time="0.0071596">
        </testcase>
        <testcase classname="src/__tests__/LegalDocsService.test.js" name="LegalDocsService &gt; listDocuments usa query params weddingId y limit" time="0.0069972">
        </testcase>
    </testsuite>
    <testsuite name="src/__tests__/ProveedorBudgets.test.jsx" timestamp="2025-09-10T16:49:43.706Z" hostname="dani" tests="1" failures="0" errors="0" skipped="0" time="0.373341">
        <testcase classname="src/__tests__/ProveedorBudgets.test.jsx" name="&lt;ProveedorBudgets /&gt; &gt; renderiza los presupuestos y permite aceptar uno pendiente" time="0.3666369">
        </testcase>
    </testsuite>
    <testsuite name="src/__tests__/SeatingPlanRefactored.test.jsx" timestamp="2025-09-10T16:49:43.708Z" hostname="dani" tests="6" failures="1" errors="0" skipped="0" time="0.3897603">
        <testcase classname="src/__tests__/SeatingPlanRefactored.test.jsx" name="SeatingPlanRefactored Component &gt; should render all main components" time="0.1327877">
        </testcase>
        <testcase classname="src/__tests__/SeatingPlanRefactored.test.jsx" name="SeatingPlanRefactored Component &gt; should have proper layout structure" time="0.0197152">
        </testcase>
        <testcase classname="src/__tests__/SeatingPlanRefactored.test.jsx" name="SeatingPlanRefactored Component &gt; should render tabs and toolbar in header area" time="0.0067739">
        </testcase>
        <testcase classname="src/__tests__/SeatingPlanRefactored.test.jsx" name="SeatingPlanRefactored Component &gt; should render canvas and sidebar in main content area" time="0.0121165">
        </testcase>
        <testcase classname="src/__tests__/SeatingPlanRefactored.test.jsx" name="SeatingPlanRefactored Component &gt; should handle tab changes" time="0.1770438">
            <failure message="Cannot find module &apos;C:\Users\Administrator\Documents\Lovenda\lovenda13123123 - copia\src\firebaseConfig&apos; imported from C:\Users\Administrator\Documents\Lovenda\lovenda13123123 - copia\src\hooks\useSeatingPlan.js" type="Error">
Error: Cannot find module &apos;C:\Users\Administrator\Documents\Lovenda\lovenda13123123 - copia\src\firebaseConfig&apos; imported from C:\Users\Administrator\Documents\Lovenda\lovenda13123123 - copia\src\hooks\useSeatingPlan.js
⎯⎯⎯⎯⎯⎯⎯⎯⎯⎯⎯⎯⎯⎯⎯⎯⎯⎯⎯⎯⎯⎯⎯⎯⎯⎯⎯⎯⎯⎯⎯
Serialized Error: { code: &apos;ERR_MODULE_NOT_FOUND&apos;, url: &apos;file:///C:/Users/Administrator/Documents/Lovenda/lovenda13123123%20-%20copia/src/firebaseConfig&apos; }
            </failure>
        </testcase>
        <testcase classname="src/__tests__/SeatingPlanRefactored.test.jsx" name="SeatingPlanRefactored Component &gt; should integrate with all subcomponents correctly" time="0.0366765">
        </testcase>
    </testsuite>
    <testsuite name="src/__tests__/SignatureService.test.js" timestamp="2025-09-10T16:49:43.714Z" hostname="dani" tests="4" failures="0" errors="0" skipped="0" time="0.0339311">
        <testcase classname="src/__tests__/SignatureService.test.js" name="SignatureService &gt; createSignatureRequest hace POST a /api/signature/create" time="0.0096303">
        </testcase>
        <testcase classname="src/__tests__/SignatureService.test.js" name="SignatureService &gt; listSignatureRequests llama /api/signature/list con query" time="0.0090453">
        </testcase>
        <testcase classname="src/__tests__/SignatureService.test.js" name="SignatureService &gt; getSignatureStatus llama /api/signature/status/:id" time="0.0064036">
        </testcase>
        <testcase classname="src/__tests__/SignatureService.test.js" name="SignatureService &gt; updateSignatureStatus hace POST /api/signature/status/:id" time="0.0039615">
        </testcase>
    </testsuite>
    <testsuite name="src/__tests__/statusCycle.test.js" timestamp="2025-09-10T16:49:43.719Z" hostname="dani" tests="3" failures="0" errors="0" skipped="0" time="0.0231402">
        <testcase classname="src/__tests__/statusCycle.test.js" name="statusCycle utility &gt; cycles pending → confirmed" time="0.0167893">
        </testcase>
        <testcase classname="src/__tests__/statusCycle.test.js" name="statusCycle utility &gt; cycles confirmed → declined" time="0.0011865">
        </testcase>
        <testcase classname="src/__tests__/statusCycle.test.js" name="statusCycle utility &gt; cycles declined → pending" time="0.0006461">
        </testcase>
    </testsuite>
    <testsuite name="src/__tests__/useSeatingPlan.test.jsx" timestamp="2025-09-10T16:49:43.721Z" hostname="dani" tests="9" failures="3" errors="0" skipped="0" time="0.1896486">
        <testcase classname="src/__tests__/useSeatingPlan.test.jsx" name="useSeatingPlan Hook &gt; should initialize with default state" time="0.0725832">
        </testcase>
        <testcase classname="src/__tests__/useSeatingPlan.test.jsx" name="useSeatingPlan Hook &gt; should change tab correctly" time="0.0065995">
        </testcase>
        <testcase classname="src/__tests__/useSeatingPlan.test.jsx" name="useSeatingPlan Hook &gt; should handle table selection" time="0.01399">
        </testcase>
        <testcase classname="src/__tests__/useSeatingPlan.test.jsx" name="useSeatingPlan Hook &gt; should handle table dimension changes" time="0.0403338">
            <failure message="Cannot read properties of null (reading &apos;width&apos;)" type="TypeError">
TypeError: Cannot read properties of null (reading &apos;width&apos;)
 ❯ src/__tests__/useSeatingPlan.test.jsx:100:41
            </failure>
        </testcase>
        <testcase classname="src/__tests__/useSeatingPlan.test.jsx" name="useSeatingPlan Hook &gt; should toggle table shape" time="0.0131352">
            <failure message="Cannot read properties of null (reading &apos;shape&apos;)" type="TypeError">
TypeError: Cannot read properties of null (reading &apos;shape&apos;)
 ❯ src/__tests__/useSeatingPlan.test.jsx:117:41
            </failure>
        </testcase>
        <testcase classname="src/__tests__/useSeatingPlan.test.jsx" name="useSeatingPlan Hook &gt; should generate seat grid for ceremony" time="0.0052688">
        </testcase>
        <testcase classname="src/__tests__/useSeatingPlan.test.jsx" name="useSeatingPlan Hook &gt; should generate banquet layout" time="0.0062892">
        </testcase>
        <testcase classname="src/__tests__/useSeatingPlan.test.jsx" name="useSeatingPlan Hook &gt; should handle undo/redo functionality" time="0.0141496">
            <failure message="expected true to be false // Object.is equality" type="AssertionError">
AssertionError: expected true to be false // Object.is equality

- Expected
+ Received

- false
+ true

 ❯ src/__tests__/useSeatingPlan.test.jsx:180:36
            </failure>
        </testcase>
        <testcase classname="src/__tests__/useSeatingPlan.test.jsx" name="useSeatingPlan Hook &gt; should normalize IDs correctly" time="0.007059">
        </testcase>
    </testsuite>
    <testsuite name="src/__tests__/useSeatingPlan.undoRedo.test.jsx" timestamp="2025-09-10T16:49:43.732Z" hostname="dani" tests="3" failures="2" errors="0" skipped="0" time="0.1361231">
        <testcase classname="src/__tests__/useSeatingPlan.undoRedo.test.jsx" name="useSeatingPlan Hook – undo/redo &amp; export &gt; permite deshacer y rehacer cambios en el historial" time="0.0994743">
            <failure message="expected { tab: &apos;ceremony&apos;, …(6) } to match object { type: &apos;snapshot-1&apos; }
(9 matching properties omitted from actual)" type="AssertionError">
AssertionError: expected { tab: &apos;ceremony&apos;, …(6) } to match object { type: &apos;snapshot-1&apos; }
(9 matching properties omitted from actual)

- Expected
+ Received

  {
-   &quot;type&quot;: &quot;snapshot-1&quot;,
+   &quot;areasBanquet&quot;: [],
+   &quot;areasCeremony&quot;: [],
+   &quot;hallSize&quot;: {
+     &quot;height&quot;: 1200,
+     &quot;width&quot;: 1800,
+   },
+   &quot;seatsCeremony&quot;: [],
+   &quot;tab&quot;: &quot;ceremony&quot;,
+   &quot;tablesBanquet&quot;: [],
+   &quot;tablesCeremony&quot;: [],
  }

 ❯ src/__tests__/useSeatingPlan.undoRedo.test.jsx:64:18
            </failure>
        </testcase>
        <testcase classname="src/__tests__/useSeatingPlan.undoRedo.test.jsx" name="useSeatingPlan Hook – undo/redo &amp; export &gt; exportPNG invoca html2canvas y genera enlace" time="0.0072241">
        </testcase>
        <testcase classname="src/__tests__/useSeatingPlan.undoRedo.test.jsx" name="useSeatingPlan Hook – undo/redo &amp; export &gt; exportPDF invoca html2canvas y jspdf" time="0.0248249">
            <system-err>
Error exportando PDF: TypeError: Cannot read properties of undefined (reading &apos;pageSize&apos;)
    at Object.exportPDF [90m(C:\Users\Administrator\Documents\Lovenda\lovenda13123123 - copia\[39msrc\hooks\useSeatingPlan.js:824:38[90m)[39m
    at [90mC:\Users\Administrator\Documents\Lovenda\lovenda13123123 - copia\[39msrc\__tests__\useSeatingPlan.undoRedo.test.jsx:98:7

            </system-err>
            <failure message="expected &quot;spy&quot; to be called at least once" type="AssertionError">
AssertionError: expected &quot;spy&quot; to be called at least once
 ❯ src/__tests__/useSeatingPlan.undoRedo.test.jsx:102:38
            </failure>
        </testcase>
    </testsuite>
    <testsuite name="src/__tests__/useSupplierBudgets.test.jsx" timestamp="2025-09-10T16:49:43.737Z" hostname="dani" tests="1" failures="0" errors="0" skipped="0" time="0.1047382">
        <testcase classname="src/__tests__/useSupplierBudgets.test.jsx" name="useSupplierBudgets &gt; realiza llamada fetch al aceptar presupuesto" time="0.0998821">
        </testcase>
    </testsuite>
    <testsuite name="src/components/__tests__/Nav.test.jsx" timestamp="2025-09-10T16:49:43.739Z" hostname="dani" tests="6" failures="6" errors="0" skipped="0" time="0.2583734">
        <testcase classname="src/components/__tests__/Nav.test.jsx" name="Nav – visibilidad según rol &gt; muestra %p correctamente owner" time="0.1693245">
            <system-err>
Error: Uncaught [Error: useNavigate() may be used only in the context of a &lt;Router&gt; component.]
    at reportException (C:\Users\Administrator\Documents\Lovenda\lovenda13123123 - copia\node_modules\jsdom\lib\jsdom\living\helpers\runtime-script-errors.js:66:24)
    at innerInvokeEventListeners (C:\Users\Administrator\Documents\Lovenda\lovenda13123123 - copia\node_modules\jsdom\lib\jsdom\living\events\EventTarget-impl.js:353:9)
    at invokeEventListeners (C:\Users\Administrator\Documents\Lovenda\lovenda13123123 - copia\node_modules\jsdom\lib\jsdom\living\events\EventTarget-impl.js:286:3)
    at HTMLUnknownElementImpl._dispatch (C:\Users\Administrator\Documents\Lovenda\lovenda13123123 - copia\node_modules\jsdom\lib\jsdom\living\events\EventTarget-impl.js:233:9)
    at HTMLUnknownElementImpl.dispatchEvent (C:\Users\Administrator\Documents\Lovenda\lovenda13123123 - copia\node_modules\jsdom\lib\jsdom\living\events\EventTarget-impl.js:104:17)
    at HTMLUnknownElement.dispatchEvent (C:\Users\Administrator\Documents\Lovenda\lovenda13123123 - copia\node_modules\jsdom\lib\jsdom\living\generated\EventTarget.js:241:34)
    at Object.invokeGuardedCallbackDev (C:\Users\Administrator\Documents\Lovenda\lovenda13123123 - copia\node_modules\react-dom\cjs\react-dom.development.js:4213:16)
    at invokeGuardedCallback (C:\Users\Administrator\Documents\Lovenda\lovenda13123123 - copia\node_modules\react-dom\cjs\react-dom.development.js:4277:31)
    at beginWork$1 (C:\Users\Administrator\Documents\Lovenda\lovenda13123123 - copia\node_modules\react-dom\cjs\react-dom.development.js:27490:7)
[...]
            [36m&gt;[39m
              [0m📤 Enviados[0m
            [36m&lt;/button&gt;[39m
          [36m&lt;/div&gt;[39m
          [36m&lt;div[39m
            [33mclass[39m=[32m&quot;flex-1&quot;[39m
          [36m&gt;[39m
            [36m&lt;input[39m
              [33mclass[39m=[32m&quot;w-full px-4 py-2 border border-gray-300 rounded-lg focus:ring-2 focus:ring-blue-500 focus:border-transparent&quot;[39m
              [33mplaceholder[39m=[32m&quot;🔍 Buscar emails...&quot;[39m
              [33mtype[39m=[32m&quot;text&quot;[39m
              [33mvalue[39m=[32m&quot;&quot;[39m
            [36m/&gt;[39m
          [36m&lt;/div&gt;[39m
          [36m&lt;button[39m
            [33mclass[39m=[32m&quot;px-4 py-2 rounded-lg transition-colors bg-gray-300 text-gray-500 cursor-not-allowed&quot;[39m
            [33mdisabled[39m=[32m&quot;&quot;[39m
          [36m&gt;[39m
            [0m🗑️ Eliminar ([0m
            [0m0[0m
            [0m)[0m
          [36m&lt;/button&gt;[39m
        [36m&lt;/div&gt;[39m
        [36m&lt;div[39m
          [33mclass[39m=[32m&quot;flex items-center justify-center h-32&quot;[39m
        [36m&gt;[39m
          [36m&lt;div[39m
            [33mclass[39m=[32m&quot;text-center&quot;[39m
          [36m&gt;[39m
            [36m&lt;div[39m
              [33mclass[39m=[32m&quot;animate-spin rounded-full h-8 w-8 border-b-2 border-blue-600 mx-auto mb-2&quot;[39m
            [36m/&gt;[39m
            [36m&lt;p[39m
              [33mclass[39m=[32m&quot;text-gray-600&quot;[39m
            [36m&gt;[39m
              [0mCargando emails...[0m
            [36m&lt;/p&gt;[39m
          [36m&lt;/div&gt;[39m
        [36m&lt;/div&gt;[39m
      [36m&lt;/div&gt;[39m
    [36m&lt;/div&gt;[39m
  [36m&lt;/body&gt;[39m
[36m&lt;/html&gt;[39m" type="Error">
Error: expect(element).not.toBeInTheDocument()

expected document not to contain element, found &lt;p
  class=&quot;text-gray-600&quot;
&gt;
  Cargando emails...
&lt;/p&gt; instead

Ignored nodes: comments, script, style
&lt;html&gt;
  &lt;head /&gt;
  &lt;body&gt;
    &lt;div&gt;
      &lt;div
        class=&quot;space-y-4&quot;
      &gt;
        &lt;h2
          class=&quot;sr-only&quot;
        &gt;
          Bandeja de entrada
        &lt;/h2&gt;
        &lt;div
          class=&quot;flex flex-col sm:flex-row gap-4&quot;
        &gt;
          &lt;div
            class=&quot;flex bg-gray-100 rounded-lg p-1&quot;
          &gt;
            &lt;button
              class=&quot;px-4 py-2 rounded-md transition-colors bg-white text-blue-600 shadow-sm&quot;
            &gt;
              📥 Recibidos
            &lt;/button&gt;
            &lt;button
              class=&quot;px-4 py-2 rounded-md transition-colors text-gray-600 hover:text-gray-800&quot;
            &gt;
              📤 Enviados
            &lt;/button&gt;
          &lt;/div&gt;
          &lt;div
            class=&quot;flex-1&quot;
          &gt;
            &lt;input
              class=&quot;w-full px-4 py-2 border border-gray-300 rounded-lg focus:ring-2 focus:ring-blue-500 focus:border-transparent&quot;
              placeholder=&quot;🔍 Buscar emails...&quot;
              type=&quot;text&quot;
              value=&quot;&quot;
            /&gt;
          &lt;/div&gt;
          &lt;button
            class=&quot;px-4 py-2 rounded-lg transition-colors bg-gray-300 text-gray-500 cursor-not-allowed&quot;
            disabled=&quot;&quot;
          &gt;
            🗑️ Eliminar (
            0
            )
          &lt;/button&gt;
        &lt;/div&gt;
        &lt;div
          class=&quot;flex items-center justify-center h-32&quot;
        &gt;
          &lt;div
            class=&quot;text-center&quot;
          &gt;
            &lt;div
              class=&quot;animate-spin rounded-full h-8 w-8 border-b-2 border-blue-600 mx-auto mb-2&quot;
            /&gt;
            &lt;p
              class=&quot;text-gray-600&quot;
            &gt;
              Cargando emails...
            &lt;/p&gt;
          &lt;/div&gt;
        &lt;/div&gt;
      &lt;/div&gt;
    &lt;/div&gt;
  &lt;/body&gt;
&lt;/html&gt;
 ❯ src/test/components/email/EmailInbox.test.jsx:181:51
 ❯ runWithExpensiveErrorDiagnosticsDisabled node_modules/@testing-library/dom/dist/config.js:47:12
 ❯ checkCallback node_modules/@testing-library/dom/dist/wait-for.js:124:77
 ❯ Timeout.checkRealTimersCallback node_modules/@testing-library/dom/dist/wait-for.js:118:16
            </failure>
        </testcase>
        <testcase classname="src/test/components/email/EmailInbox.test.jsx" name="EmailInbox Component &gt; cambia el orden de los emails al hacer clic en las cabeceras de columna" time="1.024257">
            <failure message="[2mexpect([22m[31melement[39m[2m).not.toBeInTheDocument()[22m

[31mexpected document not to contain element, found &lt;p
  class=&quot;text-gray-600&quot;
&gt;
  Cargando emails...
&lt;/p&gt; instead[39m

Ignored nodes: comments, script, style
[36m&lt;html&gt;[39m
  [36m&lt;head /&gt;[39m
  [36m&lt;body&gt;[39m
    [36m&lt;div&gt;[39m
      [36m&lt;div[39m
        [33mclass[39m=[32m&quot;space-y-4&quot;[39m
      [36m&gt;[39m
        [36m&lt;h2[39m
          [33mclass[39m=[32m&quot;sr-only&quot;[39m
        [36m&gt;[39m
          [0mBandeja de entrada[0m
        [36m&lt;/h2&gt;[39m
        [36m&lt;div[39m
          [33mclass[39m=[32m&quot;flex flex-col sm:flex-row gap-4&quot;[39m
        [36m&gt;[39m
          [36m&lt;div[39m
            [33mclass[39m=[32m&quot;flex bg-gray-100 rounded-lg p-1&quot;[39m
          [36m&gt;[39m
            [36m&lt;button[39m
              [33mclass[39m=[32m&quot;px-4 py-2 rounded-md transition-colors bg-white text-blue-600 shadow-sm&quot;[39m
            [36m&gt;[39m
              [0m📥 Recibidos[0m
            [36m&lt;/button&gt;[39m
            [36m&lt;button[39m
              [33mclass[39m=[32m&quot;px-4 py-2 rounded-md transition-colors text-gray-600 hover:text-gray-800&quot;[39m
            [36m&gt;[39m
              [0m📤 Enviados[0m
            [36m&lt;/button&gt;[39m
          [36m&lt;/div&gt;[39m
          [36m&lt;div[39m
            [33mclass[39m=[32m&quot;flex-1&quot;[39m
          [36m&gt;[39m
            [36m&lt;input[39m
              [33mclass[39m=[32m&quot;w-full px-4 py-2 border border-gray-300 rounded-lg focus:ring-2 focus:ring-blue-500 focus:border-transparent&quot;[39m
              [33mplaceholder[39m=[32m&quot;🔍 Buscar emails...&quot;[39m
              [33mtype[39m=[32m&quot;text&quot;[39m
              [33mvalue[39m=[32m&quot;&quot;[39m
            [36m/&gt;[39m
          [36m&lt;/div&gt;[39m
          [36m&lt;button[39m
            [33mclass[39m=[32m&quot;px-4 py-2 rounded-lg transition-colors bg-gray-300 text-gray-500 cursor-not-allowed&quot;[39m
            [33mdisabled[39m=[32m&quot;&quot;[39m
          [36m&gt;[39m
            [0m🗑️ Eliminar ([0m
            [0m0[0m
            [0m)[0m
          [36m&lt;/button&gt;[39m
        [36m&lt;/div&gt;[39m
        [36m&lt;div[39m
          [33mclass[39m=[32m&quot;flex items-center justify-center h-32&quot;[39m
        [36m&gt;[39m
          [36m&lt;div[39m
            [33mclass[39m=[32m&quot;text-center&quot;[39m
          [36m&gt;[39m
            [36m&lt;div[39m
              [33mclass[39m=[32m&quot;animate-spin rounded-full h-8 w-8 border-b-2 border-blue-600 mx-auto mb-2&quot;[39m
            [36m/&gt;[39m
            [36m&lt;p[39m
              [33mclass[39m=[32m&quot;text-gray-600&quot;[39m
            [36m&gt;[39m
              [0mCargando emails...[0m
            [36m&lt;/p&gt;[39m
          [36m&lt;/div&gt;[39m
        [36m&lt;/div&gt;[39m
      [36m&lt;/div&gt;[39m
    [36m&lt;/div&gt;[39m
  [36m&lt;/body&gt;[39m
[36m&lt;/html&gt;[39m" type="Error">
Error: expect(element).not.toBeInTheDocument()

expected document not to contain element, found &lt;p
  class=&quot;text-gray-600&quot;
&gt;
  Cargando emails...
&lt;/p&gt; instead

Ignored nodes: comments, script, style
&lt;html&gt;
  &lt;head /&gt;
  &lt;body&gt;
    &lt;div&gt;
      &lt;div
        class=&quot;space-y-4&quot;
      &gt;
        &lt;h2
          class=&quot;sr-only&quot;
        &gt;
          Bandeja de entrada
        &lt;/h2&gt;
        &lt;div
          class=&quot;flex flex-col sm:flex-row gap-4&quot;
        &gt;
          &lt;div
            class=&quot;flex bg-gray-100 rounded-lg p-1&quot;
          &gt;
            &lt;button
              class=&quot;px-4 py-2 rounded-md transition-colors bg-white text-blue-600 shadow-sm&quot;
            &gt;
              📥 Recibidos
            &lt;/button&gt;
            &lt;button
              class=&quot;px-4 py-2 rounded-md transition-colors text-gray-600 hover:text-gray-800&quot;
            &gt;
              📤 Enviados
            &lt;/button&gt;
          &lt;/div&gt;
          &lt;div
            class=&quot;flex-1&quot;
          &gt;
            &lt;input
              class=&quot;w-full px-4 py-2 border border-gray-300 rounded-lg focus:ring-2 focus:ring-blue-500 focus:border-transparent&quot;
              placeholder=&quot;🔍 Buscar emails...&quot;
              type=&quot;text&quot;
              value=&quot;&quot;
            /&gt;
          &lt;/div&gt;
          &lt;button
            class=&quot;px-4 py-2 rounded-lg transition-colors bg-gray-300 text-gray-500 cursor-not-allowed&quot;
            disabled=&quot;&quot;
          &gt;
            🗑️ Eliminar (
            0
            )
          &lt;/button&gt;
        &lt;/div&gt;
        &lt;div
          class=&quot;flex items-center justify-center h-32&quot;
        &gt;
          &lt;div
            class=&quot;text-center&quot;
          &gt;
            &lt;div
              class=&quot;animate-spin rounded-full h-8 w-8 border-b-2 border-blue-600 mx-auto mb-2&quot;
            /&gt;
            &lt;p
              class=&quot;text-gray-600&quot;
            &gt;
              Cargando emails...
            &lt;/p&gt;
          &lt;/div&gt;
        &lt;/div&gt;
      &lt;/div&gt;
    &lt;/div&gt;
  &lt;/body&gt;
&lt;/html&gt;
 ❯ src/test/components/email/EmailInbox.test.jsx:200:51
 ❯ runWithExpensiveErrorDiagnosticsDisabled node_modules/@testing-library/dom/dist/config.js:47:12
 ❯ checkCallback node_modules/@testing-library/dom/dist/wait-for.js:124:77
 ❯ Timeout.checkRealTimersCallback node_modules/@testing-library/dom/dist/wait-for.js:118:16
            </failure>
        </testcase>
        <testcase classname="src/test/components/email/EmailInbox.test.jsx" name="EmailInbox Component &gt; muestra los detalles de un email al hacer clic en él" time="1.0199627">
            <failure message="[2mexpect([22m[31melement[39m[2m).not.toBeInTheDocument()[22m

[31mexpected document not to contain element, found &lt;p
  class=&quot;text-gray-600&quot;
&gt;
  Cargando emails...
&lt;/p&gt; instead[39m

Ignored nodes: comments, script, style
[36m&lt;html&gt;[39m
  [36m&lt;head /&gt;[39m
  [36m&lt;body&gt;[39m
    [36m&lt;div&gt;[39m
      [36m&lt;div[39m
        [33mclass[39m=[32m&quot;space-y-4&quot;[39m
      [36m&gt;[39m
        [36m&lt;h2[39m
          [33mclass[39m=[32m&quot;sr-only&quot;[39m
        [36m&gt;[39m
          [0mBandeja de entrada[0m
        [36m&lt;/h2&gt;[39m
        [36m&lt;div[39m
          [33mclass[39m=[32m&quot;flex flex-col sm:flex-row gap-4&quot;[39m
        [36m&gt;[39m
          [36m&lt;div[39m
            [33mclass[39m=[32m&quot;flex bg-gray-100 rounded-lg p-1&quot;[39m
          [36m&gt;[39m
            [36m&lt;button[39m
              [33mclass[39m=[32m&quot;px-4 py-2 rounded-md transition-colors bg-white text-blue-600 shadow-sm&quot;[39m
            [36m&gt;[39m
              [0m📥 Recibidos[0m
            [36m&lt;/button&gt;[39m
            [36m&lt;button[39m
              [33mclass[39m=[32m&quot;px-4 py-2 rounded-md transition-colors text-gray-600 hover:text-gray-800&quot;[39m
            [36m&gt;[39m
              [0m📤 Enviados[0m
            [36m&lt;/button&gt;[39m
          [36m&lt;/div&gt;[39m
          [36m&lt;div[39m
            [33mclass[39m=[32m&quot;flex-1&quot;[39m
          [36m&gt;[39m
            [36m&lt;input[39m
              [33mclass[39m=[32m&quot;w-full px-4 py-2 border border-gray-300 rounded-lg focus:ring-2 focus:ring-blue-500 focus:border-transparent&quot;[39m
              [33mplaceholder[39m=[32m&quot;🔍 Buscar emails...&quot;[39m
              [33mtype[39m=[32m&quot;text&quot;[39m
              [33mvalue[39m=[32m&quot;&quot;[39m
            [36m/&gt;[39m
          [36m&lt;/div&gt;[39m
          [36m&lt;button[39m
            [33mclass[39m=[32m&quot;px-4 py-2 rounded-lg transition-colors bg-gray-300 text-gray-500 cursor-not-allowed&quot;[39m
            [33mdisabled[39m=[32m&quot;&quot;[39m
          [36m&gt;[39m
            [0m🗑️ Eliminar ([0m
            [0m0[0m
            [0m)[0m
          [36m&lt;/button&gt;[39m
        [36m&lt;/div&gt;[39m
        [36m&lt;div[39m
          [33mclass[39m=[32m&quot;flex items-center justify-center h-32&quot;[39m
        [36m&gt;[39m
          [36m&lt;div[39m
            [33mclass[39m=[32m&quot;text-center&quot;[39m
          [36m&gt;[39m
            [36m&lt;div[39m
              [33mclass[39m=[32m&quot;animate-spin rounded-full h-8 w-8 border-b-2 border-blue-600 mx-auto mb-2&quot;[39m
            [36m/&gt;[39m
            [36m&lt;p[39m
              [33mclass[39m=[32m&quot;text-gray-600&quot;[39m
            [36m&gt;[39m
              [0mCargando emails...[0m
            [36m&lt;/p&gt;[39m
          [36m&lt;/div&gt;[39m
        [36m&lt;/div&gt;[39m
      [36m&lt;/div&gt;[39m
    [36m&lt;/div&gt;[39m
  [36m&lt;/body&gt;[39m
[36m&lt;/html&gt;[39m" type="Error">
Error: expect(element).not.toBeInTheDocument()

expected document not to contain element, found &lt;p
  class=&quot;text-gray-600&quot;
&gt;
  Cargando emails...
&lt;/p&gt; instead

Ignored nodes: comments, script, style
&lt;html&gt;
  &lt;head /&gt;
  &lt;body&gt;
    &lt;div&gt;
      &lt;div
        class=&quot;space-y-4&quot;
      &gt;
        &lt;h2
          class=&quot;sr-only&quot;
        &gt;
          Bandeja de entrada
        &lt;/h2&gt;
        &lt;div
          class=&quot;flex flex-col sm:flex-row gap-4&quot;
        &gt;
          &lt;div
            class=&quot;flex bg-gray-100 rounded-lg p-1&quot;
          &gt;
            &lt;button
              class=&quot;px-4 py-2 rounded-md transition-colors bg-white text-blue-600 shadow-sm&quot;
            &gt;
              📥 Recibidos
            &lt;/button&gt;
            &lt;button
              class=&quot;px-4 py-2 rounded-md transition-colors text-gray-600 hover:text-gray-800&quot;
            &gt;
              📤 Enviados
            &lt;/button&gt;
          &lt;/div&gt;
          &lt;div
            class=&quot;flex-1&quot;
          &gt;
            &lt;input
              class=&quot;w-full px-4 py-2 border border-gray-300 rounded-lg focus:ring-2 focus:ring-blue-500 focus:border-transparent&quot;
              placeholder=&quot;🔍 Buscar emails...&quot;
              type=&quot;text&quot;
              value=&quot;&quot;
            /&gt;
          &lt;/div&gt;
          &lt;button
            class=&quot;px-4 py-2 rounded-lg transition-colors bg-gray-300 text-gray-500 cursor-not-allowed&quot;
            disabled=&quot;&quot;
          &gt;
            🗑️ Eliminar (
            0
            )
          &lt;/button&gt;
        &lt;/div&gt;
        &lt;div
          class=&quot;flex items-center justify-center h-32&quot;
        &gt;
          &lt;div
            class=&quot;text-center&quot;
          &gt;
            &lt;div
              class=&quot;animate-spin rounded-full h-8 w-8 border-b-2 border-blue-600 mx-auto mb-2&quot;
            /&gt;
            &lt;p
              class=&quot;text-gray-600&quot;
            &gt;
              Cargando emails...
            &lt;/p&gt;
          &lt;/div&gt;
        &lt;/div&gt;
      &lt;/div&gt;
    &lt;/div&gt;
  &lt;/body&gt;
&lt;/html&gt;
 ❯ src/test/components/email/EmailInbox.test.jsx:224:51
 ❯ runWithExpensiveErrorDiagnosticsDisabled node_modules/@testing-library/dom/dist/config.js:47:12
 ❯ checkCallback node_modules/@testing-library/dom/dist/wait-for.js:124:77
 ❯ Timeout.checkRealTimersCallback node_modules/@testing-library/dom/dist/wait-for.js:118:16
            </failure>
        </testcase>
        <testcase classname="src/test/components/email/EmailInbox.test.jsx" name="EmailInbox Component &gt; muestra mensaje de error cuando falla la carga de emails" time="0">
            <skipped/>
        </testcase>
    </testsuite>
    <testsuite name="src/test/components/email/FolderSelectionModal.test.jsx" timestamp="2025-09-10T16:49:44.354Z" hostname="dani" tests="8" failures="0" errors="0" skipped="0" time="0.979344">
        <testcase classname="src/test/components/email/FolderSelectionModal.test.jsx" name="FolderSelectionModal Component &gt; no renderiza nada cuando isOpen es falso" time="0.0556196">
        </testcase>
        <testcase classname="src/test/components/email/FolderSelectionModal.test.jsx" name="FolderSelectionModal Component &gt; renderiza correctamente cuando isOpen es verdadero" time="0.1280204">
        </testcase>
        <testcase classname="src/test/components/email/FolderSelectionModal.test.jsx" name="FolderSelectionModal Component &gt; filtra correctamente las carpetas según el término de búsqueda" time="0.5465756">
        </testcase>
        <testcase classname="src/test/components/email/FolderSelectionModal.test.jsx" name="FolderSelectionModal Component &gt; permite navegación por teclado entre las carpetas" time="0.1020752">
        </testcase>
        <testcase classname="src/test/components/email/FolderSelectionModal.test.jsx" name="FolderSelectionModal Component &gt; cierra el modal cuando se hace clic en el botón de cerrar" time="0.0709673">
        </testcase>
        <testcase classname="src/test/components/email/FolderSelectionModal.test.jsx" name="FolderSelectionModal Component &gt; llama a onSelectFolder con el ID correcto al seleccionar una carpeta" time="0.0211539">
        </testcase>
        <testcase classname="src/test/components/email/FolderSelectionModal.test.jsx" name="FolderSelectionModal Component &gt; tiene los atributos ARIA apropiados para accesibilidad" time="0.0376012">
        </testcase>
        <testcase classname="src/test/components/email/FolderSelectionModal.test.jsx" name="FolderSelectionModal Component &gt; muestra un mensaje apropiado cuando no hay carpetas disponibles" time="0.0110421">
        </testcase>
    </testsuite>
    <testsuite name="src/test/components/proveedores/ai/AIEmailModal.test.jsx" timestamp="2025-09-10T16:49:44.360Z" hostname="dani" tests="6" failures="0" errors="0" skipped="0" time="0.3133634">
        <testcase classname="src/test/components/proveedores/ai/AIEmailModal.test.jsx" name="AIEmailModal &gt; no renderiza nada cuando isOpen es false" time="0.0336058">
        </testcase>
        <testcase classname="src/test/components/proveedores/ai/AIEmailModal.test.jsx" name="AIEmailModal &gt; muestra la información del proveedor y los campos precargados" time="0.114837">
        </testcase>
        <testcase classname="src/test/components/proveedores/ai/AIEmailModal.test.jsx" name="AIEmailModal &gt; permite editar el asunto y cuerpo del email" time="0.0528494">
        </testcase>
        <testcase classname="src/test/components/proveedores/ai/AIEmailModal.test.jsx" name="AIEmailModal &gt; cierra el modal al pulsar el botón de cerrar" time="0.0170232">
        </testcase>
        <testcase classname="src/test/components/proveedores/ai/AIEmailModal.test.jsx" name="AIEmailModal &gt; envía el email y muestra alerta de éxito" time="0.0630093">
        </testcase>
        <testcase classname="src/test/components/proveedores/ai/AIEmailModal.test.jsx" name="AIEmailModal &gt; muestra alerta de error si hook reporta error" time="0.0263256">
        </testcase>
    </testsuite>
</testsuites>
